<!DOCTYPE html>
<html>
  <head>
        <title>VC API Verifier Interoperability Report 1.0</title>
        <meta http-equiv='Content-Type' content='text/html;charset=utf-8'/>
        <!--
          === NOTA BENE ===
          For the three scripts below, if your spec resides on dev.w3 you can check them
          out in the same tree and use relative links so that they'll work offline,
         -->
       <script src="https://www.w3.org/Tools/respec/respec-w3c" class="remove" defer></script>
        <script type="text/javascript" class="remove">
          // set this in the config section
          var respecConfig = {
      "specStatus": "unofficial",
      "shortName": "vc-api-verifier-test-suite",
      "subtitle": "Test Interoperability Report for Verifiable Credentials API Verifier",
      "github": "https://github.com/w3c-ccg/vc-api-verifier-test-suite",
      "edDraftURI": "https://w3c-ccg.github.io/vc-api-verifier-test-suite/",
      "doJsonLd": true,
      "includePermalinks": false,
      "editors": [
        {
          "name": "Tashi D. Gyeltshen",
          "url": "https://github.com/JSAssassin",
          "company": "Digital Bazaar",
          "companyURL": "http://digitalbazaar.com/"
        }
      ],
      "authors": [
        {
          "name": "Tashi D. Gyeltshen",
          "url": "https://github.com/JSAssassin",
          "company": "Digital Bazaar",
          "companyURL": "http://digitalbazaar.com/"
        },
        {
          "name": "Manu Sporny",
          "url": "http://manu.sporny.org/",
          "company": "Digital Bazaar",
          "companyURL": "http://digitalbazaar.com/"
        }
      ]
    };
        </script>
        <style>
    .passed {
      font-weight: bold;
      background-color: lightgreen;
    }
    .failed {
      font-weight: bold;
      background-color: pink;
    }
    .pending {
      font-weight: bold;
      background-color: #cdeaed;
    }
    .unimplemented, .notImplemented {
      font-weight: bold;
      background-color: lightyellow;
    }
    .flex-center {
      display: flex;
      align-items: center;
      justify-content: center;
      width: fit-content;
    }
    .at-risk {
      outline: thin #c45e0a solid;
    }
    
        </style>
  </head>
  <body>
    <!-- these are not in <head> in order to override Respec injected styles -->
    <style>
      .hide {
        display: none;
      }
      details.hide {
        display: none;
      }
      .err {
        position: absolute;
        z-index: 1;
        white-space: nowrap;
        background: white;
        border: 1px solid darkgray;
        text-align: left;
        padding: .1em .5em;
        box-shadow: 0 0 5px darkgray;
        min-width: 25em;
      }
      span.err,
      details.err summary {
        color: indianred;
      }
      .no-space-around {
        margin: 0;
        padding: 0;
      }
      pre {
        width: 75%;
        white-space: pre-line;
        word-break: break-all;
        margin: 0;
        padding: 0;
        background: white;
      }
      code > span.hljs-attr {
        margin-left: 1rem;
      }
      .no-wrap {
        white-space: nowrap;
      }
      td.optional {
        background-color: #b9b7b7;
      }
      .text-right {
        text-align: right;
      }
      .text-left {
        text-align: left;
      }
      .text-center, th.text-center {
        text-align: center;
      }
      .qr-code {
        margin-left: 25px;
      }
      .row {
        display: flex;
        justify-content: space-between;
        align-items: center;
      }
      .small-font {
        font-size: 0.75rem;
      }
      .highlight-on-hover:hover {
        background-color: yellow;
        cursor: default;
      }
      .highlight-on-hover:hover + .relative-pos > .err {
        display: block;
      }
      pre, code.hljs {
        overflow: auto;
      }
      .relative-pos {
        position: relative;
        width: 0.5rem;
        height: 0.5rem;
        z-index: 1;
      }
      .relative-pos:hover > .err {
        display: block;
      }
    </style>
    <section id="abstract">
      <p>
      This test suite demonstrates the interoperability of verifiers using the VC
      HTTP API.
      </p>
    </section>
    <section id="sotd">
    </section>
    
    <section class="informative" id="conformance-testing-results">
      <h2> Conformance Testing Results </h2>
      <p>
        These tests were run on <time>5 January 2025 at 5:11 am UTC</time>
      </p>
      <section class="informative" id="Key">
        <h3>Key</h3>
        <table>
          <tr>
            <td class="pending not-optional highlight-on-hover text-center">
              <div class="highlight-on-hover">üö´</div>
            </td>
            <td>Pending</td>
          </tr>
          <tr>
            <td class="passed not-optional highlight-on-hover text-center">
              <div class="highlight-on-hover">‚úì</div>
            </td>
            <td>Passed</td>
          </tr>
          <tr>
            <td class="failed not-optional highlight-on-hover text-center">
              <div class="highlight-on-hover">‚ùå</div>
            </td>
            <td>Failed</td>
          </tr>
          <tr>
            <td class="accessDenied not-optional highlight-on-hover text-center">
              <div class="highlight-on-hover">‚äò</div>
            </td>
            <td>Access Denied</td>
          </tr>
          <tr>
            <td class="timeout not-optional highlight-on-hover text-center">
              <div class="highlight-on-hover">‚è±</div>
            </td>
            <td>Timeout</td>
          </tr>
          <tr>
            <td class="notImplemented not-optional highlight-on-hover text-center">
              <div class="highlight-on-hover">‚Äî</div>
            </td>
            <td>Not Implemented</td>
          </tr>
        </table>
      </section>
    
      <p>
      The results of the tests are shown below:
      </p>
    </section>
    <section id="conformance">
      <!--- This will take the tests and display them as matrices -->
        <section class="informative" id="Verify Credential - Data Integrity">
          <h2>Verify Credential - Data Integrity</h2>
          <div class="row">
            <table class="simple">
              <thead>
                <th width="20%">
                  <div class="text-right small-font">
                  Verifier &#8658;
                  </div>
                  <div class="text-left small-font">
                  <span>&#8659;</span><span>Test Name</span>
                  </div>
                </th>
                    <th class="no-wrap small-font text-center">ACA-py</th>
                    <th class="no-wrap small-font text-center">apicatalog.com</th>
                    <th class="no-wrap small-font text-center">Danube Tech</th>
                    <th class="no-wrap small-font text-center">Digital Bazaar</th>
                    <th class="no-wrap small-font text-center">Digital Credentials Consortium</th>
                    <th class="no-wrap small-font text-center">EWF</th>
                    <th class="no-wrap small-font text-center">Gen Digital</th>
                    <th class="no-wrap small-font text-center">LearnCard</th>
                    <th class="no-wrap small-font text-center">Mavennet</th>
                    <th class="no-wrap small-font text-center">Procivis One Core</th>
                    <th class="no-wrap small-font text-center">SecureKey</th>
                    <th class="no-wrap small-font text-center">SpruceID</th>
                    <th class="no-wrap small-font text-center">Trential</th>
                    <th class="no-wrap small-font text-center">Trinsic</th>
                </thead>
              <tbody>
              <tr class="confirmed">
                <!--This is the name of the test-->
                <td class="subtest">
                    MUST verify a valid VC.
                </td>
                <!--These contain if the test passed, failed, or was skipped-->
                  <td class="failed not-optional highlight-on-hover text-center">
                    <div class= "highlight-on-hover">‚ùå</div>
                    <div class="relative-pos">
                      <details class="err hide">
                        <summary>expected HTTPError: Request failed with status cod‚Ä¶ { ‚Ä¶(5) } to not exist</summary>
                        <pre>AssertionError: expected HTTPError: Request failed with status cod‚Ä¶ { ‚Ä¶(5) } to not exist
                        at should.not.exist (node_modules/chai/lib/chai/interface/should.js:208:38)
                        at Context.&lt;anonymous&gt; (file:///home/runner/work/vc-api-verifier-test-suite/vc-api-verifier-test-suite/tests/10-vc-di.js:48:20)
                        at process.processTicksAndRejections (node:internal/process/task_queues:95:5)</pre>
                      </details>
                    </div>
                  </td>
                  <td class="failed not-optional highlight-on-hover text-center">
                    <div class= "highlight-on-hover">‚ùå</div>
                    <div class="relative-pos">
                      <details class="err hide">
                        <summary>expected HTTPError: Request failed with status cod‚Ä¶ { ‚Ä¶(5) } to not exist</summary>
                        <pre>AssertionError: expected HTTPError: Request failed with status cod‚Ä¶ { ‚Ä¶(5) } to not exist
                        at should.not.exist (node_modules/chai/lib/chai/interface/should.js:208:38)
                        at Context.&lt;anonymous&gt; (file:///home/runner/work/vc-api-verifier-test-suite/vc-api-verifier-test-suite/tests/10-vc-di.js:48:20)
                        at process.processTicksAndRejections (node:internal/process/task_queues:95:5)</pre>
                      </details>
                    </div>
                  </td>
                  <td class="failed not-optional highlight-on-hover text-center">
                    <div class= "highlight-on-hover">‚ùå</div>
                    <div class="relative-pos">
                      <details class="err hide">
                        <summary>expected HTTPError: Request failed with status cod‚Ä¶ { ‚Ä¶(6) } to not exist</summary>
                        <pre>AssertionError: expected HTTPError: Request failed with status cod‚Ä¶ { ‚Ä¶(6) } to not exist
                        at should.not.exist (node_modules/chai/lib/chai/interface/should.js:208:38)
                        at Context.&lt;anonymous&gt; (file:///home/runner/work/vc-api-verifier-test-suite/vc-api-verifier-test-suite/tests/10-vc-di.js:48:20)
                        at process.processTicksAndRejections (node:internal/process/task_queues:95:5)</pre>
                      </details>
                    </div>
                  </td>
                  <td class="failed not-optional highlight-on-hover text-center">
                    <div class= "highlight-on-hover">‚ùå</div>
                    <div class="relative-pos">
                      <details class="err hide">
                        <summary>expected HTTPError: Request failed with status cod‚Ä¶ { ‚Ä¶(6) } to not exist</summary>
                        <pre>AssertionError: expected HTTPError: Request failed with status cod‚Ä¶ { ‚Ä¶(6) } to not exist
                        at should.not.exist (node_modules/chai/lib/chai/interface/should.js:208:38)
                        at Context.&lt;anonymous&gt; (file:///home/runner/work/vc-api-verifier-test-suite/vc-api-verifier-test-suite/tests/10-vc-di.js:48:20)
                        at process.processTicksAndRejections (node:internal/process/task_queues:95:5)</pre>
                      </details>
                    </div>
                  </td>
                  <td class="failed not-optional highlight-on-hover text-center">
                    <div class= "highlight-on-hover">‚ùå</div>
                    <div class="relative-pos">
                      <details class="err hide">
                        <summary>expected HTTPError: An error occurred in the signi‚Ä¶ { ‚Ä¶(6) } to not exist</summary>
                        <pre>AssertionError: expected HTTPError: An error occurred in the signi‚Ä¶ { ‚Ä¶(6) } to not exist
                        at should.not.exist (node_modules/chai/lib/chai/interface/should.js:208:38)
                        at Context.&lt;anonymous&gt; (file:///home/runner/work/vc-api-verifier-test-suite/vc-api-verifier-test-suite/tests/10-vc-di.js:48:20)
                        at process.processTicksAndRejections (node:internal/process/task_queues:95:5)</pre>
                      </details>
                    </div>
                  </td>
                  <td class="failed not-optional highlight-on-hover text-center">
                    <div class= "highlight-on-hover">‚ùå</div>
                    <div class="relative-pos">
                      <details class="err hide">
                        <summary>expected HTTPError { ‚Ä¶(7) } to not exist</summary>
                        <pre>AssertionError: expected HTTPError { ‚Ä¶(7) } to not exist
                        at should.not.exist (node_modules/chai/lib/chai/interface/should.js:208:38)
                        at Context.&lt;anonymous&gt; (file:///home/runner/work/vc-api-verifier-test-suite/vc-api-verifier-test-suite/tests/10-vc-di.js:48:20)
                        at process.processTicksAndRejections (node:internal/process/task_queues:95:5)</pre>
                      </details>
                    </div>
                  </td>
                  <td class="failed not-optional highlight-on-hover text-center">
                    <div class= "highlight-on-hover">‚ùå</div>
                    <div class="relative-pos">
                      <details class="err hide">
                        <summary>expected HTTPError: Request failed with status cod‚Ä¶ { ‚Ä¶(6) } to not exist</summary>
                        <pre>AssertionError: expected HTTPError: Request failed with status cod‚Ä¶ { ‚Ä¶(6) } to not exist
                        at should.not.exist (node_modules/chai/lib/chai/interface/should.js:208:38)
                        at Context.&lt;anonymous&gt; (file:///home/runner/work/vc-api-verifier-test-suite/vc-api-verifier-test-suite/tests/10-vc-di.js:48:20)
                        at process.processTicksAndRejections (node:internal/process/task_queues:95:5)</pre>
                      </details>
                    </div>
                  </td>
                  <td class="failed not-optional highlight-on-hover text-center">
                    <div class= "highlight-on-hover">‚ùå</div>
                    <div class="relative-pos">
                      <details class="err hide">
                        <summary>expected HTTPError: Request failed with status cod‚Ä¶ { ‚Ä¶(6) } to not exist</summary>
                        <pre>AssertionError: expected HTTPError: Request failed with status cod‚Ä¶ { ‚Ä¶(6) } to not exist
                        at should.not.exist (node_modules/chai/lib/chai/interface/should.js:208:38)
                        at Context.&lt;anonymous&gt; (file:///home/runner/work/vc-api-verifier-test-suite/vc-api-verifier-test-suite/tests/10-vc-di.js:48:20)
                        at process.processTicksAndRejections (node:internal/process/task_queues:95:5)</pre>
                      </details>
                    </div>
                  </td>
                  <td class="failed not-optional highlight-on-hover text-center">
                    <div class= "highlight-on-hover">‚ùå</div>
                    <div class="relative-pos">
                      <details class="err hide">
                        <summary>Request failed with status code 403 Forbidden</summary>
                        <pre>HTTPError: Request failed with status code 403 Forbidden
                        at fn (file:///home/runner/work/vc-api-verifier-test-suite/vc-api-verifier-test-suite/node_modules/ky/distribution/core/Ky.js:28:29)
                        at process.processTicksAndRejections (node:internal/process/task_queues:95:5)
                        at async _handleResponse (file:///home/runner/work/vc-api-verifier-test-suite/vc-api-verifier-test-suite/node_modules/@digitalbazaar/http-client/lib/httpClient.js:101:16)
                        at async makeHttpsRequest (file:///home/runner/work/vc-api-verifier-test-suite/vc-api-verifier-test-suite/node_modules/vc-test-suite-implementations/lib/requests.js:46:14)
                        at async _requestAccessToken (file:///home/runner/work/vc-api-verifier-test-suite/vc-api-verifier-test-suite/node_modules/vc-test-suite-implementations/lib/oauth2.js:94:41)
                        at async _getNewAccessToken (file:///home/runner/work/vc-api-verifier-test-suite/vc-api-verifier-test-suite/node_modules/vc-test-suite-implementations/lib/oauth2.js:78:9)
                        at async constructOAuthHeader (file:///home/runner/work/vc-api-verifier-test-suite/vc-api-verifier-test-suite/node_modules/vc-test-suite-implementations/lib/oauth2.js:24:25)
                        at async makeHttpsRequest (file:///home/runner/work/vc-api-verifier-test-suite/vc-api-verifier-test-suite/node_modules/vc-test-suite-implementations/lib/requests.js:43:29)
                        at async Context.&lt;anonymous&gt; (file:///home/runner/work/vc-api-verifier-test-suite/vc-api-verifier-test-suite/tests/10-vc-di.js:47:33)</pre>
                      </details>
                    </div>
                  </td>
                  <td class="failed not-optional highlight-on-hover text-center">
                    <div class= "highlight-on-hover">‚ùå</div>
                    <div class="relative-pos">
                      <details class="err hide">
                        <summary>expected HTTPError: Request failed with status cod‚Ä¶ { ‚Ä¶(6) } to not exist</summary>
                        <pre>AssertionError: expected HTTPError: Request failed with status cod‚Ä¶ { ‚Ä¶(6) } to not exist
                        at should.not.exist (node_modules/chai/lib/chai/interface/should.js:208:38)
                        at Context.&lt;anonymous&gt; (file:///home/runner/work/vc-api-verifier-test-suite/vc-api-verifier-test-suite/tests/10-vc-di.js:48:20)
                        at process.processTicksAndRejections (node:internal/process/task_queues:95:5)</pre>
                      </details>
                    </div>
                  </td>
                  <td class="failed not-optional highlight-on-hover text-center">
                    <div class= "highlight-on-hover">‚ùå</div>
                    <div class="relative-pos">
                      <details class="err hide">
                        <summary>expected TypeError: fetch failed { ‚Ä¶(2) } to not exist</summary>
                        <pre>AssertionError: expected TypeError: fetch failed { ‚Ä¶(2) } to not exist
                        at should.not.exist (node_modules/chai/lib/chai/interface/should.js:208:38)
                        at Context.&lt;anonymous&gt; (file:///home/runner/work/vc-api-verifier-test-suite/vc-api-verifier-test-suite/tests/10-vc-di.js:48:20)
                        at process.processTicksAndRejections (node:internal/process/task_queues:95:5)</pre>
                      </details>
                    </div>
                  </td>
                  <td class="passed not-optional highlight-on-hover text-center">
                    <div class= "highlight-on-hover">‚úì</div>
                    <div class="relative-pos">
                    </div>
                  </td>
                  <td class="passed not-optional highlight-on-hover text-center">
                    <div class= "highlight-on-hover">‚úì</div>
                    <div class="relative-pos">
                    </div>
                  </td>
                  <td class="passed not-optional highlight-on-hover text-center">
                    <div class= "highlight-on-hover">‚úì</div>
                    <div class="relative-pos">
                    </div>
                  </td>
              </tr>
              <tr class="confirmed">
                <!--This is the name of the test-->
                <td class="subtest">
                    MUST not verify if &quot;@context&quot; property is missing.
                </td>
                <!--These contain if the test passed, failed, or was skipped-->
                  <td class="failed not-optional highlight-on-hover text-center">
                    <div class= "highlight-on-hover">‚ùå</div>
                    <div class="relative-pos">
                      <details class="err hide">
                        <summary>Expected status code 400 or 422.: expected 500 to be one of [ 400, 422 ]</summary>
                        <pre>AssertionError: Expected status code 400 or 422.: expected 500 to be one of [ 400, 422 ]
                        at testBadRequestError (file:///home/runner/work/vc-api-verifier-test-suite/vc-api-verifier-test-suite/tests/helpers.js:15:26)
                        at Context.&lt;anonymous&gt; (file:///home/runner/work/vc-api-verifier-test-suite/vc-api-verifier-test-suite/tests/10-vc-di.js:63:11)
                        at process.processTicksAndRejections (node:internal/process/task_queues:95:5)</pre>
                      </details>
                    </div>
                  </td>
                  <td class="failed not-optional highlight-on-hover text-center">
                    <div class= "highlight-on-hover">‚ùå</div>
                    <div class="relative-pos">
                      <details class="err hide">
                        <summary>Expected status code 400 or 422.: expected 404 to be one of [ 400, 422 ]</summary>
                        <pre>AssertionError: Expected status code 400 or 422.: expected 404 to be one of [ 400, 422 ]
                        at testBadRequestError (file:///home/runner/work/vc-api-verifier-test-suite/vc-api-verifier-test-suite/tests/helpers.js:15:26)
                        at Context.&lt;anonymous&gt; (file:///home/runner/work/vc-api-verifier-test-suite/vc-api-verifier-test-suite/tests/10-vc-di.js:63:11)
                        at process.processTicksAndRejections (node:internal/process/task_queues:95:5)</pre>
                      </details>
                    </div>
                  </td>
                  <td class="passed not-optional highlight-on-hover text-center">
                    <div class= "highlight-on-hover">‚úì</div>
                    <div class="relative-pos">
                    </div>
                  </td>
                  <td class="passed not-optional highlight-on-hover text-center">
                    <div class= "highlight-on-hover">‚úì</div>
                    <div class="relative-pos">
                    </div>
                  </td>
                  <td class="passed not-optional highlight-on-hover text-center">
                    <div class= "highlight-on-hover">‚úì</div>
                    <div class="relative-pos">
                    </div>
                  </td>
                  <td class="passed not-optional highlight-on-hover text-center">
                    <div class= "highlight-on-hover">‚úì</div>
                    <div class="relative-pos">
                    </div>
                  </td>
                  <td class="passed not-optional highlight-on-hover text-center">
                    <div class= "highlight-on-hover">‚úì</div>
                    <div class="relative-pos">
                    </div>
                  </td>
                  <td class="passed not-optional highlight-on-hover text-center">
                    <div class= "highlight-on-hover">‚úì</div>
                    <div class="relative-pos">
                    </div>
                  </td>
                  <td class="failed not-optional highlight-on-hover text-center">
                    <div class= "highlight-on-hover">‚ùå</div>
                    <div class="relative-pos">
                      <details class="err hide">
                        <summary>Request failed with status code 403 Forbidden</summary>
                        <pre>HTTPError: Request failed with status code 403 Forbidden
                        at fn (file:///home/runner/work/vc-api-verifier-test-suite/vc-api-verifier-test-suite/node_modules/ky/distribution/core/Ky.js:28:29)
                        at process.processTicksAndRejections (node:internal/process/task_queues:95:5)
                        at async _handleResponse (file:///home/runner/work/vc-api-verifier-test-suite/vc-api-verifier-test-suite/node_modules/@digitalbazaar/http-client/lib/httpClient.js:101:16)
                        at async makeHttpsRequest (file:///home/runner/work/vc-api-verifier-test-suite/vc-api-verifier-test-suite/node_modules/vc-test-suite-implementations/lib/requests.js:46:14)
                        at async _requestAccessToken (file:///home/runner/work/vc-api-verifier-test-suite/vc-api-verifier-test-suite/node_modules/vc-test-suite-implementations/lib/oauth2.js:94:41)
                        at async _getNewAccessToken (file:///home/runner/work/vc-api-verifier-test-suite/vc-api-verifier-test-suite/node_modules/vc-test-suite-implementations/lib/oauth2.js:78:9)
                        at async constructOAuthHeader (file:///home/runner/work/vc-api-verifier-test-suite/vc-api-verifier-test-suite/node_modules/vc-test-suite-implementations/lib/oauth2.js:24:25)
                        at async makeHttpsRequest (file:///home/runner/work/vc-api-verifier-test-suite/vc-api-verifier-test-suite/node_modules/vc-test-suite-implementations/lib/requests.js:43:29)
                        at async Context.&lt;anonymous&gt; (file:///home/runner/work/vc-api-verifier-test-suite/vc-api-verifier-test-suite/tests/10-vc-di.js:62:35)</pre>
                      </details>
                    </div>
                  </td>
                  <td class="passed not-optional highlight-on-hover text-center">
                    <div class= "highlight-on-hover">‚úì</div>
                    <div class="relative-pos">
                    </div>
                  </td>
                  <td class="failed not-optional highlight-on-hover text-center">
                    <div class= "highlight-on-hover">‚ùå</div>
                    <div class="relative-pos">
                      <details class="err hide">
                        <summary>Expected an HTTP error response code: expected undefined to exist</summary>
                        <pre>AssertionError: Expected an HTTP error response code: expected undefined to exist
                        at should.exist (node_modules/chai/lib/chai/interface/should.js:144:34)
                        at testBadRequestError (file:///home/runner/work/vc-api-verifier-test-suite/vc-api-verifier-test-suite/tests/helpers.js:14:10)
                        at Context.&lt;anonymous&gt; (file:///home/runner/work/vc-api-verifier-test-suite/vc-api-verifier-test-suite/tests/10-vc-di.js:63:11)
                        at process.processTicksAndRejections (node:internal/process/task_queues:95:5)</pre>
                      </details>
                    </div>
                  </td>
                  <td class="passed not-optional highlight-on-hover text-center">
                    <div class= "highlight-on-hover">‚úì</div>
                    <div class="relative-pos">
                    </div>
                  </td>
                  <td class="passed not-optional highlight-on-hover text-center">
                    <div class= "highlight-on-hover">‚úì</div>
                    <div class="relative-pos">
                    </div>
                  </td>
                  <td class="failed not-optional highlight-on-hover text-center">
                    <div class= "highlight-on-hover">‚ùå</div>
                    <div class="relative-pos">
                      <details class="err hide">
                        <summary>Expected no result from verifier: expected Response { status: 200, statusText: &#x27;OK&#x27;, headers: Headers { date: &#x27;Sun, 05 Jan 2025 05:11:17 GMT&#x27;, &#x27;content-type&#x27;: &#x27;text/html; charset&#x3D;utf-8&#x27;, &#x27;transfer-encoding&#x27;: &#x27;chunked&#x27;, connection: &#x27;keep-alive&#x27;, &#x27;cache-control&#x27;: &#x27;no-cache,no-store&#x27;, expires: &#x27;-1&#x27;, pragma: &#x27;no-cache&#x27;, &#x27;x-envoy-upstream-service-time&#x27;: &#x27;27&#x27;, &#x27;cf-cache-status&#x27;: &#x27;DYNAMIC&#x27;, &#x27;report-to&#x27;: &#x27;{&quot;endpoints&quot;:[{&quot;url&quot;:&quot;https:\\/\\/a.nel.cloudflare.com\\/report\\/v4?s&#x3D;4Dd11dp9KhlmOUsqJx3wSKs9IZ7vVIAojmgMJHLFJDnW4HxSy%2FIpypZA7eabZGQVnGwGzUSwUzB95CjdL9yNRO%2FH%2BtZbLOsFa7q4ZJ37a0RUN9Q1z0g2FnvZe3ITpmKyrmX6WXiK0%2FLrA7eRqfZW&quot;}],&quot;group&quot;:&quot;cf-nel&quot;,&quot;max_age&quot;:604800}&#x27;, nel: &#x27;{&quot;success_fraction&quot;:0,&quot;report_to&quot;:&quot;cf-nel&quot;,&quot;max_age&quot;:604800}&#x27;, server: &#x27;cloudflare&#x27;, &#x27;cf-ray&#x27;: &#x27;8fd0f77db82cfa21-ORD&#x27;, &#x27;content-encoding&#x27;: &#x27;br&#x27;, &#x27;server-timing&#x27;: &#x27;cfL4;desc&#x3D;&quot;?proto&#x3D;TCP&amp;rtt&#x3D;2352&amp;min_rtt&#x3D;1808&amp;rtt_var&#x3D;1233&amp;sent&#x3D;8&amp;recv&#x3D;8&amp;lost&#x3D;0&amp;retrans&#x3D;0&amp;sent_bytes&#x3D;5653&amp;recv_bytes&#x3D;2795&amp;delivery_rate&#x3D;1574421&amp;cwnd&#x3D;254&amp;unsent_bytes&#x3D;0&amp;cid&#x3D;86901cd48417d354&amp;ts&#x3D;333&amp;x&#x3D;0&quot;&#x27;, Authorization: &#x27;** SANITIZED TO PREVENT EXPOSING OF SECRETS ***&#x27; }, body: null, bodyUsed: false, ok: true, redirected: false, type: &#x27;default&#x27;, url: &#x27;&#x27; } to not exist</summary>
                        <pre>AssertionError: Expected no result from verifier: expected Response { status: 200, statusText: &#x27;OK&#x27;, headers: Headers { date: &#x27;Sun, 05 Jan 2025 05:11:17 GMT&#x27;, &#x27;content-type&#x27;: &#x27;text/html; charset&#x3D;utf-8&#x27;, &#x27;transfer-encoding&#x27;: &#x27;chunked&#x27;, connection: &#x27;keep-alive&#x27;, &#x27;cache-control&#x27;: &#x27;no-cache,no-store&#x27;, expires: &#x27;-1&#x27;, pragma: &#x27;no-cache&#x27;, &#x27;x-envoy-upstream-service-time&#x27;: &#x27;27&#x27;, &#x27;cf-cache-status&#x27;: &#x27;DYNAMIC&#x27;, &#x27;report-to&#x27;: &#x27;{&quot;endpoints&quot;:[{&quot;url&quot;:&quot;https:\\/\\/a.nel.cloudflare.com\\/report\\/v4?s&#x3D;4Dd11dp9KhlmOUsqJx3wSKs9IZ7vVIAojmgMJHLFJDnW4HxSy%2FIpypZA7eabZGQVnGwGzUSwUzB95CjdL9yNRO%2FH%2BtZbLOsFa7q4ZJ37a0RUN9Q1z0g2FnvZe3ITpmKyrmX6WXiK0%2FLrA7eRqfZW&quot;}],&quot;group&quot;:&quot;cf-nel&quot;,&quot;max_age&quot;:604800}&#x27;, nel: &#x27;{&quot;success_fraction&quot;:0,&quot;report_to&quot;:&quot;cf-nel&quot;,&quot;max_age&quot;:604800}&#x27;, server: &#x27;cloudflare&#x27;, &#x27;cf-ray&#x27;: &#x27;8fd0f77db82cfa21-ORD&#x27;, &#x27;content-encoding&#x27;: &#x27;br&#x27;, &#x27;server-timing&#x27;: &#x27;cfL4;desc&#x3D;&quot;?proto&#x3D;TCP&amp;rtt&#x3D;2352&amp;min_rtt&#x3D;1808&amp;rtt_var&#x3D;1233&amp;sent&#x3D;8&amp;recv&#x3D;8&amp;lost&#x3D;0&amp;retrans&#x3D;0&amp;sent_bytes&#x3D;5653&amp;recv_bytes&#x3D;2795&amp;delivery_rate&#x3D;1574421&amp;cwnd&#x3D;254&amp;unsent_bytes&#x3D;0&amp;cid&#x3D;86901cd48417d354&amp;ts&#x3D;333&amp;x&#x3D;0&quot;&#x27;, Authorization: &#x27;** SANITIZED TO PREVENT EXPOSING OF SECRETS ***&#x27; }, body: null, bodyUsed: false, ok: true, redirected: false, type: &#x27;default&#x27;, url: &#x27;&#x27; } to not exist
                        at should.not.exist (node_modules/chai/lib/chai/interface/should.js:208:38)
                        at testBadRequestError (file:///home/runner/work/vc-api-verifier-test-suite/vc-api-verifier-test-suite/tests/helpers.js:12:14)
                        at Context.&lt;anonymous&gt; (file:///home/runner/work/vc-api-verifier-test-suite/vc-api-verifier-test-suite/tests/10-vc-di.js:63:11)
                        at process.processTicksAndRejections (node:internal/process/task_queues:95:5)</pre>
                      </details>
                    </div>
                  </td>
              </tr>
              <tr class="confirmed">
                <!--This is the name of the test-->
                <td class="subtest">
                    MUST not verify if &quot;type&quot; property is missing.
                </td>
                <!--These contain if the test passed, failed, or was skipped-->
                  <td class="failed not-optional highlight-on-hover text-center">
                    <div class= "highlight-on-hover">‚ùå</div>
                    <div class="relative-pos">
                      <details class="err hide">
                        <summary>Expected status code 400 or 422.: expected 500 to be one of [ 400, 422 ]</summary>
                        <pre>AssertionError: Expected status code 400 or 422.: expected 500 to be one of [ 400, 422 ]
                        at testBadRequestError (file:///home/runner/work/vc-api-verifier-test-suite/vc-api-verifier-test-suite/tests/helpers.js:15:26)
                        at Context.&lt;anonymous&gt; (file:///home/runner/work/vc-api-verifier-test-suite/vc-api-verifier-test-suite/tests/10-vc-di.js:74:9)
                        at process.processTicksAndRejections (node:internal/process/task_queues:95:5)</pre>
                      </details>
                    </div>
                  </td>
                  <td class="failed not-optional highlight-on-hover text-center">
                    <div class= "highlight-on-hover">‚ùå</div>
                    <div class="relative-pos">
                      <details class="err hide">
                        <summary>Expected status code 400 or 422.: expected 404 to be one of [ 400, 422 ]</summary>
                        <pre>AssertionError: Expected status code 400 or 422.: expected 404 to be one of [ 400, 422 ]
                        at testBadRequestError (file:///home/runner/work/vc-api-verifier-test-suite/vc-api-verifier-test-suite/tests/helpers.js:15:26)
                        at Context.&lt;anonymous&gt; (file:///home/runner/work/vc-api-verifier-test-suite/vc-api-verifier-test-suite/tests/10-vc-di.js:74:9)
                        at process.processTicksAndRejections (node:internal/process/task_queues:95:5)</pre>
                      </details>
                    </div>
                  </td>
                  <td class="passed not-optional highlight-on-hover text-center">
                    <div class= "highlight-on-hover">‚úì</div>
                    <div class="relative-pos">
                    </div>
                  </td>
                  <td class="passed not-optional highlight-on-hover text-center">
                    <div class= "highlight-on-hover">‚úì</div>
                    <div class="relative-pos">
                    </div>
                  </td>
                  <td class="passed not-optional highlight-on-hover text-center">
                    <div class= "highlight-on-hover">‚úì</div>
                    <div class="relative-pos">
                    </div>
                  </td>
                  <td class="passed not-optional highlight-on-hover text-center">
                    <div class= "highlight-on-hover">‚úì</div>
                    <div class="relative-pos">
                    </div>
                  </td>
                  <td class="passed not-optional highlight-on-hover text-center">
                    <div class= "highlight-on-hover">‚úì</div>
                    <div class="relative-pos">
                    </div>
                  </td>
                  <td class="passed not-optional highlight-on-hover text-center">
                    <div class= "highlight-on-hover">‚úì</div>
                    <div class="relative-pos">
                    </div>
                  </td>
                  <td class="failed not-optional highlight-on-hover text-center">
                    <div class= "highlight-on-hover">‚ùå</div>
                    <div class="relative-pos">
                      <details class="err hide">
                        <summary>Request failed with status code 403 Forbidden</summary>
                        <pre>HTTPError: Request failed with status code 403 Forbidden
                        at fn (file:///home/runner/work/vc-api-verifier-test-suite/vc-api-verifier-test-suite/node_modules/ky/distribution/core/Ky.js:28:29)
                        at process.processTicksAndRejections (node:internal/process/task_queues:95:5)
                        at async _handleResponse (file:///home/runner/work/vc-api-verifier-test-suite/vc-api-verifier-test-suite/node_modules/@digitalbazaar/http-client/lib/httpClient.js:101:16)
                        at async makeHttpsRequest (file:///home/runner/work/vc-api-verifier-test-suite/vc-api-verifier-test-suite/node_modules/vc-test-suite-implementations/lib/requests.js:46:14)
                        at async _requestAccessToken (file:///home/runner/work/vc-api-verifier-test-suite/vc-api-verifier-test-suite/node_modules/vc-test-suite-implementations/lib/oauth2.js:94:41)
                        at async _getNewAccessToken (file:///home/runner/work/vc-api-verifier-test-suite/vc-api-verifier-test-suite/node_modules/vc-test-suite-implementations/lib/oauth2.js:78:9)
                        at async constructOAuthHeader (file:///home/runner/work/vc-api-verifier-test-suite/vc-api-verifier-test-suite/node_modules/vc-test-suite-implementations/lib/oauth2.js:24:25)
                        at async makeHttpsRequest (file:///home/runner/work/vc-api-verifier-test-suite/vc-api-verifier-test-suite/node_modules/vc-test-suite-implementations/lib/requests.js:43:29)
                        at async Context.&lt;anonymous&gt; (file:///home/runner/work/vc-api-verifier-test-suite/vc-api-verifier-test-suite/tests/10-vc-di.js:73:33)</pre>
                      </details>
                    </div>
                  </td>
                  <td class="passed not-optional highlight-on-hover text-center">
                    <div class= "highlight-on-hover">‚úì</div>
                    <div class="relative-pos">
                    </div>
                  </td>
                  <td class="failed not-optional highlight-on-hover text-center">
                    <div class= "highlight-on-hover">‚ùå</div>
                    <div class="relative-pos">
                      <details class="err hide">
                        <summary>Expected an HTTP error response code: expected undefined to exist</summary>
                        <pre>AssertionError: Expected an HTTP error response code: expected undefined to exist
                        at should.exist (node_modules/chai/lib/chai/interface/should.js:144:34)
                        at testBadRequestError (file:///home/runner/work/vc-api-verifier-test-suite/vc-api-verifier-test-suite/tests/helpers.js:14:10)
                        at Context.&lt;anonymous&gt; (file:///home/runner/work/vc-api-verifier-test-suite/vc-api-verifier-test-suite/tests/10-vc-di.js:74:9)
                        at process.processTicksAndRejections (node:internal/process/task_queues:95:5)</pre>
                      </details>
                    </div>
                  </td>
                  <td class="passed not-optional highlight-on-hover text-center">
                    <div class= "highlight-on-hover">‚úì</div>
                    <div class="relative-pos">
                    </div>
                  </td>
                  <td class="passed not-optional highlight-on-hover text-center">
                    <div class= "highlight-on-hover">‚úì</div>
                    <div class="relative-pos">
                    </div>
                  </td>
                  <td class="failed not-optional highlight-on-hover text-center">
                    <div class= "highlight-on-hover">‚ùå</div>
                    <div class="relative-pos">
                      <details class="err hide">
                        <summary>Expected no result from verifier: expected Response { status: 200, statusText: &#x27;OK&#x27;, headers: Headers { date: &#x27;Sun, 05 Jan 2025 05:11:17 GMT&#x27;, &#x27;content-type&#x27;: &#x27;text/html; charset&#x3D;utf-8&#x27;, &#x27;transfer-encoding&#x27;: &#x27;chunked&#x27;, connection: &#x27;keep-alive&#x27;, &#x27;cache-control&#x27;: &#x27;no-cache,no-store&#x27;, expires: &#x27;-1&#x27;, pragma: &#x27;no-cache&#x27;, &#x27;x-envoy-upstream-service-time&#x27;: &#x27;24&#x27;, &#x27;cf-cache-status&#x27;: &#x27;DYNAMIC&#x27;, &#x27;report-to&#x27;: &#x27;{&quot;endpoints&quot;:[{&quot;url&quot;:&quot;https:\\/\\/a.nel.cloudflare.com\\/report\\/v4?s&#x3D;BDESqP%2Bz9p%2BV6ugvP8WBhtNHFazEe2thtwoUMwzlYMIA1g8Ak5grMQfQ8409QlBkPA1IdwNuYfPvNWH3eASsHAlNzdnKQxFintRmNpnT%2FsAhkKBXjJtUZfgrYdAfA6x3rGi%2BUpQMgqNGJP11oblE&quot;}],&quot;group&quot;:&quot;cf-nel&quot;,&quot;max_age&quot;:604800}&#x27;, nel: &#x27;{&quot;success_fraction&quot;:0,&quot;report_to&quot;:&quot;cf-nel&quot;,&quot;max_age&quot;:604800}&#x27;, server: &#x27;cloudflare&#x27;, &#x27;cf-ray&#x27;: &#x27;8fd0f77e1906fa21-ORD&#x27;, &#x27;content-encoding&#x27;: &#x27;br&#x27;, &#x27;server-timing&#x27;: &#x27;cfL4;desc&#x3D;&quot;?proto&#x3D;TCP&amp;rtt&#x3D;2562&amp;min_rtt&#x3D;1808&amp;rtt_var&#x3D;1211&amp;sent&#x3D;12&amp;recv&#x3D;10&amp;lost&#x3D;0&amp;retrans&#x3D;0&amp;sent_bytes&#x3D;8382&amp;recv_bytes&#x3D;3976&amp;delivery_rate&#x3D;1574421&amp;cwnd&#x3D;257&amp;unsent_bytes&#x3D;0&amp;cid&#x3D;86901cd48417d354&amp;ts&#x3D;399&amp;x&#x3D;0&quot;&#x27;, Authorization: &#x27;** SANITIZED TO PREVENT EXPOSING OF SECRETS ***&#x27; }, body: null, bodyUsed: false, ok: true, redirected: false, type: &#x27;default&#x27;, url: &#x27;&#x27; } to not exist</summary>
                        <pre>AssertionError: Expected no result from verifier: expected Response { status: 200, statusText: &#x27;OK&#x27;, headers: Headers { date: &#x27;Sun, 05 Jan 2025 05:11:17 GMT&#x27;, &#x27;content-type&#x27;: &#x27;text/html; charset&#x3D;utf-8&#x27;, &#x27;transfer-encoding&#x27;: &#x27;chunked&#x27;, connection: &#x27;keep-alive&#x27;, &#x27;cache-control&#x27;: &#x27;no-cache,no-store&#x27;, expires: &#x27;-1&#x27;, pragma: &#x27;no-cache&#x27;, &#x27;x-envoy-upstream-service-time&#x27;: &#x27;24&#x27;, &#x27;cf-cache-status&#x27;: &#x27;DYNAMIC&#x27;, &#x27;report-to&#x27;: &#x27;{&quot;endpoints&quot;:[{&quot;url&quot;:&quot;https:\\/\\/a.nel.cloudflare.com\\/report\\/v4?s&#x3D;BDESqP%2Bz9p%2BV6ugvP8WBhtNHFazEe2thtwoUMwzlYMIA1g8Ak5grMQfQ8409QlBkPA1IdwNuYfPvNWH3eASsHAlNzdnKQxFintRmNpnT%2FsAhkKBXjJtUZfgrYdAfA6x3rGi%2BUpQMgqNGJP11oblE&quot;}],&quot;group&quot;:&quot;cf-nel&quot;,&quot;max_age&quot;:604800}&#x27;, nel: &#x27;{&quot;success_fraction&quot;:0,&quot;report_to&quot;:&quot;cf-nel&quot;,&quot;max_age&quot;:604800}&#x27;, server: &#x27;cloudflare&#x27;, &#x27;cf-ray&#x27;: &#x27;8fd0f77e1906fa21-ORD&#x27;, &#x27;content-encoding&#x27;: &#x27;br&#x27;, &#x27;server-timing&#x27;: &#x27;cfL4;desc&#x3D;&quot;?proto&#x3D;TCP&amp;rtt&#x3D;2562&amp;min_rtt&#x3D;1808&amp;rtt_var&#x3D;1211&amp;sent&#x3D;12&amp;recv&#x3D;10&amp;lost&#x3D;0&amp;retrans&#x3D;0&amp;sent_bytes&#x3D;8382&amp;recv_bytes&#x3D;3976&amp;delivery_rate&#x3D;1574421&amp;cwnd&#x3D;257&amp;unsent_bytes&#x3D;0&amp;cid&#x3D;86901cd48417d354&amp;ts&#x3D;399&amp;x&#x3D;0&quot;&#x27;, Authorization: &#x27;** SANITIZED TO PREVENT EXPOSING OF SECRETS ***&#x27; }, body: null, bodyUsed: false, ok: true, redirected: false, type: &#x27;default&#x27;, url: &#x27;&#x27; } to not exist
                        at should.not.exist (node_modules/chai/lib/chai/interface/should.js:208:38)
                        at testBadRequestError (file:///home/runner/work/vc-api-verifier-test-suite/vc-api-verifier-test-suite/tests/helpers.js:12:14)
                        at Context.&lt;anonymous&gt; (file:///home/runner/work/vc-api-verifier-test-suite/vc-api-verifier-test-suite/tests/10-vc-di.js:74:9)
                        at process.processTicksAndRejections (node:internal/process/task_queues:95:5)</pre>
                      </details>
                    </div>
                  </td>
              </tr>
              <tr class="confirmed">
                <!--This is the name of the test-->
                <td class="subtest">
                    MUST not verify if &quot;issuer&quot; property is missing.
                </td>
                <!--These contain if the test passed, failed, or was skipped-->
                  <td class="failed not-optional highlight-on-hover text-center">
                    <div class= "highlight-on-hover">‚ùå</div>
                    <div class="relative-pos">
                      <details class="err hide">
                        <summary>Expected status code 400 or 422.: expected 500 to be one of [ 400, 422 ]</summary>
                        <pre>AssertionError: Expected status code 400 or 422.: expected 500 to be one of [ 400, 422 ]
                        at testBadRequestError (file:///home/runner/work/vc-api-verifier-test-suite/vc-api-verifier-test-suite/tests/helpers.js:15:26)
                        at Context.&lt;anonymous&gt; (file:///home/runner/work/vc-api-verifier-test-suite/vc-api-verifier-test-suite/tests/10-vc-di.js:85:9)
                        at process.processTicksAndRejections (node:internal/process/task_queues:95:5)</pre>
                      </details>
                    </div>
                  </td>
                  <td class="failed not-optional highlight-on-hover text-center">
                    <div class= "highlight-on-hover">‚ùå</div>
                    <div class="relative-pos">
                      <details class="err hide">
                        <summary>Expected status code 400 or 422.: expected 404 to be one of [ 400, 422 ]</summary>
                        <pre>AssertionError: Expected status code 400 or 422.: expected 404 to be one of [ 400, 422 ]
                        at testBadRequestError (file:///home/runner/work/vc-api-verifier-test-suite/vc-api-verifier-test-suite/tests/helpers.js:15:26)
                        at Context.&lt;anonymous&gt; (file:///home/runner/work/vc-api-verifier-test-suite/vc-api-verifier-test-suite/tests/10-vc-di.js:85:9)
                        at process.processTicksAndRejections (node:internal/process/task_queues:95:5)</pre>
                      </details>
                    </div>
                  </td>
                  <td class="passed not-optional highlight-on-hover text-center">
                    <div class= "highlight-on-hover">‚úì</div>
                    <div class="relative-pos">
                    </div>
                  </td>
                  <td class="passed not-optional highlight-on-hover text-center">
                    <div class= "highlight-on-hover">‚úì</div>
                    <div class="relative-pos">
                    </div>
                  </td>
                  <td class="passed not-optional highlight-on-hover text-center">
                    <div class= "highlight-on-hover">‚úì</div>
                    <div class="relative-pos">
                    </div>
                  </td>
                  <td class="passed not-optional highlight-on-hover text-center">
                    <div class= "highlight-on-hover">‚úì</div>
                    <div class="relative-pos">
                    </div>
                  </td>
                  <td class="passed not-optional highlight-on-hover text-center">
                    <div class= "highlight-on-hover">‚úì</div>
                    <div class="relative-pos">
                    </div>
                  </td>
                  <td class="passed not-optional highlight-on-hover text-center">
                    <div class= "highlight-on-hover">‚úì</div>
                    <div class="relative-pos">
                    </div>
                  </td>
                  <td class="failed not-optional highlight-on-hover text-center">
                    <div class= "highlight-on-hover">‚ùå</div>
                    <div class="relative-pos">
                      <details class="err hide">
                        <summary>Request failed with status code 403 Forbidden</summary>
                        <pre>HTTPError: Request failed with status code 403 Forbidden
                        at fn (file:///home/runner/work/vc-api-verifier-test-suite/vc-api-verifier-test-suite/node_modules/ky/distribution/core/Ky.js:28:29)
                        at process.processTicksAndRejections (node:internal/process/task_queues:95:5)
                        at async _handleResponse (file:///home/runner/work/vc-api-verifier-test-suite/vc-api-verifier-test-suite/node_modules/@digitalbazaar/http-client/lib/httpClient.js:101:16)
                        at async makeHttpsRequest (file:///home/runner/work/vc-api-verifier-test-suite/vc-api-verifier-test-suite/node_modules/vc-test-suite-implementations/lib/requests.js:46:14)
                        at async _requestAccessToken (file:///home/runner/work/vc-api-verifier-test-suite/vc-api-verifier-test-suite/node_modules/vc-test-suite-implementations/lib/oauth2.js:94:41)
                        at async _getNewAccessToken (file:///home/runner/work/vc-api-verifier-test-suite/vc-api-verifier-test-suite/node_modules/vc-test-suite-implementations/lib/oauth2.js:78:9)
                        at async constructOAuthHeader (file:///home/runner/work/vc-api-verifier-test-suite/vc-api-verifier-test-suite/node_modules/vc-test-suite-implementations/lib/oauth2.js:24:25)
                        at async makeHttpsRequest (file:///home/runner/work/vc-api-verifier-test-suite/vc-api-verifier-test-suite/node_modules/vc-test-suite-implementations/lib/requests.js:43:29)
                        at async Context.&lt;anonymous&gt; (file:///home/runner/work/vc-api-verifier-test-suite/vc-api-verifier-test-suite/tests/10-vc-di.js:84:33)</pre>
                      </details>
                    </div>
                  </td>
                  <td class="passed not-optional highlight-on-hover text-center">
                    <div class= "highlight-on-hover">‚úì</div>
                    <div class="relative-pos">
                    </div>
                  </td>
                  <td class="failed not-optional highlight-on-hover text-center">
                    <div class= "highlight-on-hover">‚ùå</div>
                    <div class="relative-pos">
                      <details class="err hide">
                        <summary>Expected an HTTP error response code: expected undefined to exist</summary>
                        <pre>AssertionError: Expected an HTTP error response code: expected undefined to exist
                        at should.exist (node_modules/chai/lib/chai/interface/should.js:144:34)
                        at testBadRequestError (file:///home/runner/work/vc-api-verifier-test-suite/vc-api-verifier-test-suite/tests/helpers.js:14:10)
                        at Context.&lt;anonymous&gt; (file:///home/runner/work/vc-api-verifier-test-suite/vc-api-verifier-test-suite/tests/10-vc-di.js:85:9)
                        at process.processTicksAndRejections (node:internal/process/task_queues:95:5)</pre>
                      </details>
                    </div>
                  </td>
                  <td class="passed not-optional highlight-on-hover text-center">
                    <div class= "highlight-on-hover">‚úì</div>
                    <div class="relative-pos">
                    </div>
                  </td>
                  <td class="passed not-optional highlight-on-hover text-center">
                    <div class= "highlight-on-hover">‚úì</div>
                    <div class="relative-pos">
                    </div>
                  </td>
                  <td class="failed not-optional highlight-on-hover text-center">
                    <div class= "highlight-on-hover">‚ùå</div>
                    <div class="relative-pos">
                      <details class="err hide">
                        <summary>Expected no result from verifier: expected Response { status: 200, statusText: &#x27;OK&#x27;, headers: Headers { date: &#x27;Sun, 05 Jan 2025 05:11:17 GMT&#x27;, &#x27;content-type&#x27;: &#x27;text/html; charset&#x3D;utf-8&#x27;, &#x27;transfer-encoding&#x27;: &#x27;chunked&#x27;, connection: &#x27;keep-alive&#x27;, &#x27;cache-control&#x27;: &#x27;no-cache,no-store&#x27;, expires: &#x27;-1&#x27;, pragma: &#x27;no-cache&#x27;, &#x27;x-envoy-upstream-service-time&#x27;: &#x27;19&#x27;, &#x27;cf-cache-status&#x27;: &#x27;DYNAMIC&#x27;, &#x27;report-to&#x27;: &#x27;{&quot;endpoints&quot;:[{&quot;url&quot;:&quot;https:\\/\\/a.nel.cloudflare.com\\/report\\/v4?s&#x3D;bnapPbqIs1nVA0Tbh4EEcedDjnqmPOw%2BOIO3vc5eJSAjDmfUpngxkAFlI9%2FHQXH24GuzKfc6EgYI4wz3GbMwcPyK2rwzuy2IHKUWPENYVpOFUEkYi4gCL%2FMXzIcxz7pQ3tkwZbB9hoHTT%2FWTmyd%2B&quot;}],&quot;group&quot;:&quot;cf-nel&quot;,&quot;max_age&quot;:604800}&#x27;, nel: &#x27;{&quot;success_fraction&quot;:0,&quot;report_to&quot;:&quot;cf-nel&quot;,&quot;max_age&quot;:604800}&#x27;, server: &#x27;cloudflare&#x27;, &#x27;cf-ray&#x27;: &#x27;8fd0f77e8a04fa21-ORD&#x27;, &#x27;content-encoding&#x27;: &#x27;br&#x27;, &#x27;server-timing&#x27;: &#x27;cfL4;desc&#x3D;&quot;?proto&#x3D;TCP&amp;rtt&#x3D;2628&amp;min_rtt&#x3D;1808&amp;rtt_var&#x3D;1085&amp;sent&#x3D;16&amp;recv&#x3D;12&amp;lost&#x3D;0&amp;retrans&#x3D;0&amp;sent_bytes&#x3D;11113&amp;recv_bytes&#x3D;5165&amp;delivery_rate&#x3D;1574421&amp;cwnd&#x3D;257&amp;unsent_bytes&#x3D;0&amp;cid&#x3D;86901cd48417d354&amp;ts&#x3D;459&amp;x&#x3D;0&quot;&#x27;, Authorization: &#x27;** SANITIZED TO PREVENT EXPOSING OF SECRETS ***&#x27; }, body: null, bodyUsed: false, ok: true, redirected: false, type: &#x27;default&#x27;, url: &#x27;&#x27; } to not exist</summary>
                        <pre>AssertionError: Expected no result from verifier: expected Response { status: 200, statusText: &#x27;OK&#x27;, headers: Headers { date: &#x27;Sun, 05 Jan 2025 05:11:17 GMT&#x27;, &#x27;content-type&#x27;: &#x27;text/html; charset&#x3D;utf-8&#x27;, &#x27;transfer-encoding&#x27;: &#x27;chunked&#x27;, connection: &#x27;keep-alive&#x27;, &#x27;cache-control&#x27;: &#x27;no-cache,no-store&#x27;, expires: &#x27;-1&#x27;, pragma: &#x27;no-cache&#x27;, &#x27;x-envoy-upstream-service-time&#x27;: &#x27;19&#x27;, &#x27;cf-cache-status&#x27;: &#x27;DYNAMIC&#x27;, &#x27;report-to&#x27;: &#x27;{&quot;endpoints&quot;:[{&quot;url&quot;:&quot;https:\\/\\/a.nel.cloudflare.com\\/report\\/v4?s&#x3D;bnapPbqIs1nVA0Tbh4EEcedDjnqmPOw%2BOIO3vc5eJSAjDmfUpngxkAFlI9%2FHQXH24GuzKfc6EgYI4wz3GbMwcPyK2rwzuy2IHKUWPENYVpOFUEkYi4gCL%2FMXzIcxz7pQ3tkwZbB9hoHTT%2FWTmyd%2B&quot;}],&quot;group&quot;:&quot;cf-nel&quot;,&quot;max_age&quot;:604800}&#x27;, nel: &#x27;{&quot;success_fraction&quot;:0,&quot;report_to&quot;:&quot;cf-nel&quot;,&quot;max_age&quot;:604800}&#x27;, server: &#x27;cloudflare&#x27;, &#x27;cf-ray&#x27;: &#x27;8fd0f77e8a04fa21-ORD&#x27;, &#x27;content-encoding&#x27;: &#x27;br&#x27;, &#x27;server-timing&#x27;: &#x27;cfL4;desc&#x3D;&quot;?proto&#x3D;TCP&amp;rtt&#x3D;2628&amp;min_rtt&#x3D;1808&amp;rtt_var&#x3D;1085&amp;sent&#x3D;16&amp;recv&#x3D;12&amp;lost&#x3D;0&amp;retrans&#x3D;0&amp;sent_bytes&#x3D;11113&amp;recv_bytes&#x3D;5165&amp;delivery_rate&#x3D;1574421&amp;cwnd&#x3D;257&amp;unsent_bytes&#x3D;0&amp;cid&#x3D;86901cd48417d354&amp;ts&#x3D;459&amp;x&#x3D;0&quot;&#x27;, Authorization: &#x27;** SANITIZED TO PREVENT EXPOSING OF SECRETS ***&#x27; }, body: null, bodyUsed: false, ok: true, redirected: false, type: &#x27;default&#x27;, url: &#x27;&#x27; } to not exist
                        at should.not.exist (node_modules/chai/lib/chai/interface/should.js:208:38)
                        at testBadRequestError (file:///home/runner/work/vc-api-verifier-test-suite/vc-api-verifier-test-suite/tests/helpers.js:12:14)
                        at Context.&lt;anonymous&gt; (file:///home/runner/work/vc-api-verifier-test-suite/vc-api-verifier-test-suite/tests/10-vc-di.js:85:9)
                        at process.processTicksAndRejections (node:internal/process/task_queues:95:5)</pre>
                      </details>
                    </div>
                  </td>
              </tr>
              <tr class="confirmed">
                <!--This is the name of the test-->
                <td class="subtest">
                    MUST not verify if &quot;credentialSubject&quot; property is missing.
                </td>
                <!--These contain if the test passed, failed, or was skipped-->
                  <td class="failed not-optional highlight-on-hover text-center">
                    <div class= "highlight-on-hover">‚ùå</div>
                    <div class="relative-pos">
                      <details class="err hide">
                        <summary>Expected status code 400 or 422.: expected 500 to be one of [ 400, 422 ]</summary>
                        <pre>AssertionError: Expected status code 400 or 422.: expected 500 to be one of [ 400, 422 ]
                        at testBadRequestError (file:///home/runner/work/vc-api-verifier-test-suite/vc-api-verifier-test-suite/tests/helpers.js:15:26)
                        at Context.&lt;anonymous&gt; (file:///home/runner/work/vc-api-verifier-test-suite/vc-api-verifier-test-suite/tests/10-vc-di.js:97:11)
                        at process.processTicksAndRejections (node:internal/process/task_queues:95:5)</pre>
                      </details>
                    </div>
                  </td>
                  <td class="failed not-optional highlight-on-hover text-center">
                    <div class= "highlight-on-hover">‚ùå</div>
                    <div class="relative-pos">
                      <details class="err hide">
                        <summary>Expected status code 400 or 422.: expected 404 to be one of [ 400, 422 ]</summary>
                        <pre>AssertionError: Expected status code 400 or 422.: expected 404 to be one of [ 400, 422 ]
                        at testBadRequestError (file:///home/runner/work/vc-api-verifier-test-suite/vc-api-verifier-test-suite/tests/helpers.js:15:26)
                        at Context.&lt;anonymous&gt; (file:///home/runner/work/vc-api-verifier-test-suite/vc-api-verifier-test-suite/tests/10-vc-di.js:97:11)
                        at process.processTicksAndRejections (node:internal/process/task_queues:95:5)</pre>
                      </details>
                    </div>
                  </td>
                  <td class="passed not-optional highlight-on-hover text-center">
                    <div class= "highlight-on-hover">‚úì</div>
                    <div class="relative-pos">
                    </div>
                  </td>
                  <td class="passed not-optional highlight-on-hover text-center">
                    <div class= "highlight-on-hover">‚úì</div>
                    <div class="relative-pos">
                    </div>
                  </td>
                  <td class="passed not-optional highlight-on-hover text-center">
                    <div class= "highlight-on-hover">‚úì</div>
                    <div class="relative-pos">
                    </div>
                  </td>
                  <td class="passed not-optional highlight-on-hover text-center">
                    <div class= "highlight-on-hover">‚úì</div>
                    <div class="relative-pos">
                    </div>
                  </td>
                  <td class="passed not-optional highlight-on-hover text-center">
                    <div class= "highlight-on-hover">‚úì</div>
                    <div class="relative-pos">
                    </div>
                  </td>
                  <td class="passed not-optional highlight-on-hover text-center">
                    <div class= "highlight-on-hover">‚úì</div>
                    <div class="relative-pos">
                    </div>
                  </td>
                  <td class="failed not-optional highlight-on-hover text-center">
                    <div class= "highlight-on-hover">‚ùå</div>
                    <div class="relative-pos">
                      <details class="err hide">
                        <summary>Request failed with status code 403 Forbidden</summary>
                        <pre>HTTPError: Request failed with status code 403 Forbidden
                        at fn (file:///home/runner/work/vc-api-verifier-test-suite/vc-api-verifier-test-suite/node_modules/ky/distribution/core/Ky.js:28:29)
                        at process.processTicksAndRejections (node:internal/process/task_queues:95:5)
                        at async _handleResponse (file:///home/runner/work/vc-api-verifier-test-suite/vc-api-verifier-test-suite/node_modules/@digitalbazaar/http-client/lib/httpClient.js:101:16)
                        at async makeHttpsRequest (file:///home/runner/work/vc-api-verifier-test-suite/vc-api-verifier-test-suite/node_modules/vc-test-suite-implementations/lib/requests.js:46:14)
                        at async _requestAccessToken (file:///home/runner/work/vc-api-verifier-test-suite/vc-api-verifier-test-suite/node_modules/vc-test-suite-implementations/lib/oauth2.js:94:41)
                        at async _getNewAccessToken (file:///home/runner/work/vc-api-verifier-test-suite/vc-api-verifier-test-suite/node_modules/vc-test-suite-implementations/lib/oauth2.js:78:9)
                        at async constructOAuthHeader (file:///home/runner/work/vc-api-verifier-test-suite/vc-api-verifier-test-suite/node_modules/vc-test-suite-implementations/lib/oauth2.js:24:25)
                        at async makeHttpsRequest (file:///home/runner/work/vc-api-verifier-test-suite/vc-api-verifier-test-suite/node_modules/vc-test-suite-implementations/lib/requests.js:43:29)
                        at async Context.&lt;anonymous&gt; (file:///home/runner/work/vc-api-verifier-test-suite/vc-api-verifier-test-suite/tests/10-vc-di.js:96:35)</pre>
                      </details>
                    </div>
                  </td>
                  <td class="passed not-optional highlight-on-hover text-center">
                    <div class= "highlight-on-hover">‚úì</div>
                    <div class="relative-pos">
                    </div>
                  </td>
                  <td class="failed not-optional highlight-on-hover text-center">
                    <div class= "highlight-on-hover">‚ùå</div>
                    <div class="relative-pos">
                      <details class="err hide">
                        <summary>Expected an HTTP error response code: expected undefined to exist</summary>
                        <pre>AssertionError: Expected an HTTP error response code: expected undefined to exist
                        at should.exist (node_modules/chai/lib/chai/interface/should.js:144:34)
                        at testBadRequestError (file:///home/runner/work/vc-api-verifier-test-suite/vc-api-verifier-test-suite/tests/helpers.js:14:10)
                        at Context.&lt;anonymous&gt; (file:///home/runner/work/vc-api-verifier-test-suite/vc-api-verifier-test-suite/tests/10-vc-di.js:97:11)
                        at process.processTicksAndRejections (node:internal/process/task_queues:95:5)</pre>
                      </details>
                    </div>
                  </td>
                  <td class="passed not-optional highlight-on-hover text-center">
                    <div class= "highlight-on-hover">‚úì</div>
                    <div class="relative-pos">
                    </div>
                  </td>
                  <td class="passed not-optional highlight-on-hover text-center">
                    <div class= "highlight-on-hover">‚úì</div>
                    <div class="relative-pos">
                    </div>
                  </td>
                  <td class="failed not-optional highlight-on-hover text-center">
                    <div class= "highlight-on-hover">‚ùå</div>
                    <div class="relative-pos">
                      <details class="err hide">
                        <summary>Expected no result from verifier: expected Response { status: 200, statusText: &#x27;OK&#x27;, headers: Headers { date: &#x27;Sun, 05 Jan 2025 05:11:17 GMT&#x27;, &#x27;content-type&#x27;: &#x27;text/html; charset&#x3D;utf-8&#x27;, &#x27;transfer-encoding&#x27;: &#x27;chunked&#x27;, connection: &#x27;keep-alive&#x27;, &#x27;cache-control&#x27;: &#x27;no-cache,no-store&#x27;, expires: &#x27;-1&#x27;, pragma: &#x27;no-cache&#x27;, &#x27;x-envoy-upstream-service-time&#x27;: &#x27;15&#x27;, &#x27;cf-cache-status&#x27;: &#x27;DYNAMIC&#x27;, &#x27;report-to&#x27;: &#x27;{&quot;endpoints&quot;:[{&quot;url&quot;:&quot;https:\\/\\/a.nel.cloudflare.com\\/report\\/v4?s&#x3D;RA6F%2Fmz6EQfXLoCikYZblZZbUyCMKKf2fmd%2F7hsrZJHVQSXJ%2BpkZFXeOQDmy45AdMf0GA4HcFnmbICneWJX0wnkus3XBJ%2BYbeCu9wwGdxxvyvV0XYgEIXhNzCZOzeOgRZxz9Xpb%2BajFy64x2WEd9&quot;}],&quot;group&quot;:&quot;cf-nel&quot;,&quot;max_age&quot;:604800}&#x27;, nel: &#x27;{&quot;success_fraction&quot;:0,&quot;report_to&quot;:&quot;cf-nel&quot;,&quot;max_age&quot;:604800}&#x27;, server: &#x27;cloudflare&#x27;, &#x27;cf-ray&#x27;: &#x27;8fd0f77eeae9fa21-ORD&#x27;, &#x27;content-encoding&#x27;: &#x27;br&#x27;, &#x27;server-timing&#x27;: &#x27;cfL4;desc&#x3D;&quot;?proto&#x3D;TCP&amp;rtt&#x3D;2691&amp;min_rtt&#x3D;1808&amp;rtt_var&#x3D;1062&amp;sent&#x3D;20&amp;recv&#x3D;14&amp;lost&#x3D;0&amp;retrans&#x3D;0&amp;sent_bytes&#x3D;13847&amp;recv_bytes&#x3D;6311&amp;delivery_rate&#x3D;1574421&amp;cwnd&#x3D;257&amp;unsent_bytes&#x3D;0&amp;cid&#x3D;86901cd48417d354&amp;ts&#x3D;509&amp;x&#x3D;0&quot;&#x27;, Authorization: &#x27;** SANITIZED TO PREVENT EXPOSING OF SECRETS ***&#x27; }, body: null, bodyUsed: false, ok: true, redirected: false, type: &#x27;default&#x27;, url: &#x27;&#x27; } to not exist</summary>
                        <pre>AssertionError: Expected no result from verifier: expected Response { status: 200, statusText: &#x27;OK&#x27;, headers: Headers { date: &#x27;Sun, 05 Jan 2025 05:11:17 GMT&#x27;, &#x27;content-type&#x27;: &#x27;text/html; charset&#x3D;utf-8&#x27;, &#x27;transfer-encoding&#x27;: &#x27;chunked&#x27;, connection: &#x27;keep-alive&#x27;, &#x27;cache-control&#x27;: &#x27;no-cache,no-store&#x27;, expires: &#x27;-1&#x27;, pragma: &#x27;no-cache&#x27;, &#x27;x-envoy-upstream-service-time&#x27;: &#x27;15&#x27;, &#x27;cf-cache-status&#x27;: &#x27;DYNAMIC&#x27;, &#x27;report-to&#x27;: &#x27;{&quot;endpoints&quot;:[{&quot;url&quot;:&quot;https:\\/\\/a.nel.cloudflare.com\\/report\\/v4?s&#x3D;RA6F%2Fmz6EQfXLoCikYZblZZbUyCMKKf2fmd%2F7hsrZJHVQSXJ%2BpkZFXeOQDmy45AdMf0GA4HcFnmbICneWJX0wnkus3XBJ%2BYbeCu9wwGdxxvyvV0XYgEIXhNzCZOzeOgRZxz9Xpb%2BajFy64x2WEd9&quot;}],&quot;group&quot;:&quot;cf-nel&quot;,&quot;max_age&quot;:604800}&#x27;, nel: &#x27;{&quot;success_fraction&quot;:0,&quot;report_to&quot;:&quot;cf-nel&quot;,&quot;max_age&quot;:604800}&#x27;, server: &#x27;cloudflare&#x27;, &#x27;cf-ray&#x27;: &#x27;8fd0f77eeae9fa21-ORD&#x27;, &#x27;content-encoding&#x27;: &#x27;br&#x27;, &#x27;server-timing&#x27;: &#x27;cfL4;desc&#x3D;&quot;?proto&#x3D;TCP&amp;rtt&#x3D;2691&amp;min_rtt&#x3D;1808&amp;rtt_var&#x3D;1062&amp;sent&#x3D;20&amp;recv&#x3D;14&amp;lost&#x3D;0&amp;retrans&#x3D;0&amp;sent_bytes&#x3D;13847&amp;recv_bytes&#x3D;6311&amp;delivery_rate&#x3D;1574421&amp;cwnd&#x3D;257&amp;unsent_bytes&#x3D;0&amp;cid&#x3D;86901cd48417d354&amp;ts&#x3D;509&amp;x&#x3D;0&quot;&#x27;, Authorization: &#x27;** SANITIZED TO PREVENT EXPOSING OF SECRETS ***&#x27; }, body: null, bodyUsed: false, ok: true, redirected: false, type: &#x27;default&#x27;, url: &#x27;&#x27; } to not exist
                        at should.not.exist (node_modules/chai/lib/chai/interface/should.js:208:38)
                        at testBadRequestError (file:///home/runner/work/vc-api-verifier-test-suite/vc-api-verifier-test-suite/tests/helpers.js:12:14)
                        at Context.&lt;anonymous&gt; (file:///home/runner/work/vc-api-verifier-test-suite/vc-api-verifier-test-suite/tests/10-vc-di.js:97:11)
                        at process.processTicksAndRejections (node:internal/process/task_queues:95:5)</pre>
                      </details>
                    </div>
                  </td>
              </tr>
              <tr class="confirmed">
                <!--This is the name of the test-->
                <td class="subtest">
                    MUST not verify if &quot;proof&quot; property is missing.
                </td>
                <!--These contain if the test passed, failed, or was skipped-->
                  <td class="failed not-optional highlight-on-hover text-center">
                    <div class= "highlight-on-hover">‚ùå</div>
                    <div class="relative-pos">
                      <details class="err hide">
                        <summary>Expected status code 400 or 422.: expected 500 to be one of [ 400, 422 ]</summary>
                        <pre>AssertionError: Expected status code 400 or 422.: expected 500 to be one of [ 400, 422 ]
                        at testBadRequestError (file:///home/runner/work/vc-api-verifier-test-suite/vc-api-verifier-test-suite/tests/helpers.js:15:26)
                        at Context.&lt;anonymous&gt; (file:///home/runner/work/vc-api-verifier-test-suite/vc-api-verifier-test-suite/tests/10-vc-di.js:108:9)
                        at process.processTicksAndRejections (node:internal/process/task_queues:95:5)</pre>
                      </details>
                    </div>
                  </td>
                  <td class="failed not-optional highlight-on-hover text-center">
                    <div class= "highlight-on-hover">‚ùå</div>
                    <div class="relative-pos">
                      <details class="err hide">
                        <summary>Expected status code 400 or 422.: expected 404 to be one of [ 400, 422 ]</summary>
                        <pre>AssertionError: Expected status code 400 or 422.: expected 404 to be one of [ 400, 422 ]
                        at testBadRequestError (file:///home/runner/work/vc-api-verifier-test-suite/vc-api-verifier-test-suite/tests/helpers.js:15:26)
                        at Context.&lt;anonymous&gt; (file:///home/runner/work/vc-api-verifier-test-suite/vc-api-verifier-test-suite/tests/10-vc-di.js:108:9)
                        at process.processTicksAndRejections (node:internal/process/task_queues:95:5)</pre>
                      </details>
                    </div>
                  </td>
                  <td class="passed not-optional highlight-on-hover text-center">
                    <div class= "highlight-on-hover">‚úì</div>
                    <div class="relative-pos">
                    </div>
                  </td>
                  <td class="passed not-optional highlight-on-hover text-center">
                    <div class= "highlight-on-hover">‚úì</div>
                    <div class="relative-pos">
                    </div>
                  </td>
                  <td class="passed not-optional highlight-on-hover text-center">
                    <div class= "highlight-on-hover">‚úì</div>
                    <div class="relative-pos">
                    </div>
                  </td>
                  <td class="passed not-optional highlight-on-hover text-center">
                    <div class= "highlight-on-hover">‚úì</div>
                    <div class="relative-pos">
                    </div>
                  </td>
                  <td class="passed not-optional highlight-on-hover text-center">
                    <div class= "highlight-on-hover">‚úì</div>
                    <div class="relative-pos">
                    </div>
                  </td>
                  <td class="passed not-optional highlight-on-hover text-center">
                    <div class= "highlight-on-hover">‚úì</div>
                    <div class="relative-pos">
                    </div>
                  </td>
                  <td class="failed not-optional highlight-on-hover text-center">
                    <div class= "highlight-on-hover">‚ùå</div>
                    <div class="relative-pos">
                      <details class="err hide">
                        <summary>Request failed with status code 403 Forbidden</summary>
                        <pre>HTTPError: Request failed with status code 403 Forbidden
                        at fn (file:///home/runner/work/vc-api-verifier-test-suite/vc-api-verifier-test-suite/node_modules/ky/distribution/core/Ky.js:28:29)
                        at process.processTicksAndRejections (node:internal/process/task_queues:95:5)
                        at async _handleResponse (file:///home/runner/work/vc-api-verifier-test-suite/vc-api-verifier-test-suite/node_modules/@digitalbazaar/http-client/lib/httpClient.js:101:16)
                        at async makeHttpsRequest (file:///home/runner/work/vc-api-verifier-test-suite/vc-api-verifier-test-suite/node_modules/vc-test-suite-implementations/lib/requests.js:46:14)
                        at async _requestAccessToken (file:///home/runner/work/vc-api-verifier-test-suite/vc-api-verifier-test-suite/node_modules/vc-test-suite-implementations/lib/oauth2.js:94:41)
                        at async _getNewAccessToken (file:///home/runner/work/vc-api-verifier-test-suite/vc-api-verifier-test-suite/node_modules/vc-test-suite-implementations/lib/oauth2.js:78:9)
                        at async constructOAuthHeader (file:///home/runner/work/vc-api-verifier-test-suite/vc-api-verifier-test-suite/node_modules/vc-test-suite-implementations/lib/oauth2.js:24:25)
                        at async makeHttpsRequest (file:///home/runner/work/vc-api-verifier-test-suite/vc-api-verifier-test-suite/node_modules/vc-test-suite-implementations/lib/requests.js:43:29)
                        at async Context.&lt;anonymous&gt; (file:///home/runner/work/vc-api-verifier-test-suite/vc-api-verifier-test-suite/tests/10-vc-di.js:107:33)</pre>
                      </details>
                    </div>
                  </td>
                  <td class="passed not-optional highlight-on-hover text-center">
                    <div class= "highlight-on-hover">‚úì</div>
                    <div class="relative-pos">
                    </div>
                  </td>
                  <td class="failed not-optional highlight-on-hover text-center">
                    <div class= "highlight-on-hover">‚ùå</div>
                    <div class="relative-pos">
                      <details class="err hide">
                        <summary>Expected an HTTP error response code: expected undefined to exist</summary>
                        <pre>AssertionError: Expected an HTTP error response code: expected undefined to exist
                        at should.exist (node_modules/chai/lib/chai/interface/should.js:144:34)
                        at testBadRequestError (file:///home/runner/work/vc-api-verifier-test-suite/vc-api-verifier-test-suite/tests/helpers.js:14:10)
                        at Context.&lt;anonymous&gt; (file:///home/runner/work/vc-api-verifier-test-suite/vc-api-verifier-test-suite/tests/10-vc-di.js:108:9)
                        at process.processTicksAndRejections (node:internal/process/task_queues:95:5)</pre>
                      </details>
                    </div>
                  </td>
                  <td class="passed not-optional highlight-on-hover text-center">
                    <div class= "highlight-on-hover">‚úì</div>
                    <div class="relative-pos">
                    </div>
                  </td>
                  <td class="passed not-optional highlight-on-hover text-center">
                    <div class= "highlight-on-hover">‚úì</div>
                    <div class="relative-pos">
                    </div>
                  </td>
                  <td class="failed not-optional highlight-on-hover text-center">
                    <div class= "highlight-on-hover">‚ùå</div>
                    <div class="relative-pos">
                      <details class="err hide">
                        <summary>Expected no result from verifier: expected Response { status: 200, statusText: &#x27;OK&#x27;, headers: Headers { date: &#x27;Sun, 05 Jan 2025 05:11:17 GMT&#x27;, &#x27;content-type&#x27;: &#x27;text/html; charset&#x3D;utf-8&#x27;, &#x27;transfer-encoding&#x27;: &#x27;chunked&#x27;, connection: &#x27;keep-alive&#x27;, &#x27;cache-control&#x27;: &#x27;no-cache,no-store&#x27;, expires: &#x27;-1&#x27;, pragma: &#x27;no-cache&#x27;, &#x27;x-envoy-upstream-service-time&#x27;: &#x27;8&#x27;, &#x27;cf-cache-status&#x27;: &#x27;DYNAMIC&#x27;, &#x27;report-to&#x27;: &#x27;{&quot;endpoints&quot;:[{&quot;url&quot;:&quot;https:\\/\\/a.nel.cloudflare.com\\/report\\/v4?s&#x3D;IzGMT%2FTTjqge9OgKgk2YWpeF6Cu8i3a8SW2Cv1ZVMyeD4oKujByKfHyZvTI%2FdE%2F6wuQtIENLIn8lGuwDHIclu7Foa%2BIxNrSaN7cdwJh42QoY9nhvTQTUZ17yPZtn07yC8QB%2FQvmmKlLhdxC9pyMs&quot;}],&quot;group&quot;:&quot;cf-nel&quot;,&quot;max_age&quot;:604800}&#x27;, nel: &#x27;{&quot;success_fraction&quot;:0,&quot;report_to&quot;:&quot;cf-nel&quot;,&quot;max_age&quot;:604800}&#x27;, server: &#x27;cloudflare&#x27;, &#x27;cf-ray&#x27;: &#x27;8fd0f77f3b9afa21-ORD&#x27;, &#x27;content-encoding&#x27;: &#x27;br&#x27;, &#x27;server-timing&#x27;: &#x27;cfL4;desc&#x3D;&quot;?proto&#x3D;TCP&amp;rtt&#x3D;2776&amp;min_rtt&#x3D;1808&amp;rtt_var&#x3D;1118&amp;sent&#x3D;24&amp;recv&#x3D;16&amp;lost&#x3D;0&amp;retrans&#x3D;0&amp;sent_bytes&#x3D;16581&amp;recv_bytes&#x3D;7203&amp;delivery_rate&#x3D;1574421&amp;cwnd&#x3D;257&amp;unsent_bytes&#x3D;0&amp;cid&#x3D;86901cd48417d354&amp;ts&#x3D;553&amp;x&#x3D;0&quot;&#x27;, Authorization: &#x27;** SANITIZED TO PREVENT EXPOSING OF SECRETS ***&#x27; }, body: null, bodyUsed: false, ok: true, redirected: false, type: &#x27;default&#x27;, url: &#x27;&#x27; } to not exist</summary>
                        <pre>AssertionError: Expected no result from verifier: expected Response { status: 200, statusText: &#x27;OK&#x27;, headers: Headers { date: &#x27;Sun, 05 Jan 2025 05:11:17 GMT&#x27;, &#x27;content-type&#x27;: &#x27;text/html; charset&#x3D;utf-8&#x27;, &#x27;transfer-encoding&#x27;: &#x27;chunked&#x27;, connection: &#x27;keep-alive&#x27;, &#x27;cache-control&#x27;: &#x27;no-cache,no-store&#x27;, expires: &#x27;-1&#x27;, pragma: &#x27;no-cache&#x27;, &#x27;x-envoy-upstream-service-time&#x27;: &#x27;8&#x27;, &#x27;cf-cache-status&#x27;: &#x27;DYNAMIC&#x27;, &#x27;report-to&#x27;: &#x27;{&quot;endpoints&quot;:[{&quot;url&quot;:&quot;https:\\/\\/a.nel.cloudflare.com\\/report\\/v4?s&#x3D;IzGMT%2FTTjqge9OgKgk2YWpeF6Cu8i3a8SW2Cv1ZVMyeD4oKujByKfHyZvTI%2FdE%2F6wuQtIENLIn8lGuwDHIclu7Foa%2BIxNrSaN7cdwJh42QoY9nhvTQTUZ17yPZtn07yC8QB%2FQvmmKlLhdxC9pyMs&quot;}],&quot;group&quot;:&quot;cf-nel&quot;,&quot;max_age&quot;:604800}&#x27;, nel: &#x27;{&quot;success_fraction&quot;:0,&quot;report_to&quot;:&quot;cf-nel&quot;,&quot;max_age&quot;:604800}&#x27;, server: &#x27;cloudflare&#x27;, &#x27;cf-ray&#x27;: &#x27;8fd0f77f3b9afa21-ORD&#x27;, &#x27;content-encoding&#x27;: &#x27;br&#x27;, &#x27;server-timing&#x27;: &#x27;cfL4;desc&#x3D;&quot;?proto&#x3D;TCP&amp;rtt&#x3D;2776&amp;min_rtt&#x3D;1808&amp;rtt_var&#x3D;1118&amp;sent&#x3D;24&amp;recv&#x3D;16&amp;lost&#x3D;0&amp;retrans&#x3D;0&amp;sent_bytes&#x3D;16581&amp;recv_bytes&#x3D;7203&amp;delivery_rate&#x3D;1574421&amp;cwnd&#x3D;257&amp;unsent_bytes&#x3D;0&amp;cid&#x3D;86901cd48417d354&amp;ts&#x3D;553&amp;x&#x3D;0&quot;&#x27;, Authorization: &#x27;** SANITIZED TO PREVENT EXPOSING OF SECRETS ***&#x27; }, body: null, bodyUsed: false, ok: true, redirected: false, type: &#x27;default&#x27;, url: &#x27;&#x27; } to not exist
                        at should.not.exist (node_modules/chai/lib/chai/interface/should.js:208:38)
                        at testBadRequestError (file:///home/runner/work/vc-api-verifier-test-suite/vc-api-verifier-test-suite/tests/helpers.js:12:14)
                        at Context.&lt;anonymous&gt; (file:///home/runner/work/vc-api-verifier-test-suite/vc-api-verifier-test-suite/tests/10-vc-di.js:108:9)
                        at process.processTicksAndRejections (node:internal/process/task_queues:95:5)</pre>
                      </details>
                    </div>
                  </td>
              </tr>
              <tr class="confirmed">
                <!--This is the name of the test-->
                <td class="subtest">
                    MUST not verify if &quot;proof.type&quot; property is missing.
                </td>
                <!--These contain if the test passed, failed, or was skipped-->
                  <td class="failed not-optional highlight-on-hover text-center">
                    <div class= "highlight-on-hover">‚ùå</div>
                    <div class="relative-pos">
                      <details class="err hide">
                        <summary>Expected status code 400 or 422.: expected 500 to be one of [ 400, 422 ]</summary>
                        <pre>AssertionError: Expected status code 400 or 422.: expected 500 to be one of [ 400, 422 ]
                        at testBadRequestError (file:///home/runner/work/vc-api-verifier-test-suite/vc-api-verifier-test-suite/tests/helpers.js:15:26)
                        at Context.&lt;anonymous&gt; (file:///home/runner/work/vc-api-verifier-test-suite/vc-api-verifier-test-suite/tests/10-vc-di.js:120:11)
                        at process.processTicksAndRejections (node:internal/process/task_queues:95:5)</pre>
                      </details>
                    </div>
                  </td>
                  <td class="failed not-optional highlight-on-hover text-center">
                    <div class= "highlight-on-hover">‚ùå</div>
                    <div class="relative-pos">
                      <details class="err hide">
                        <summary>Expected status code 400 or 422.: expected 404 to be one of [ 400, 422 ]</summary>
                        <pre>AssertionError: Expected status code 400 or 422.: expected 404 to be one of [ 400, 422 ]
                        at testBadRequestError (file:///home/runner/work/vc-api-verifier-test-suite/vc-api-verifier-test-suite/tests/helpers.js:15:26)
                        at Context.&lt;anonymous&gt; (file:///home/runner/work/vc-api-verifier-test-suite/vc-api-verifier-test-suite/tests/10-vc-di.js:120:11)
                        at process.processTicksAndRejections (node:internal/process/task_queues:95:5)</pre>
                      </details>
                    </div>
                  </td>
                  <td class="passed not-optional highlight-on-hover text-center">
                    <div class= "highlight-on-hover">‚úì</div>
                    <div class="relative-pos">
                    </div>
                  </td>
                  <td class="passed not-optional highlight-on-hover text-center">
                    <div class= "highlight-on-hover">‚úì</div>
                    <div class="relative-pos">
                    </div>
                  </td>
                  <td class="passed not-optional highlight-on-hover text-center">
                    <div class= "highlight-on-hover">‚úì</div>
                    <div class="relative-pos">
                    </div>
                  </td>
                  <td class="passed not-optional highlight-on-hover text-center">
                    <div class= "highlight-on-hover">‚úì</div>
                    <div class="relative-pos">
                    </div>
                  </td>
                  <td class="passed not-optional highlight-on-hover text-center">
                    <div class= "highlight-on-hover">‚úì</div>
                    <div class="relative-pos">
                    </div>
                  </td>
                  <td class="passed not-optional highlight-on-hover text-center">
                    <div class= "highlight-on-hover">‚úì</div>
                    <div class="relative-pos">
                    </div>
                  </td>
                  <td class="failed not-optional highlight-on-hover text-center">
                    <div class= "highlight-on-hover">‚ùå</div>
                    <div class="relative-pos">
                      <details class="err hide">
                        <summary>Request failed with status code 403 Forbidden</summary>
                        <pre>HTTPError: Request failed with status code 403 Forbidden
                        at fn (file:///home/runner/work/vc-api-verifier-test-suite/vc-api-verifier-test-suite/node_modules/ky/distribution/core/Ky.js:28:29)
                        at process.processTicksAndRejections (node:internal/process/task_queues:95:5)
                        at async _handleResponse (file:///home/runner/work/vc-api-verifier-test-suite/vc-api-verifier-test-suite/node_modules/@digitalbazaar/http-client/lib/httpClient.js:101:16)
                        at async makeHttpsRequest (file:///home/runner/work/vc-api-verifier-test-suite/vc-api-verifier-test-suite/node_modules/vc-test-suite-implementations/lib/requests.js:46:14)
                        at async _requestAccessToken (file:///home/runner/work/vc-api-verifier-test-suite/vc-api-verifier-test-suite/node_modules/vc-test-suite-implementations/lib/oauth2.js:94:41)
                        at async _getNewAccessToken (file:///home/runner/work/vc-api-verifier-test-suite/vc-api-verifier-test-suite/node_modules/vc-test-suite-implementations/lib/oauth2.js:78:9)
                        at async constructOAuthHeader (file:///home/runner/work/vc-api-verifier-test-suite/vc-api-verifier-test-suite/node_modules/vc-test-suite-implementations/lib/oauth2.js:24:25)
                        at async makeHttpsRequest (file:///home/runner/work/vc-api-verifier-test-suite/vc-api-verifier-test-suite/node_modules/vc-test-suite-implementations/lib/requests.js:43:29)
                        at async Context.&lt;anonymous&gt; (file:///home/runner/work/vc-api-verifier-test-suite/vc-api-verifier-test-suite/tests/10-vc-di.js:119:35)</pre>
                      </details>
                    </div>
                  </td>
                  <td class="passed not-optional highlight-on-hover text-center">
                    <div class= "highlight-on-hover">‚úì</div>
                    <div class="relative-pos">
                    </div>
                  </td>
                  <td class="failed not-optional highlight-on-hover text-center">
                    <div class= "highlight-on-hover">‚ùå</div>
                    <div class="relative-pos">
                      <details class="err hide">
                        <summary>Expected an HTTP error response code: expected undefined to exist</summary>
                        <pre>AssertionError: Expected an HTTP error response code: expected undefined to exist
                        at should.exist (node_modules/chai/lib/chai/interface/should.js:144:34)
                        at testBadRequestError (file:///home/runner/work/vc-api-verifier-test-suite/vc-api-verifier-test-suite/tests/helpers.js:14:10)
                        at Context.&lt;anonymous&gt; (file:///home/runner/work/vc-api-verifier-test-suite/vc-api-verifier-test-suite/tests/10-vc-di.js:120:11)
                        at process.processTicksAndRejections (node:internal/process/task_queues:95:5)</pre>
                      </details>
                    </div>
                  </td>
                  <td class="passed not-optional highlight-on-hover text-center">
                    <div class= "highlight-on-hover">‚úì</div>
                    <div class="relative-pos">
                    </div>
                  </td>
                  <td class="passed not-optional highlight-on-hover text-center">
                    <div class= "highlight-on-hover">‚úì</div>
                    <div class="relative-pos">
                    </div>
                  </td>
                  <td class="failed not-optional highlight-on-hover text-center">
                    <div class= "highlight-on-hover">‚ùå</div>
                    <div class="relative-pos">
                      <details class="err hide">
                        <summary>Expected no result from verifier: expected Response { status: 200, statusText: &#x27;OK&#x27;, headers: Headers { date: &#x27;Sun, 05 Jan 2025 05:11:17 GMT&#x27;, &#x27;content-type&#x27;: &#x27;text/html; charset&#x3D;utf-8&#x27;, &#x27;transfer-encoding&#x27;: &#x27;chunked&#x27;, connection: &#x27;keep-alive&#x27;, &#x27;cache-control&#x27;: &#x27;no-cache,no-store&#x27;, expires: &#x27;-1&#x27;, pragma: &#x27;no-cache&#x27;, &#x27;x-envoy-upstream-service-time&#x27;: &#x27;12&#x27;, &#x27;cf-cache-status&#x27;: &#x27;DYNAMIC&#x27;, &#x27;report-to&#x27;: &#x27;{&quot;endpoints&quot;:[{&quot;url&quot;:&quot;https:\\/\\/a.nel.cloudflare.com\\/report\\/v4?s&#x3D;aY%2FKkfJS%2BgSUMPs3x%2FSqQEnEI6BqYm8zmIRAfSSH0htPqTyD9EcRwDk2z3hNeH%2B6S2DSWP7imYvfAWSATb1rGSX8b82y1ry3xkd2pjfR9OWGiyQmebE63JCeQv%2FxjcnMYkOOB7I7k3Eb2vl0Ap%2F9&quot;}],&quot;group&quot;:&quot;cf-nel&quot;,&quot;max_age&quot;:604800}&#x27;, nel: &#x27;{&quot;success_fraction&quot;:0,&quot;report_to&quot;:&quot;cf-nel&quot;,&quot;max_age&quot;:604800}&#x27;, server: &#x27;cloudflare&#x27;, &#x27;cf-ray&#x27;: &#x27;8fd0f77f7c33fa21-ORD&#x27;, &#x27;content-encoding&#x27;: &#x27;br&#x27;, &#x27;server-timing&#x27;: &#x27;cfL4;desc&#x3D;&quot;?proto&#x3D;TCP&amp;rtt&#x3D;2819&amp;min_rtt&#x3D;1808&amp;rtt_var&#x3D;1119&amp;sent&#x3D;28&amp;recv&#x3D;18&amp;lost&#x3D;0&amp;retrans&#x3D;0&amp;sent_bytes&#x3D;19314&amp;recv_bytes&#x3D;8405&amp;delivery_rate&#x3D;1574421&amp;cwnd&#x3D;257&amp;unsent_bytes&#x3D;0&amp;cid&#x3D;86901cd48417d354&amp;ts&#x3D;599&amp;x&#x3D;0&quot;&#x27;, Authorization: &#x27;** SANITIZED TO PREVENT EXPOSING OF SECRETS ***&#x27; }, body: null, bodyUsed: false, ok: true, redirected: false, type: &#x27;default&#x27;, url: &#x27;&#x27; } to not exist</summary>
                        <pre>AssertionError: Expected no result from verifier: expected Response { status: 200, statusText: &#x27;OK&#x27;, headers: Headers { date: &#x27;Sun, 05 Jan 2025 05:11:17 GMT&#x27;, &#x27;content-type&#x27;: &#x27;text/html; charset&#x3D;utf-8&#x27;, &#x27;transfer-encoding&#x27;: &#x27;chunked&#x27;, connection: &#x27;keep-alive&#x27;, &#x27;cache-control&#x27;: &#x27;no-cache,no-store&#x27;, expires: &#x27;-1&#x27;, pragma: &#x27;no-cache&#x27;, &#x27;x-envoy-upstream-service-time&#x27;: &#x27;12&#x27;, &#x27;cf-cache-status&#x27;: &#x27;DYNAMIC&#x27;, &#x27;report-to&#x27;: &#x27;{&quot;endpoints&quot;:[{&quot;url&quot;:&quot;https:\\/\\/a.nel.cloudflare.com\\/report\\/v4?s&#x3D;aY%2FKkfJS%2BgSUMPs3x%2FSqQEnEI6BqYm8zmIRAfSSH0htPqTyD9EcRwDk2z3hNeH%2B6S2DSWP7imYvfAWSATb1rGSX8b82y1ry3xkd2pjfR9OWGiyQmebE63JCeQv%2FxjcnMYkOOB7I7k3Eb2vl0Ap%2F9&quot;}],&quot;group&quot;:&quot;cf-nel&quot;,&quot;max_age&quot;:604800}&#x27;, nel: &#x27;{&quot;success_fraction&quot;:0,&quot;report_to&quot;:&quot;cf-nel&quot;,&quot;max_age&quot;:604800}&#x27;, server: &#x27;cloudflare&#x27;, &#x27;cf-ray&#x27;: &#x27;8fd0f77f7c33fa21-ORD&#x27;, &#x27;content-encoding&#x27;: &#x27;br&#x27;, &#x27;server-timing&#x27;: &#x27;cfL4;desc&#x3D;&quot;?proto&#x3D;TCP&amp;rtt&#x3D;2819&amp;min_rtt&#x3D;1808&amp;rtt_var&#x3D;1119&amp;sent&#x3D;28&amp;recv&#x3D;18&amp;lost&#x3D;0&amp;retrans&#x3D;0&amp;sent_bytes&#x3D;19314&amp;recv_bytes&#x3D;8405&amp;delivery_rate&#x3D;1574421&amp;cwnd&#x3D;257&amp;unsent_bytes&#x3D;0&amp;cid&#x3D;86901cd48417d354&amp;ts&#x3D;599&amp;x&#x3D;0&quot;&#x27;, Authorization: &#x27;** SANITIZED TO PREVENT EXPOSING OF SECRETS ***&#x27; }, body: null, bodyUsed: false, ok: true, redirected: false, type: &#x27;default&#x27;, url: &#x27;&#x27; } to not exist
                        at should.not.exist (node_modules/chai/lib/chai/interface/should.js:208:38)
                        at testBadRequestError (file:///home/runner/work/vc-api-verifier-test-suite/vc-api-verifier-test-suite/tests/helpers.js:12:14)
                        at Context.&lt;anonymous&gt; (file:///home/runner/work/vc-api-verifier-test-suite/vc-api-verifier-test-suite/tests/10-vc-di.js:120:11)
                        at process.processTicksAndRejections (node:internal/process/task_queues:95:5)</pre>
                      </details>
                    </div>
                  </td>
              </tr>
              <tr class="confirmed">
                <!--This is the name of the test-->
                <td class="subtest">
                    MUST not verify if &quot;proof.created&quot; property is missing.
                </td>
                <!--These contain if the test passed, failed, or was skipped-->
                  <td class="failed not-optional highlight-on-hover text-center">
                    <div class= "highlight-on-hover">‚ùå</div>
                    <div class="relative-pos">
                      <details class="err hide">
                        <summary>Expected status code 400 or 422.: expected 500 to be one of [ 400, 422 ]</summary>
                        <pre>AssertionError: Expected status code 400 or 422.: expected 500 to be one of [ 400, 422 ]
                        at testBadRequestError (file:///home/runner/work/vc-api-verifier-test-suite/vc-api-verifier-test-suite/tests/helpers.js:15:26)
                        at Context.&lt;anonymous&gt; (file:///home/runner/work/vc-api-verifier-test-suite/vc-api-verifier-test-suite/tests/10-vc-di.js:132:11)
                        at process.processTicksAndRejections (node:internal/process/task_queues:95:5)</pre>
                      </details>
                    </div>
                  </td>
                  <td class="failed not-optional highlight-on-hover text-center">
                    <div class= "highlight-on-hover">‚ùå</div>
                    <div class="relative-pos">
                      <details class="err hide">
                        <summary>Expected status code 400 or 422.: expected 404 to be one of [ 400, 422 ]</summary>
                        <pre>AssertionError: Expected status code 400 or 422.: expected 404 to be one of [ 400, 422 ]
                        at testBadRequestError (file:///home/runner/work/vc-api-verifier-test-suite/vc-api-verifier-test-suite/tests/helpers.js:15:26)
                        at Context.&lt;anonymous&gt; (file:///home/runner/work/vc-api-verifier-test-suite/vc-api-verifier-test-suite/tests/10-vc-di.js:132:11)
                        at process.processTicksAndRejections (node:internal/process/task_queues:95:5)</pre>
                      </details>
                    </div>
                  </td>
                  <td class="passed not-optional highlight-on-hover text-center">
                    <div class= "highlight-on-hover">‚úì</div>
                    <div class="relative-pos">
                    </div>
                  </td>
                  <td class="passed not-optional highlight-on-hover text-center">
                    <div class= "highlight-on-hover">‚úì</div>
                    <div class="relative-pos">
                    </div>
                  </td>
                  <td class="passed not-optional highlight-on-hover text-center">
                    <div class= "highlight-on-hover">‚úì</div>
                    <div class="relative-pos">
                    </div>
                  </td>
                  <td class="passed not-optional highlight-on-hover text-center">
                    <div class= "highlight-on-hover">‚úì</div>
                    <div class="relative-pos">
                    </div>
                  </td>
                  <td class="passed not-optional highlight-on-hover text-center">
                    <div class= "highlight-on-hover">‚úì</div>
                    <div class="relative-pos">
                    </div>
                  </td>
                  <td class="passed not-optional highlight-on-hover text-center">
                    <div class= "highlight-on-hover">‚úì</div>
                    <div class="relative-pos">
                    </div>
                  </td>
                  <td class="failed not-optional highlight-on-hover text-center">
                    <div class= "highlight-on-hover">‚ùå</div>
                    <div class="relative-pos">
                      <details class="err hide">
                        <summary>Request failed with status code 403 Forbidden</summary>
                        <pre>HTTPError: Request failed with status code 403 Forbidden
                        at fn (file:///home/runner/work/vc-api-verifier-test-suite/vc-api-verifier-test-suite/node_modules/ky/distribution/core/Ky.js:28:29)
                        at process.processTicksAndRejections (node:internal/process/task_queues:95:5)
                        at async _handleResponse (file:///home/runner/work/vc-api-verifier-test-suite/vc-api-verifier-test-suite/node_modules/@digitalbazaar/http-client/lib/httpClient.js:101:16)
                        at async makeHttpsRequest (file:///home/runner/work/vc-api-verifier-test-suite/vc-api-verifier-test-suite/node_modules/vc-test-suite-implementations/lib/requests.js:46:14)
                        at async _requestAccessToken (file:///home/runner/work/vc-api-verifier-test-suite/vc-api-verifier-test-suite/node_modules/vc-test-suite-implementations/lib/oauth2.js:94:41)
                        at async _getNewAccessToken (file:///home/runner/work/vc-api-verifier-test-suite/vc-api-verifier-test-suite/node_modules/vc-test-suite-implementations/lib/oauth2.js:78:9)
                        at async constructOAuthHeader (file:///home/runner/work/vc-api-verifier-test-suite/vc-api-verifier-test-suite/node_modules/vc-test-suite-implementations/lib/oauth2.js:24:25)
                        at async makeHttpsRequest (file:///home/runner/work/vc-api-verifier-test-suite/vc-api-verifier-test-suite/node_modules/vc-test-suite-implementations/lib/requests.js:43:29)
                        at async Context.&lt;anonymous&gt; (file:///home/runner/work/vc-api-verifier-test-suite/vc-api-verifier-test-suite/tests/10-vc-di.js:131:35)</pre>
                      </details>
                    </div>
                  </td>
                  <td class="passed not-optional highlight-on-hover text-center">
                    <div class= "highlight-on-hover">‚úì</div>
                    <div class="relative-pos">
                    </div>
                  </td>
                  <td class="failed not-optional highlight-on-hover text-center">
                    <div class= "highlight-on-hover">‚ùå</div>
                    <div class="relative-pos">
                      <details class="err hide">
                        <summary>Expected an HTTP error response code: expected undefined to exist</summary>
                        <pre>AssertionError: Expected an HTTP error response code: expected undefined to exist
                        at should.exist (node_modules/chai/lib/chai/interface/should.js:144:34)
                        at testBadRequestError (file:///home/runner/work/vc-api-verifier-test-suite/vc-api-verifier-test-suite/tests/helpers.js:14:10)
                        at Context.&lt;anonymous&gt; (file:///home/runner/work/vc-api-verifier-test-suite/vc-api-verifier-test-suite/tests/10-vc-di.js:132:11)
                        at process.processTicksAndRejections (node:internal/process/task_queues:95:5)</pre>
                      </details>
                    </div>
                  </td>
                  <td class="passed not-optional highlight-on-hover text-center">
                    <div class= "highlight-on-hover">‚úì</div>
                    <div class="relative-pos">
                    </div>
                  </td>
                  <td class="passed not-optional highlight-on-hover text-center">
                    <div class= "highlight-on-hover">‚úì</div>
                    <div class="relative-pos">
                    </div>
                  </td>
                  <td class="failed not-optional highlight-on-hover text-center">
                    <div class= "highlight-on-hover">‚ùå</div>
                    <div class="relative-pos">
                      <details class="err hide">
                        <summary>Expected no result from verifier: expected Response { status: 200, statusText: &#x27;OK&#x27;, headers: Headers { date: &#x27;Sun, 05 Jan 2025 05:11:17 GMT&#x27;, &#x27;content-type&#x27;: &#x27;text/html; charset&#x3D;utf-8&#x27;, &#x27;transfer-encoding&#x27;: &#x27;chunked&#x27;, connection: &#x27;keep-alive&#x27;, &#x27;cache-control&#x27;: &#x27;no-cache,no-store&#x27;, expires: &#x27;-1&#x27;, pragma: &#x27;no-cache&#x27;, &#x27;x-envoy-upstream-service-time&#x27;: &#x27;8&#x27;, &#x27;cf-cache-status&#x27;: &#x27;DYNAMIC&#x27;, &#x27;report-to&#x27;: &#x27;{&quot;endpoints&quot;:[{&quot;url&quot;:&quot;https:\\/\\/a.nel.cloudflare.com\\/report\\/v4?s&#x3D;JkzoIPOWvxnMduhzj6N3cMVd46qOqjy1PVFNzT0r8yMK88Rox33cVDdC3OxV0I7bQiM1ht60hGoTx6EAfrLlBsNma%2BS9%2Brb7kGuvp9CkwJy6KlhsUBJaHpbBZDsSZb7lHvUuc9WtqYIsmLy%2FBaa3&quot;}],&quot;group&quot;:&quot;cf-nel&quot;,&quot;max_age&quot;:604800}&#x27;, nel: &#x27;{&quot;success_fraction&quot;:0,&quot;report_to&quot;:&quot;cf-nel&quot;,&quot;max_age&quot;:604800}&#x27;, server: &#x27;cloudflare&#x27;, &#x27;cf-ray&#x27;: &#x27;8fd0f77fccd5fa21-ORD&#x27;, &#x27;content-encoding&#x27;: &#x27;br&#x27;, &#x27;server-timing&#x27;: &#x27;cfL4;desc&#x3D;&quot;?proto&#x3D;TCP&amp;rtt&#x3D;2849&amp;min_rtt&#x3D;1808&amp;rtt_var&#x3D;1114&amp;sent&#x3D;32&amp;recv&#x3D;20&amp;lost&#x3D;0&amp;retrans&#x3D;0&amp;sent_bytes&#x3D;22050&amp;recv_bytes&#x3D;9604&amp;delivery_rate&#x3D;1574421&amp;cwnd&#x3D;257&amp;unsent_bytes&#x3D;0&amp;cid&#x3D;86901cd48417d354&amp;ts&#x3D;644&amp;x&#x3D;0&quot;&#x27;, Authorization: &#x27;** SANITIZED TO PREVENT EXPOSING OF SECRETS ***&#x27; }, body: null, bodyUsed: false, ok: true, redirected: false, type: &#x27;default&#x27;, url: &#x27;&#x27; } to not exist</summary>
                        <pre>AssertionError: Expected no result from verifier: expected Response { status: 200, statusText: &#x27;OK&#x27;, headers: Headers { date: &#x27;Sun, 05 Jan 2025 05:11:17 GMT&#x27;, &#x27;content-type&#x27;: &#x27;text/html; charset&#x3D;utf-8&#x27;, &#x27;transfer-encoding&#x27;: &#x27;chunked&#x27;, connection: &#x27;keep-alive&#x27;, &#x27;cache-control&#x27;: &#x27;no-cache,no-store&#x27;, expires: &#x27;-1&#x27;, pragma: &#x27;no-cache&#x27;, &#x27;x-envoy-upstream-service-time&#x27;: &#x27;8&#x27;, &#x27;cf-cache-status&#x27;: &#x27;DYNAMIC&#x27;, &#x27;report-to&#x27;: &#x27;{&quot;endpoints&quot;:[{&quot;url&quot;:&quot;https:\\/\\/a.nel.cloudflare.com\\/report\\/v4?s&#x3D;JkzoIPOWvxnMduhzj6N3cMVd46qOqjy1PVFNzT0r8yMK88Rox33cVDdC3OxV0I7bQiM1ht60hGoTx6EAfrLlBsNma%2BS9%2Brb7kGuvp9CkwJy6KlhsUBJaHpbBZDsSZb7lHvUuc9WtqYIsmLy%2FBaa3&quot;}],&quot;group&quot;:&quot;cf-nel&quot;,&quot;max_age&quot;:604800}&#x27;, nel: &#x27;{&quot;success_fraction&quot;:0,&quot;report_to&quot;:&quot;cf-nel&quot;,&quot;max_age&quot;:604800}&#x27;, server: &#x27;cloudflare&#x27;, &#x27;cf-ray&#x27;: &#x27;8fd0f77fccd5fa21-ORD&#x27;, &#x27;content-encoding&#x27;: &#x27;br&#x27;, &#x27;server-timing&#x27;: &#x27;cfL4;desc&#x3D;&quot;?proto&#x3D;TCP&amp;rtt&#x3D;2849&amp;min_rtt&#x3D;1808&amp;rtt_var&#x3D;1114&amp;sent&#x3D;32&amp;recv&#x3D;20&amp;lost&#x3D;0&amp;retrans&#x3D;0&amp;sent_bytes&#x3D;22050&amp;recv_bytes&#x3D;9604&amp;delivery_rate&#x3D;1574421&amp;cwnd&#x3D;257&amp;unsent_bytes&#x3D;0&amp;cid&#x3D;86901cd48417d354&amp;ts&#x3D;644&amp;x&#x3D;0&quot;&#x27;, Authorization: &#x27;** SANITIZED TO PREVENT EXPOSING OF SECRETS ***&#x27; }, body: null, bodyUsed: false, ok: true, redirected: false, type: &#x27;default&#x27;, url: &#x27;&#x27; } to not exist
                        at should.not.exist (node_modules/chai/lib/chai/interface/should.js:208:38)
                        at testBadRequestError (file:///home/runner/work/vc-api-verifier-test-suite/vc-api-verifier-test-suite/tests/helpers.js:12:14)
                        at Context.&lt;anonymous&gt; (file:///home/runner/work/vc-api-verifier-test-suite/vc-api-verifier-test-suite/tests/10-vc-di.js:132:11)
                        at process.processTicksAndRejections (node:internal/process/task_queues:95:5)</pre>
                      </details>
                    </div>
                  </td>
              </tr>
              <tr class="confirmed">
                <!--This is the name of the test-->
                <td class="subtest">
                    MUST not verify if &quot;proof.verificationMethod&quot; property is missing.
                </td>
                <!--These contain if the test passed, failed, or was skipped-->
                  <td class="failed not-optional highlight-on-hover text-center">
                    <div class= "highlight-on-hover">‚ùå</div>
                    <div class="relative-pos">
                      <details class="err hide">
                        <summary>Expected status code 400 or 422.: expected 500 to be one of [ 400, 422 ]</summary>
                        <pre>AssertionError: Expected status code 400 or 422.: expected 500 to be one of [ 400, 422 ]
                        at testBadRequestError (file:///home/runner/work/vc-api-verifier-test-suite/vc-api-verifier-test-suite/tests/helpers.js:15:26)
                        at Context.&lt;anonymous&gt; (file:///home/runner/work/vc-api-verifier-test-suite/vc-api-verifier-test-suite/tests/10-vc-di.js:144:11)
                        at process.processTicksAndRejections (node:internal/process/task_queues:95:5)</pre>
                      </details>
                    </div>
                  </td>
                  <td class="failed not-optional highlight-on-hover text-center">
                    <div class= "highlight-on-hover">‚ùå</div>
                    <div class="relative-pos">
                      <details class="err hide">
                        <summary>Expected status code 400 or 422.: expected 404 to be one of [ 400, 422 ]</summary>
                        <pre>AssertionError: Expected status code 400 or 422.: expected 404 to be one of [ 400, 422 ]
                        at testBadRequestError (file:///home/runner/work/vc-api-verifier-test-suite/vc-api-verifier-test-suite/tests/helpers.js:15:26)
                        at Context.&lt;anonymous&gt; (file:///home/runner/work/vc-api-verifier-test-suite/vc-api-verifier-test-suite/tests/10-vc-di.js:144:11)
                        at process.processTicksAndRejections (node:internal/process/task_queues:95:5)</pre>
                      </details>
                    </div>
                  </td>
                  <td class="passed not-optional highlight-on-hover text-center">
                    <div class= "highlight-on-hover">‚úì</div>
                    <div class="relative-pos">
                    </div>
                  </td>
                  <td class="passed not-optional highlight-on-hover text-center">
                    <div class= "highlight-on-hover">‚úì</div>
                    <div class="relative-pos">
                    </div>
                  </td>
                  <td class="passed not-optional highlight-on-hover text-center">
                    <div class= "highlight-on-hover">‚úì</div>
                    <div class="relative-pos">
                    </div>
                  </td>
                  <td class="passed not-optional highlight-on-hover text-center">
                    <div class= "highlight-on-hover">‚úì</div>
                    <div class="relative-pos">
                    </div>
                  </td>
                  <td class="passed not-optional highlight-on-hover text-center">
                    <div class= "highlight-on-hover">‚úì</div>
                    <div class="relative-pos">
                    </div>
                  </td>
                  <td class="passed not-optional highlight-on-hover text-center">
                    <div class= "highlight-on-hover">‚úì</div>
                    <div class="relative-pos">
                    </div>
                  </td>
                  <td class="failed not-optional highlight-on-hover text-center">
                    <div class= "highlight-on-hover">‚ùå</div>
                    <div class="relative-pos">
                      <details class="err hide">
                        <summary>Request failed with status code 403 Forbidden</summary>
                        <pre>HTTPError: Request failed with status code 403 Forbidden
                        at fn (file:///home/runner/work/vc-api-verifier-test-suite/vc-api-verifier-test-suite/node_modules/ky/distribution/core/Ky.js:28:29)
                        at process.processTicksAndRejections (node:internal/process/task_queues:95:5)
                        at async _handleResponse (file:///home/runner/work/vc-api-verifier-test-suite/vc-api-verifier-test-suite/node_modules/@digitalbazaar/http-client/lib/httpClient.js:101:16)
                        at async makeHttpsRequest (file:///home/runner/work/vc-api-verifier-test-suite/vc-api-verifier-test-suite/node_modules/vc-test-suite-implementations/lib/requests.js:46:14)
                        at async _requestAccessToken (file:///home/runner/work/vc-api-verifier-test-suite/vc-api-verifier-test-suite/node_modules/vc-test-suite-implementations/lib/oauth2.js:94:41)
                        at async _getNewAccessToken (file:///home/runner/work/vc-api-verifier-test-suite/vc-api-verifier-test-suite/node_modules/vc-test-suite-implementations/lib/oauth2.js:78:9)
                        at async constructOAuthHeader (file:///home/runner/work/vc-api-verifier-test-suite/vc-api-verifier-test-suite/node_modules/vc-test-suite-implementations/lib/oauth2.js:24:25)
                        at async makeHttpsRequest (file:///home/runner/work/vc-api-verifier-test-suite/vc-api-verifier-test-suite/node_modules/vc-test-suite-implementations/lib/requests.js:43:29)
                        at async Context.&lt;anonymous&gt; (file:///home/runner/work/vc-api-verifier-test-suite/vc-api-verifier-test-suite/tests/10-vc-di.js:143:35)</pre>
                      </details>
                    </div>
                  </td>
                  <td class="passed not-optional highlight-on-hover text-center">
                    <div class= "highlight-on-hover">‚úì</div>
                    <div class="relative-pos">
                    </div>
                  </td>
                  <td class="failed not-optional highlight-on-hover text-center">
                    <div class= "highlight-on-hover">‚ùå</div>
                    <div class="relative-pos">
                      <details class="err hide">
                        <summary>Expected an HTTP error response code: expected undefined to exist</summary>
                        <pre>AssertionError: Expected an HTTP error response code: expected undefined to exist
                        at should.exist (node_modules/chai/lib/chai/interface/should.js:144:34)
                        at testBadRequestError (file:///home/runner/work/vc-api-verifier-test-suite/vc-api-verifier-test-suite/tests/helpers.js:14:10)
                        at Context.&lt;anonymous&gt; (file:///home/runner/work/vc-api-verifier-test-suite/vc-api-verifier-test-suite/tests/10-vc-di.js:144:11)
                        at process.processTicksAndRejections (node:internal/process/task_queues:95:5)</pre>
                      </details>
                    </div>
                  </td>
                  <td class="passed not-optional highlight-on-hover text-center">
                    <div class= "highlight-on-hover">‚úì</div>
                    <div class="relative-pos">
                    </div>
                  </td>
                  <td class="passed not-optional highlight-on-hover text-center">
                    <div class= "highlight-on-hover">‚úì</div>
                    <div class="relative-pos">
                    </div>
                  </td>
                  <td class="failed not-optional highlight-on-hover text-center">
                    <div class= "highlight-on-hover">‚ùå</div>
                    <div class="relative-pos">
                      <details class="err hide">
                        <summary>Expected no result from verifier: expected Response { status: 200, statusText: &#x27;OK&#x27;, headers: Headers { date: &#x27;Sun, 05 Jan 2025 05:11:17 GMT&#x27;, &#x27;content-type&#x27;: &#x27;text/html; charset&#x3D;utf-8&#x27;, &#x27;transfer-encoding&#x27;: &#x27;chunked&#x27;, connection: &#x27;keep-alive&#x27;, &#x27;cache-control&#x27;: &#x27;no-cache,no-store&#x27;, expires: &#x27;-1&#x27;, pragma: &#x27;no-cache&#x27;, &#x27;x-envoy-upstream-service-time&#x27;: &#x27;7&#x27;, &#x27;cf-cache-status&#x27;: &#x27;DYNAMIC&#x27;, &#x27;report-to&#x27;: &#x27;{&quot;endpoints&quot;:[{&quot;url&quot;:&quot;https:\\/\\/a.nel.cloudflare.com\\/report\\/v4?s&#x3D;iSmSXmHMILJoVHE79BIIr8%2FplREZsB0FVuaPl27FgBMTWhMyN3t7SpLAU55S26YZylnk2wsBjT9ybyx87FAZI8qLBHQKmnURZ2uDNfbZ7MYWo0%2BC1pfb9S5lSlVtaaLlDNLjYwHmCsEZZ3IfaP5T&quot;}],&quot;group&quot;:&quot;cf-nel&quot;,&quot;max_age&quot;:604800}&#x27;, nel: &#x27;{&quot;success_fraction&quot;:0,&quot;report_to&quot;:&quot;cf-nel&quot;,&quot;max_age&quot;:604800}&#x27;, server: &#x27;cloudflare&#x27;, &#x27;cf-ray&#x27;: &#x27;8fd0f7800d63fa21-ORD&#x27;, &#x27;content-encoding&#x27;: &#x27;br&#x27;, &#x27;server-timing&#x27;: &#x27;cfL4;desc&#x3D;&quot;?proto&#x3D;TCP&amp;rtt&#x3D;2884&amp;min_rtt&#x3D;1808&amp;rtt_var&#x3D;1034&amp;sent&#x3D;36&amp;recv&#x3D;22&amp;lost&#x3D;0&amp;retrans&#x3D;0&amp;sent_bytes&#x3D;24779&amp;recv_bytes&#x3D;10707&amp;delivery_rate&#x3D;1574421&amp;cwnd&#x3D;257&amp;unsent_bytes&#x3D;0&amp;cid&#x3D;86901cd48417d354&amp;ts&#x3D;687&amp;x&#x3D;0&quot;&#x27;, Authorization: &#x27;** SANITIZED TO PREVENT EXPOSING OF SECRETS ***&#x27; }, body: null, bodyUsed: false, ok: true, redirected: false, type: &#x27;default&#x27;, url: &#x27;&#x27; } to not exist</summary>
                        <pre>AssertionError: Expected no result from verifier: expected Response { status: 200, statusText: &#x27;OK&#x27;, headers: Headers { date: &#x27;Sun, 05 Jan 2025 05:11:17 GMT&#x27;, &#x27;content-type&#x27;: &#x27;text/html; charset&#x3D;utf-8&#x27;, &#x27;transfer-encoding&#x27;: &#x27;chunked&#x27;, connection: &#x27;keep-alive&#x27;, &#x27;cache-control&#x27;: &#x27;no-cache,no-store&#x27;, expires: &#x27;-1&#x27;, pragma: &#x27;no-cache&#x27;, &#x27;x-envoy-upstream-service-time&#x27;: &#x27;7&#x27;, &#x27;cf-cache-status&#x27;: &#x27;DYNAMIC&#x27;, &#x27;report-to&#x27;: &#x27;{&quot;endpoints&quot;:[{&quot;url&quot;:&quot;https:\\/\\/a.nel.cloudflare.com\\/report\\/v4?s&#x3D;iSmSXmHMILJoVHE79BIIr8%2FplREZsB0FVuaPl27FgBMTWhMyN3t7SpLAU55S26YZylnk2wsBjT9ybyx87FAZI8qLBHQKmnURZ2uDNfbZ7MYWo0%2BC1pfb9S5lSlVtaaLlDNLjYwHmCsEZZ3IfaP5T&quot;}],&quot;group&quot;:&quot;cf-nel&quot;,&quot;max_age&quot;:604800}&#x27;, nel: &#x27;{&quot;success_fraction&quot;:0,&quot;report_to&quot;:&quot;cf-nel&quot;,&quot;max_age&quot;:604800}&#x27;, server: &#x27;cloudflare&#x27;, &#x27;cf-ray&#x27;: &#x27;8fd0f7800d63fa21-ORD&#x27;, &#x27;content-encoding&#x27;: &#x27;br&#x27;, &#x27;server-timing&#x27;: &#x27;cfL4;desc&#x3D;&quot;?proto&#x3D;TCP&amp;rtt&#x3D;2884&amp;min_rtt&#x3D;1808&amp;rtt_var&#x3D;1034&amp;sent&#x3D;36&amp;recv&#x3D;22&amp;lost&#x3D;0&amp;retrans&#x3D;0&amp;sent_bytes&#x3D;24779&amp;recv_bytes&#x3D;10707&amp;delivery_rate&#x3D;1574421&amp;cwnd&#x3D;257&amp;unsent_bytes&#x3D;0&amp;cid&#x3D;86901cd48417d354&amp;ts&#x3D;687&amp;x&#x3D;0&quot;&#x27;, Authorization: &#x27;** SANITIZED TO PREVENT EXPOSING OF SECRETS ***&#x27; }, body: null, bodyUsed: false, ok: true, redirected: false, type: &#x27;default&#x27;, url: &#x27;&#x27; } to not exist
                        at should.not.exist (node_modules/chai/lib/chai/interface/should.js:208:38)
                        at testBadRequestError (file:///home/runner/work/vc-api-verifier-test-suite/vc-api-verifier-test-suite/tests/helpers.js:12:14)
                        at Context.&lt;anonymous&gt; (file:///home/runner/work/vc-api-verifier-test-suite/vc-api-verifier-test-suite/tests/10-vc-di.js:144:11)
                        at process.processTicksAndRejections (node:internal/process/task_queues:95:5)</pre>
                      </details>
                    </div>
                  </td>
              </tr>
              <tr class="confirmed">
                <!--This is the name of the test-->
                <td class="subtest">
                    MUST not verify if &quot;proof.proofValue&quot; property is missing.
                </td>
                <!--These contain if the test passed, failed, or was skipped-->
                  <td class="failed not-optional highlight-on-hover text-center">
                    <div class= "highlight-on-hover">‚ùå</div>
                    <div class="relative-pos">
                      <details class="err hide">
                        <summary>Expected status code 400 or 422.: expected 500 to be one of [ 400, 422 ]</summary>
                        <pre>AssertionError: Expected status code 400 or 422.: expected 500 to be one of [ 400, 422 ]
                        at testBadRequestError (file:///home/runner/work/vc-api-verifier-test-suite/vc-api-verifier-test-suite/tests/helpers.js:15:26)
                        at Context.&lt;anonymous&gt; (file:///home/runner/work/vc-api-verifier-test-suite/vc-api-verifier-test-suite/tests/10-vc-di.js:156:11)
                        at process.processTicksAndRejections (node:internal/process/task_queues:95:5)</pre>
                      </details>
                    </div>
                  </td>
                  <td class="failed not-optional highlight-on-hover text-center">
                    <div class= "highlight-on-hover">‚ùå</div>
                    <div class="relative-pos">
                      <details class="err hide">
                        <summary>Expected status code 400 or 422.: expected 404 to be one of [ 400, 422 ]</summary>
                        <pre>AssertionError: Expected status code 400 or 422.: expected 404 to be one of [ 400, 422 ]
                        at testBadRequestError (file:///home/runner/work/vc-api-verifier-test-suite/vc-api-verifier-test-suite/tests/helpers.js:15:26)
                        at Context.&lt;anonymous&gt; (file:///home/runner/work/vc-api-verifier-test-suite/vc-api-verifier-test-suite/tests/10-vc-di.js:156:11)
                        at process.processTicksAndRejections (node:internal/process/task_queues:95:5)</pre>
                      </details>
                    </div>
                  </td>
                  <td class="passed not-optional highlight-on-hover text-center">
                    <div class= "highlight-on-hover">‚úì</div>
                    <div class="relative-pos">
                    </div>
                  </td>
                  <td class="passed not-optional highlight-on-hover text-center">
                    <div class= "highlight-on-hover">‚úì</div>
                    <div class="relative-pos">
                    </div>
                  </td>
                  <td class="passed not-optional highlight-on-hover text-center">
                    <div class= "highlight-on-hover">‚úì</div>
                    <div class="relative-pos">
                    </div>
                  </td>
                  <td class="passed not-optional highlight-on-hover text-center">
                    <div class= "highlight-on-hover">‚úì</div>
                    <div class="relative-pos">
                    </div>
                  </td>
                  <td class="passed not-optional highlight-on-hover text-center">
                    <div class= "highlight-on-hover">‚úì</div>
                    <div class="relative-pos">
                    </div>
                  </td>
                  <td class="passed not-optional highlight-on-hover text-center">
                    <div class= "highlight-on-hover">‚úì</div>
                    <div class="relative-pos">
                    </div>
                  </td>
                  <td class="failed not-optional highlight-on-hover text-center">
                    <div class= "highlight-on-hover">‚ùå</div>
                    <div class="relative-pos">
                      <details class="err hide">
                        <summary>Request failed with status code 403 Forbidden</summary>
                        <pre>HTTPError: Request failed with status code 403 Forbidden
                        at fn (file:///home/runner/work/vc-api-verifier-test-suite/vc-api-verifier-test-suite/node_modules/ky/distribution/core/Ky.js:28:29)
                        at process.processTicksAndRejections (node:internal/process/task_queues:95:5)
                        at async _handleResponse (file:///home/runner/work/vc-api-verifier-test-suite/vc-api-verifier-test-suite/node_modules/@digitalbazaar/http-client/lib/httpClient.js:101:16)
                        at async makeHttpsRequest (file:///home/runner/work/vc-api-verifier-test-suite/vc-api-verifier-test-suite/node_modules/vc-test-suite-implementations/lib/requests.js:46:14)
                        at async _requestAccessToken (file:///home/runner/work/vc-api-verifier-test-suite/vc-api-verifier-test-suite/node_modules/vc-test-suite-implementations/lib/oauth2.js:94:41)
                        at async _getNewAccessToken (file:///home/runner/work/vc-api-verifier-test-suite/vc-api-verifier-test-suite/node_modules/vc-test-suite-implementations/lib/oauth2.js:78:9)
                        at async constructOAuthHeader (file:///home/runner/work/vc-api-verifier-test-suite/vc-api-verifier-test-suite/node_modules/vc-test-suite-implementations/lib/oauth2.js:24:25)
                        at async makeHttpsRequest (file:///home/runner/work/vc-api-verifier-test-suite/vc-api-verifier-test-suite/node_modules/vc-test-suite-implementations/lib/requests.js:43:29)
                        at async Context.&lt;anonymous&gt; (file:///home/runner/work/vc-api-verifier-test-suite/vc-api-verifier-test-suite/tests/10-vc-di.js:155:35)</pre>
                      </details>
                    </div>
                  </td>
                  <td class="passed not-optional highlight-on-hover text-center">
                    <div class= "highlight-on-hover">‚úì</div>
                    <div class="relative-pos">
                    </div>
                  </td>
                  <td class="failed not-optional highlight-on-hover text-center">
                    <div class= "highlight-on-hover">‚ùå</div>
                    <div class="relative-pos">
                      <details class="err hide">
                        <summary>Expected an HTTP error response code: expected undefined to exist</summary>
                        <pre>AssertionError: Expected an HTTP error response code: expected undefined to exist
                        at should.exist (node_modules/chai/lib/chai/interface/should.js:144:34)
                        at testBadRequestError (file:///home/runner/work/vc-api-verifier-test-suite/vc-api-verifier-test-suite/tests/helpers.js:14:10)
                        at Context.&lt;anonymous&gt; (file:///home/runner/work/vc-api-verifier-test-suite/vc-api-verifier-test-suite/tests/10-vc-di.js:156:11)
                        at process.processTicksAndRejections (node:internal/process/task_queues:95:5)</pre>
                      </details>
                    </div>
                  </td>
                  <td class="passed not-optional highlight-on-hover text-center">
                    <div class= "highlight-on-hover">‚úì</div>
                    <div class="relative-pos">
                    </div>
                  </td>
                  <td class="passed not-optional highlight-on-hover text-center">
                    <div class= "highlight-on-hover">‚úì</div>
                    <div class="relative-pos">
                    </div>
                  </td>
                  <td class="failed not-optional highlight-on-hover text-center">
                    <div class= "highlight-on-hover">‚ùå</div>
                    <div class="relative-pos">
                      <details class="err hide">
                        <summary>Expected no result from verifier: expected Response { status: 200, statusText: &#x27;OK&#x27;, headers: Headers { date: &#x27;Sun, 05 Jan 2025 05:11:17 GMT&#x27;, &#x27;content-type&#x27;: &#x27;text/html; charset&#x3D;utf-8&#x27;, &#x27;transfer-encoding&#x27;: &#x27;chunked&#x27;, connection: &#x27;keep-alive&#x27;, &#x27;cache-control&#x27;: &#x27;no-cache,no-store&#x27;, expires: &#x27;-1&#x27;, pragma: &#x27;no-cache&#x27;, &#x27;x-envoy-upstream-service-time&#x27;: &#x27;15&#x27;, &#x27;cf-cache-status&#x27;: &#x27;DYNAMIC&#x27;, &#x27;report-to&#x27;: &#x27;{&quot;endpoints&quot;:[{&quot;url&quot;:&quot;https:\\/\\/a.nel.cloudflare.com\\/report\\/v4?s&#x3D;hCRyrzZl6%2BZsIXJsnnjY%2BNU7vXMfjo1WHDKvgi9DXa56HhrwepAN0oKTiH%2F2eop6OsR0KDyd%2FC%2FNKF28Y5SyZangDnLLzLkxbUX7JxZn2cUpcMJCbAqtZQOo4WTA9bZMG%2FFku2bquL%2FuoA9QRYUs&quot;}],&quot;group&quot;:&quot;cf-nel&quot;,&quot;max_age&quot;:604800}&#x27;, nel: &#x27;{&quot;success_fraction&quot;:0,&quot;report_to&quot;:&quot;cf-nel&quot;,&quot;max_age&quot;:604800}&#x27;, server: &#x27;cloudflare&#x27;, &#x27;cf-ray&#x27;: &#x27;8fd0f7804df3fa21-ORD&#x27;, &#x27;content-encoding&#x27;: &#x27;br&#x27;, &#x27;server-timing&#x27;: &#x27;cfL4;desc&#x3D;&quot;?proto&#x3D;TCP&amp;rtt&#x3D;2850&amp;min_rtt&#x3D;1808&amp;rtt_var&#x3D;945&amp;sent&#x3D;40&amp;recv&#x3D;24&amp;lost&#x3D;0&amp;retrans&#x3D;0&amp;sent_bytes&#x3D;27507&amp;recv_bytes&#x3D;11834&amp;delivery_rate&#x3D;1574421&amp;cwnd&#x3D;257&amp;unsent_bytes&#x3D;0&amp;cid&#x3D;86901cd48417d354&amp;ts&#x3D;736&amp;x&#x3D;0&quot;&#x27;, Authorization: &#x27;** SANITIZED TO PREVENT EXPOSING OF SECRETS ***&#x27; }, body: null, bodyUsed: false, ok: true, redirected: false, type: &#x27;default&#x27;, url: &#x27;&#x27; } to not exist</summary>
                        <pre>AssertionError: Expected no result from verifier: expected Response { status: 200, statusText: &#x27;OK&#x27;, headers: Headers { date: &#x27;Sun, 05 Jan 2025 05:11:17 GMT&#x27;, &#x27;content-type&#x27;: &#x27;text/html; charset&#x3D;utf-8&#x27;, &#x27;transfer-encoding&#x27;: &#x27;chunked&#x27;, connection: &#x27;keep-alive&#x27;, &#x27;cache-control&#x27;: &#x27;no-cache,no-store&#x27;, expires: &#x27;-1&#x27;, pragma: &#x27;no-cache&#x27;, &#x27;x-envoy-upstream-service-time&#x27;: &#x27;15&#x27;, &#x27;cf-cache-status&#x27;: &#x27;DYNAMIC&#x27;, &#x27;report-to&#x27;: &#x27;{&quot;endpoints&quot;:[{&quot;url&quot;:&quot;https:\\/\\/a.nel.cloudflare.com\\/report\\/v4?s&#x3D;hCRyrzZl6%2BZsIXJsnnjY%2BNU7vXMfjo1WHDKvgi9DXa56HhrwepAN0oKTiH%2F2eop6OsR0KDyd%2FC%2FNKF28Y5SyZangDnLLzLkxbUX7JxZn2cUpcMJCbAqtZQOo4WTA9bZMG%2FFku2bquL%2FuoA9QRYUs&quot;}],&quot;group&quot;:&quot;cf-nel&quot;,&quot;max_age&quot;:604800}&#x27;, nel: &#x27;{&quot;success_fraction&quot;:0,&quot;report_to&quot;:&quot;cf-nel&quot;,&quot;max_age&quot;:604800}&#x27;, server: &#x27;cloudflare&#x27;, &#x27;cf-ray&#x27;: &#x27;8fd0f7804df3fa21-ORD&#x27;, &#x27;content-encoding&#x27;: &#x27;br&#x27;, &#x27;server-timing&#x27;: &#x27;cfL4;desc&#x3D;&quot;?proto&#x3D;TCP&amp;rtt&#x3D;2850&amp;min_rtt&#x3D;1808&amp;rtt_var&#x3D;945&amp;sent&#x3D;40&amp;recv&#x3D;24&amp;lost&#x3D;0&amp;retrans&#x3D;0&amp;sent_bytes&#x3D;27507&amp;recv_bytes&#x3D;11834&amp;delivery_rate&#x3D;1574421&amp;cwnd&#x3D;257&amp;unsent_bytes&#x3D;0&amp;cid&#x3D;86901cd48417d354&amp;ts&#x3D;736&amp;x&#x3D;0&quot;&#x27;, Authorization: &#x27;** SANITIZED TO PREVENT EXPOSING OF SECRETS ***&#x27; }, body: null, bodyUsed: false, ok: true, redirected: false, type: &#x27;default&#x27;, url: &#x27;&#x27; } to not exist
                        at should.not.exist (node_modules/chai/lib/chai/interface/should.js:208:38)
                        at testBadRequestError (file:///home/runner/work/vc-api-verifier-test-suite/vc-api-verifier-test-suite/tests/helpers.js:12:14)
                        at Context.&lt;anonymous&gt; (file:///home/runner/work/vc-api-verifier-test-suite/vc-api-verifier-test-suite/tests/10-vc-di.js:156:11)
                        at process.processTicksAndRejections (node:internal/process/task_queues:95:5)</pre>
                      </details>
                    </div>
                  </td>
              </tr>
              <tr class="confirmed">
                <!--This is the name of the test-->
                <td class="subtest">
                    MUST not verify if &quot;proof.proofPurpose&quot; property is missing.
                </td>
                <!--These contain if the test passed, failed, or was skipped-->
                  <td class="failed not-optional highlight-on-hover text-center">
                    <div class= "highlight-on-hover">‚ùå</div>
                    <div class="relative-pos">
                      <details class="err hide">
                        <summary>Expected status code 400 or 422.: expected 500 to be one of [ 400, 422 ]</summary>
                        <pre>AssertionError: Expected status code 400 or 422.: expected 500 to be one of [ 400, 422 ]
                        at testBadRequestError (file:///home/runner/work/vc-api-verifier-test-suite/vc-api-verifier-test-suite/tests/helpers.js:15:26)
                        at Context.&lt;anonymous&gt; (file:///home/runner/work/vc-api-verifier-test-suite/vc-api-verifier-test-suite/tests/10-vc-di.js:168:11)
                        at process.processTicksAndRejections (node:internal/process/task_queues:95:5)</pre>
                      </details>
                    </div>
                  </td>
                  <td class="failed not-optional highlight-on-hover text-center">
                    <div class= "highlight-on-hover">‚ùå</div>
                    <div class="relative-pos">
                      <details class="err hide">
                        <summary>Expected status code 400 or 422.: expected 404 to be one of [ 400, 422 ]</summary>
                        <pre>AssertionError: Expected status code 400 or 422.: expected 404 to be one of [ 400, 422 ]
                        at testBadRequestError (file:///home/runner/work/vc-api-verifier-test-suite/vc-api-verifier-test-suite/tests/helpers.js:15:26)
                        at Context.&lt;anonymous&gt; (file:///home/runner/work/vc-api-verifier-test-suite/vc-api-verifier-test-suite/tests/10-vc-di.js:168:11)
                        at process.processTicksAndRejections (node:internal/process/task_queues:95:5)</pre>
                      </details>
                    </div>
                  </td>
                  <td class="passed not-optional highlight-on-hover text-center">
                    <div class= "highlight-on-hover">‚úì</div>
                    <div class="relative-pos">
                    </div>
                  </td>
                  <td class="passed not-optional highlight-on-hover text-center">
                    <div class= "highlight-on-hover">‚úì</div>
                    <div class="relative-pos">
                    </div>
                  </td>
                  <td class="passed not-optional highlight-on-hover text-center">
                    <div class= "highlight-on-hover">‚úì</div>
                    <div class="relative-pos">
                    </div>
                  </td>
                  <td class="passed not-optional highlight-on-hover text-center">
                    <div class= "highlight-on-hover">‚úì</div>
                    <div class="relative-pos">
                    </div>
                  </td>
                  <td class="passed not-optional highlight-on-hover text-center">
                    <div class= "highlight-on-hover">‚úì</div>
                    <div class="relative-pos">
                    </div>
                  </td>
                  <td class="passed not-optional highlight-on-hover text-center">
                    <div class= "highlight-on-hover">‚úì</div>
                    <div class="relative-pos">
                    </div>
                  </td>
                  <td class="failed not-optional highlight-on-hover text-center">
                    <div class= "highlight-on-hover">‚ùå</div>
                    <div class="relative-pos">
                      <details class="err hide">
                        <summary>Request failed with status code 403 Forbidden</summary>
                        <pre>HTTPError: Request failed with status code 403 Forbidden
                        at fn (file:///home/runner/work/vc-api-verifier-test-suite/vc-api-verifier-test-suite/node_modules/ky/distribution/core/Ky.js:28:29)
                        at process.processTicksAndRejections (node:internal/process/task_queues:95:5)
                        at async _handleResponse (file:///home/runner/work/vc-api-verifier-test-suite/vc-api-verifier-test-suite/node_modules/@digitalbazaar/http-client/lib/httpClient.js:101:16)
                        at async makeHttpsRequest (file:///home/runner/work/vc-api-verifier-test-suite/vc-api-verifier-test-suite/node_modules/vc-test-suite-implementations/lib/requests.js:46:14)
                        at async _requestAccessToken (file:///home/runner/work/vc-api-verifier-test-suite/vc-api-verifier-test-suite/node_modules/vc-test-suite-implementations/lib/oauth2.js:94:41)
                        at async _getNewAccessToken (file:///home/runner/work/vc-api-verifier-test-suite/vc-api-verifier-test-suite/node_modules/vc-test-suite-implementations/lib/oauth2.js:78:9)
                        at async constructOAuthHeader (file:///home/runner/work/vc-api-verifier-test-suite/vc-api-verifier-test-suite/node_modules/vc-test-suite-implementations/lib/oauth2.js:24:25)
                        at async makeHttpsRequest (file:///home/runner/work/vc-api-verifier-test-suite/vc-api-verifier-test-suite/node_modules/vc-test-suite-implementations/lib/requests.js:43:29)
                        at async Context.&lt;anonymous&gt; (file:///home/runner/work/vc-api-verifier-test-suite/vc-api-verifier-test-suite/tests/10-vc-di.js:167:35)</pre>
                      </details>
                    </div>
                  </td>
                  <td class="passed not-optional highlight-on-hover text-center">
                    <div class= "highlight-on-hover">‚úì</div>
                    <div class="relative-pos">
                    </div>
                  </td>
                  <td class="failed not-optional highlight-on-hover text-center">
                    <div class= "highlight-on-hover">‚ùå</div>
                    <div class="relative-pos">
                      <details class="err hide">
                        <summary>Expected an HTTP error response code: expected undefined to exist</summary>
                        <pre>AssertionError: Expected an HTTP error response code: expected undefined to exist
                        at should.exist (node_modules/chai/lib/chai/interface/should.js:144:34)
                        at testBadRequestError (file:///home/runner/work/vc-api-verifier-test-suite/vc-api-verifier-test-suite/tests/helpers.js:14:10)
                        at Context.&lt;anonymous&gt; (file:///home/runner/work/vc-api-verifier-test-suite/vc-api-verifier-test-suite/tests/10-vc-di.js:168:11)
                        at process.processTicksAndRejections (node:internal/process/task_queues:95:5)</pre>
                      </details>
                    </div>
                  </td>
                  <td class="passed not-optional highlight-on-hover text-center">
                    <div class= "highlight-on-hover">‚úì</div>
                    <div class="relative-pos">
                    </div>
                  </td>
                  <td class="passed not-optional highlight-on-hover text-center">
                    <div class= "highlight-on-hover">‚úì</div>
                    <div class="relative-pos">
                    </div>
                  </td>
                  <td class="failed not-optional highlight-on-hover text-center">
                    <div class= "highlight-on-hover">‚ùå</div>
                    <div class="relative-pos">
                      <details class="err hide">
                        <summary>Expected no result from verifier: expected Response { status: 200, statusText: &#x27;OK&#x27;, headers: Headers { date: &#x27;Sun, 05 Jan 2025 05:11:17 GMT&#x27;, &#x27;content-type&#x27;: &#x27;text/html; charset&#x3D;utf-8&#x27;, &#x27;transfer-encoding&#x27;: &#x27;chunked&#x27;, connection: &#x27;keep-alive&#x27;, &#x27;cache-control&#x27;: &#x27;no-cache,no-store&#x27;, expires: &#x27;-1&#x27;, pragma: &#x27;no-cache&#x27;, &#x27;x-envoy-upstream-service-time&#x27;: &#x27;8&#x27;, &#x27;cf-cache-status&#x27;: &#x27;DYNAMIC&#x27;, &#x27;report-to&#x27;: &#x27;{&quot;endpoints&quot;:[{&quot;url&quot;:&quot;https:\\/\\/a.nel.cloudflare.com\\/report\\/v4?s&#x3D;%2By7m7%2FlonJCGHb1Dp3QJiQo5Rrzom6TbgPIOl%2B%2FUxl1DtrbSg7irJuHcIGqTJ%2FIOOTIxlRILw98wZZB7KLF505BT9a%2Fpq6NG5yDdQSko75JdtMLyFTObgmov3A0Py675%2BbMZ0LnUJ5Oo5nHhNdvW&quot;}],&quot;group&quot;:&quot;cf-nel&quot;,&quot;max_age&quot;:604800}&#x27;, nel: &#x27;{&quot;success_fraction&quot;:0,&quot;report_to&quot;:&quot;cf-nel&quot;,&quot;max_age&quot;:604800}&#x27;, server: &#x27;cloudflare&#x27;, &#x27;cf-ray&#x27;: &#x27;8fd0f780ae9bfa21-ORD&#x27;, &#x27;content-encoding&#x27;: &#x27;br&#x27;, &#x27;server-timing&#x27;: &#x27;cfL4;desc&#x3D;&quot;?proto&#x3D;TCP&amp;rtt&#x3D;2904&amp;min_rtt&#x3D;1808&amp;rtt_var&#x3D;817&amp;sent&#x3D;43&amp;recv&#x3D;26&amp;lost&#x3D;0&amp;retrans&#x3D;0&amp;sent_bytes&#x3D;30245&amp;recv_bytes&#x3D;13033&amp;delivery_rate&#x3D;1574421&amp;cwnd&#x3D;257&amp;unsent_bytes&#x3D;0&amp;cid&#x3D;86901cd48417d354&amp;ts&#x3D;782&amp;x&#x3D;0&quot;&#x27;, Authorization: &#x27;** SANITIZED TO PREVENT EXPOSING OF SECRETS ***&#x27; }, body: null, bodyUsed: false, ok: true, redirected: false, type: &#x27;default&#x27;, url: &#x27;&#x27; } to not exist</summary>
                        <pre>AssertionError: Expected no result from verifier: expected Response { status: 200, statusText: &#x27;OK&#x27;, headers: Headers { date: &#x27;Sun, 05 Jan 2025 05:11:17 GMT&#x27;, &#x27;content-type&#x27;: &#x27;text/html; charset&#x3D;utf-8&#x27;, &#x27;transfer-encoding&#x27;: &#x27;chunked&#x27;, connection: &#x27;keep-alive&#x27;, &#x27;cache-control&#x27;: &#x27;no-cache,no-store&#x27;, expires: &#x27;-1&#x27;, pragma: &#x27;no-cache&#x27;, &#x27;x-envoy-upstream-service-time&#x27;: &#x27;8&#x27;, &#x27;cf-cache-status&#x27;: &#x27;DYNAMIC&#x27;, &#x27;report-to&#x27;: &#x27;{&quot;endpoints&quot;:[{&quot;url&quot;:&quot;https:\\/\\/a.nel.cloudflare.com\\/report\\/v4?s&#x3D;%2By7m7%2FlonJCGHb1Dp3QJiQo5Rrzom6TbgPIOl%2B%2FUxl1DtrbSg7irJuHcIGqTJ%2FIOOTIxlRILw98wZZB7KLF505BT9a%2Fpq6NG5yDdQSko75JdtMLyFTObgmov3A0Py675%2BbMZ0LnUJ5Oo5nHhNdvW&quot;}],&quot;group&quot;:&quot;cf-nel&quot;,&quot;max_age&quot;:604800}&#x27;, nel: &#x27;{&quot;success_fraction&quot;:0,&quot;report_to&quot;:&quot;cf-nel&quot;,&quot;max_age&quot;:604800}&#x27;, server: &#x27;cloudflare&#x27;, &#x27;cf-ray&#x27;: &#x27;8fd0f780ae9bfa21-ORD&#x27;, &#x27;content-encoding&#x27;: &#x27;br&#x27;, &#x27;server-timing&#x27;: &#x27;cfL4;desc&#x3D;&quot;?proto&#x3D;TCP&amp;rtt&#x3D;2904&amp;min_rtt&#x3D;1808&amp;rtt_var&#x3D;817&amp;sent&#x3D;43&amp;recv&#x3D;26&amp;lost&#x3D;0&amp;retrans&#x3D;0&amp;sent_bytes&#x3D;30245&amp;recv_bytes&#x3D;13033&amp;delivery_rate&#x3D;1574421&amp;cwnd&#x3D;257&amp;unsent_bytes&#x3D;0&amp;cid&#x3D;86901cd48417d354&amp;ts&#x3D;782&amp;x&#x3D;0&quot;&#x27;, Authorization: &#x27;** SANITIZED TO PREVENT EXPOSING OF SECRETS ***&#x27; }, body: null, bodyUsed: false, ok: true, redirected: false, type: &#x27;default&#x27;, url: &#x27;&#x27; } to not exist
                        at should.not.exist (node_modules/chai/lib/chai/interface/should.js:208:38)
                        at testBadRequestError (file:///home/runner/work/vc-api-verifier-test-suite/vc-api-verifier-test-suite/tests/helpers.js:12:14)
                        at Context.&lt;anonymous&gt; (file:///home/runner/work/vc-api-verifier-test-suite/vc-api-verifier-test-suite/tests/10-vc-di.js:168:11)
                        at process.processTicksAndRejections (node:internal/process/task_queues:95:5)</pre>
                      </details>
                    </div>
                  </td>
              </tr>
              <tr class="confirmed">
                <!--This is the name of the test-->
                <td class="subtest">
                    MUST not verify if &quot;@context&quot; is not an array.
                </td>
                <!--These contain if the test passed, failed, or was skipped-->
                  <td class="failed not-optional highlight-on-hover text-center">
                    <div class= "highlight-on-hover">‚ùå</div>
                    <div class="relative-pos">
                      <details class="err hide">
                        <summary>Expected status code 400 or 422.: expected 500 to be one of [ 400, 422 ]</summary>
                        <pre>AssertionError: Expected status code 400 or 422.: expected 500 to be one of [ 400, 422 ]
                        at testBadRequestError (file:///home/runner/work/vc-api-verifier-test-suite/vc-api-verifier-test-suite/tests/helpers.js:15:26)
                        at Context.&lt;anonymous&gt; (file:///home/runner/work/vc-api-verifier-test-suite/vc-api-verifier-test-suite/tests/10-vc-di.js:181:11)
                        at process.processTicksAndRejections (node:internal/process/task_queues:95:5)</pre>
                      </details>
                    </div>
                  </td>
                  <td class="failed not-optional highlight-on-hover text-center">
                    <div class= "highlight-on-hover">‚ùå</div>
                    <div class="relative-pos">
                      <details class="err hide">
                        <summary>Expected status code 400 or 422.: expected 404 to be one of [ 400, 422 ]</summary>
                        <pre>AssertionError: Expected status code 400 or 422.: expected 404 to be one of [ 400, 422 ]
                        at testBadRequestError (file:///home/runner/work/vc-api-verifier-test-suite/vc-api-verifier-test-suite/tests/helpers.js:15:26)
                        at Context.&lt;anonymous&gt; (file:///home/runner/work/vc-api-verifier-test-suite/vc-api-verifier-test-suite/tests/10-vc-di.js:181:11)
                        at process.processTicksAndRejections (node:internal/process/task_queues:95:5)</pre>
                      </details>
                    </div>
                  </td>
                  <td class="passed not-optional highlight-on-hover text-center">
                    <div class= "highlight-on-hover">‚úì</div>
                    <div class="relative-pos">
                    </div>
                  </td>
                  <td class="passed not-optional highlight-on-hover text-center">
                    <div class= "highlight-on-hover">‚úì</div>
                    <div class="relative-pos">
                    </div>
                  </td>
                  <td class="passed not-optional highlight-on-hover text-center">
                    <div class= "highlight-on-hover">‚úì</div>
                    <div class="relative-pos">
                    </div>
                  </td>
                  <td class="passed not-optional highlight-on-hover text-center">
                    <div class= "highlight-on-hover">‚úì</div>
                    <div class="relative-pos">
                    </div>
                  </td>
                  <td class="passed not-optional highlight-on-hover text-center">
                    <div class= "highlight-on-hover">‚úì</div>
                    <div class="relative-pos">
                    </div>
                  </td>
                  <td class="passed not-optional highlight-on-hover text-center">
                    <div class= "highlight-on-hover">‚úì</div>
                    <div class="relative-pos">
                    </div>
                  </td>
                  <td class="failed not-optional highlight-on-hover text-center">
                    <div class= "highlight-on-hover">‚ùå</div>
                    <div class="relative-pos">
                      <details class="err hide">
                        <summary>Request failed with status code 403 Forbidden</summary>
                        <pre>HTTPError: Request failed with status code 403 Forbidden
                        at fn (file:///home/runner/work/vc-api-verifier-test-suite/vc-api-verifier-test-suite/node_modules/ky/distribution/core/Ky.js:28:29)
                        at process.processTicksAndRejections (node:internal/process/task_queues:95:5)
                        at async _handleResponse (file:///home/runner/work/vc-api-verifier-test-suite/vc-api-verifier-test-suite/node_modules/@digitalbazaar/http-client/lib/httpClient.js:101:16)
                        at async makeHttpsRequest (file:///home/runner/work/vc-api-verifier-test-suite/vc-api-verifier-test-suite/node_modules/vc-test-suite-implementations/lib/requests.js:46:14)
                        at async _requestAccessToken (file:///home/runner/work/vc-api-verifier-test-suite/vc-api-verifier-test-suite/node_modules/vc-test-suite-implementations/lib/oauth2.js:94:41)
                        at async _getNewAccessToken (file:///home/runner/work/vc-api-verifier-test-suite/vc-api-verifier-test-suite/node_modules/vc-test-suite-implementations/lib/oauth2.js:78:9)
                        at async constructOAuthHeader (file:///home/runner/work/vc-api-verifier-test-suite/vc-api-verifier-test-suite/node_modules/vc-test-suite-implementations/lib/oauth2.js:24:25)
                        at async makeHttpsRequest (file:///home/runner/work/vc-api-verifier-test-suite/vc-api-verifier-test-suite/node_modules/vc-test-suite-implementations/lib/requests.js:43:29)
                        at async Context.&lt;anonymous&gt; (file:///home/runner/work/vc-api-verifier-test-suite/vc-api-verifier-test-suite/tests/10-vc-di.js:180:35)</pre>
                      </details>
                    </div>
                  </td>
                  <td class="passed not-optional highlight-on-hover text-center">
                    <div class= "highlight-on-hover">‚úì</div>
                    <div class="relative-pos">
                    </div>
                  </td>
                  <td class="failed not-optional highlight-on-hover text-center">
                    <div class= "highlight-on-hover">‚ùå</div>
                    <div class="relative-pos">
                      <details class="err hide">
                        <summary>Expected an HTTP error response code: expected undefined to exist</summary>
                        <pre>AssertionError: Expected an HTTP error response code: expected undefined to exist
                        at should.exist (node_modules/chai/lib/chai/interface/should.js:144:34)
                        at testBadRequestError (file:///home/runner/work/vc-api-verifier-test-suite/vc-api-verifier-test-suite/tests/helpers.js:14:10)
                        at Context.&lt;anonymous&gt; (file:///home/runner/work/vc-api-verifier-test-suite/vc-api-verifier-test-suite/tests/10-vc-di.js:181:11)
                        at process.processTicksAndRejections (node:internal/process/task_queues:95:5)</pre>
                      </details>
                    </div>
                  </td>
                  <td class="passed not-optional highlight-on-hover text-center">
                    <div class= "highlight-on-hover">‚úì</div>
                    <div class="relative-pos">
                    </div>
                  </td>
                  <td class="passed not-optional highlight-on-hover text-center">
                    <div class= "highlight-on-hover">‚úì</div>
                    <div class="relative-pos">
                    </div>
                  </td>
                  <td class="failed not-optional highlight-on-hover text-center">
                    <div class= "highlight-on-hover">‚ùå</div>
                    <div class="relative-pos">
                      <details class="err hide">
                        <summary>Expected no result from verifier: expected Response { status: 200, statusText: &#x27;OK&#x27;, headers: Headers { date: &#x27;Sun, 05 Jan 2025 05:11:17 GMT&#x27;, &#x27;content-type&#x27;: &#x27;text/html; charset&#x3D;utf-8&#x27;, &#x27;transfer-encoding&#x27;: &#x27;chunked&#x27;, connection: &#x27;keep-alive&#x27;, &#x27;cache-control&#x27;: &#x27;no-cache,no-store&#x27;, expires: &#x27;-1&#x27;, pragma: &#x27;no-cache&#x27;, &#x27;x-envoy-upstream-service-time&#x27;: &#x27;20&#x27;, &#x27;cf-cache-status&#x27;: &#x27;DYNAMIC&#x27;, &#x27;report-to&#x27;: &#x27;{&quot;endpoints&quot;:[{&quot;url&quot;:&quot;https:\\/\\/a.nel.cloudflare.com\\/report\\/v4?s&#x3D;S219B5pm5NQRMhWD8PW9iUBeTzDYxFi6KxkNa4EDTVbF7IlH7MKfL12H11FZmRHKMU3kHedu920mcPGh7xMBRXkJd5I60qvg5P6KO%2FytSystq5oSljvpPWjSOlMP7doLKXy6DLCeNA0TdJoCe62g&quot;}],&quot;group&quot;:&quot;cf-nel&quot;,&quot;max_age&quot;:604800}&#x27;, nel: &#x27;{&quot;success_fraction&quot;:0,&quot;report_to&quot;:&quot;cf-nel&quot;,&quot;max_age&quot;:604800}&#x27;, server: &#x27;cloudflare&#x27;, &#x27;cf-ray&#x27;: &#x27;8fd0f780ef35fa21-ORD&#x27;, &#x27;content-encoding&#x27;: &#x27;br&#x27;, &#x27;server-timing&#x27;: &#x27;cfL4;desc&#x3D;&quot;?proto&#x3D;TCP&amp;rtt&#x3D;2880&amp;min_rtt&#x3D;1808&amp;rtt_var&#x3D;825&amp;sent&#x3D;47&amp;recv&#x3D;28&amp;lost&#x3D;0&amp;retrans&#x3D;0&amp;sent_bytes&#x3D;32982&amp;recv_bytes&#x3D;14134&amp;delivery_rate&#x3D;1574421&amp;cwnd&#x3D;257&amp;unsent_bytes&#x3D;0&amp;cid&#x3D;86901cd48417d354&amp;ts&#x3D;836&amp;x&#x3D;0&quot;&#x27;, Authorization: &#x27;** SANITIZED TO PREVENT EXPOSING OF SECRETS ***&#x27; }, body: null, bodyUsed: false, ok: true, redirected: false, type: &#x27;default&#x27;, url: &#x27;&#x27; } to not exist</summary>
                        <pre>AssertionError: Expected no result from verifier: expected Response { status: 200, statusText: &#x27;OK&#x27;, headers: Headers { date: &#x27;Sun, 05 Jan 2025 05:11:17 GMT&#x27;, &#x27;content-type&#x27;: &#x27;text/html; charset&#x3D;utf-8&#x27;, &#x27;transfer-encoding&#x27;: &#x27;chunked&#x27;, connection: &#x27;keep-alive&#x27;, &#x27;cache-control&#x27;: &#x27;no-cache,no-store&#x27;, expires: &#x27;-1&#x27;, pragma: &#x27;no-cache&#x27;, &#x27;x-envoy-upstream-service-time&#x27;: &#x27;20&#x27;, &#x27;cf-cache-status&#x27;: &#x27;DYNAMIC&#x27;, &#x27;report-to&#x27;: &#x27;{&quot;endpoints&quot;:[{&quot;url&quot;:&quot;https:\\/\\/a.nel.cloudflare.com\\/report\\/v4?s&#x3D;S219B5pm5NQRMhWD8PW9iUBeTzDYxFi6KxkNa4EDTVbF7IlH7MKfL12H11FZmRHKMU3kHedu920mcPGh7xMBRXkJd5I60qvg5P6KO%2FytSystq5oSljvpPWjSOlMP7doLKXy6DLCeNA0TdJoCe62g&quot;}],&quot;group&quot;:&quot;cf-nel&quot;,&quot;max_age&quot;:604800}&#x27;, nel: &#x27;{&quot;success_fraction&quot;:0,&quot;report_to&quot;:&quot;cf-nel&quot;,&quot;max_age&quot;:604800}&#x27;, server: &#x27;cloudflare&#x27;, &#x27;cf-ray&#x27;: &#x27;8fd0f780ef35fa21-ORD&#x27;, &#x27;content-encoding&#x27;: &#x27;br&#x27;, &#x27;server-timing&#x27;: &#x27;cfL4;desc&#x3D;&quot;?proto&#x3D;TCP&amp;rtt&#x3D;2880&amp;min_rtt&#x3D;1808&amp;rtt_var&#x3D;825&amp;sent&#x3D;47&amp;recv&#x3D;28&amp;lost&#x3D;0&amp;retrans&#x3D;0&amp;sent_bytes&#x3D;32982&amp;recv_bytes&#x3D;14134&amp;delivery_rate&#x3D;1574421&amp;cwnd&#x3D;257&amp;unsent_bytes&#x3D;0&amp;cid&#x3D;86901cd48417d354&amp;ts&#x3D;836&amp;x&#x3D;0&quot;&#x27;, Authorization: &#x27;** SANITIZED TO PREVENT EXPOSING OF SECRETS ***&#x27; }, body: null, bodyUsed: false, ok: true, redirected: false, type: &#x27;default&#x27;, url: &#x27;&#x27; } to not exist
                        at should.not.exist (node_modules/chai/lib/chai/interface/should.js:208:38)
                        at testBadRequestError (file:///home/runner/work/vc-api-verifier-test-suite/vc-api-verifier-test-suite/tests/helpers.js:12:14)
                        at Context.&lt;anonymous&gt; (file:///home/runner/work/vc-api-verifier-test-suite/vc-api-verifier-test-suite/tests/10-vc-di.js:181:11)
                        at process.processTicksAndRejections (node:internal/process/task_queues:95:5)</pre>
                      </details>
                    </div>
                  </td>
              </tr>
              <tr class="confirmed">
                <!--This is the name of the test-->
                <td class="subtest">
                    MUST not verify if &quot;@context&quot; items are not strings or objects.
                </td>
                <!--These contain if the test passed, failed, or was skipped-->
                  <td class="failed not-optional highlight-on-hover text-center">
                    <div class= "highlight-on-hover">‚ùå</div>
                    <div class="relative-pos">
                      <details class="err hide">
                        <summary>Expected status code 400 or 422.: expected 500 to be one of [ 400, 422 ]</summary>
                        <pre>AssertionError: Expected status code 400 or 422.: expected 500 to be one of [ 400, 422 ]
                        at testBadRequestError (file:///home/runner/work/vc-api-verifier-test-suite/vc-api-verifier-test-suite/tests/helpers.js:15:26)
                        at Context.&lt;anonymous&gt; (file:///home/runner/work/vc-api-verifier-test-suite/vc-api-verifier-test-suite/tests/10-vc-di.js:196:13)
                        at process.processTicksAndRejections (node:internal/process/task_queues:95:5)</pre>
                      </details>
                    </div>
                  </td>
                  <td class="failed not-optional highlight-on-hover text-center">
                    <div class= "highlight-on-hover">‚ùå</div>
                    <div class="relative-pos">
                      <details class="err hide">
                        <summary>Expected status code 400 or 422.: expected 404 to be one of [ 400, 422 ]</summary>
                        <pre>AssertionError: Expected status code 400 or 422.: expected 404 to be one of [ 400, 422 ]
                        at testBadRequestError (file:///home/runner/work/vc-api-verifier-test-suite/vc-api-verifier-test-suite/tests/helpers.js:15:26)
                        at Context.&lt;anonymous&gt; (file:///home/runner/work/vc-api-verifier-test-suite/vc-api-verifier-test-suite/tests/10-vc-di.js:196:13)
                        at process.processTicksAndRejections (node:internal/process/task_queues:95:5)</pre>
                      </details>
                    </div>
                  </td>
                  <td class="passed not-optional highlight-on-hover text-center">
                    <div class= "highlight-on-hover">‚úì</div>
                    <div class="relative-pos">
                    </div>
                  </td>
                  <td class="passed not-optional highlight-on-hover text-center">
                    <div class= "highlight-on-hover">‚úì</div>
                    <div class="relative-pos">
                    </div>
                  </td>
                  <td class="passed not-optional highlight-on-hover text-center">
                    <div class= "highlight-on-hover">‚úì</div>
                    <div class="relative-pos">
                    </div>
                  </td>
                  <td class="passed not-optional highlight-on-hover text-center">
                    <div class= "highlight-on-hover">‚úì</div>
                    <div class="relative-pos">
                    </div>
                  </td>
                  <td class="passed not-optional highlight-on-hover text-center">
                    <div class= "highlight-on-hover">‚úì</div>
                    <div class="relative-pos">
                    </div>
                  </td>
                  <td class="passed not-optional highlight-on-hover text-center">
                    <div class= "highlight-on-hover">‚úì</div>
                    <div class="relative-pos">
                    </div>
                  </td>
                  <td class="failed not-optional highlight-on-hover text-center">
                    <div class= "highlight-on-hover">‚ùå</div>
                    <div class="relative-pos">
                      <details class="err hide">
                        <summary>Request failed with status code 403 Forbidden</summary>
                        <pre>HTTPError: Request failed with status code 403 Forbidden
                        at fn (file:///home/runner/work/vc-api-verifier-test-suite/vc-api-verifier-test-suite/node_modules/ky/distribution/core/Ky.js:28:29)
                        at process.processTicksAndRejections (node:internal/process/task_queues:95:5)
                        at async _handleResponse (file:///home/runner/work/vc-api-verifier-test-suite/vc-api-verifier-test-suite/node_modules/@digitalbazaar/http-client/lib/httpClient.js:101:16)
                        at async makeHttpsRequest (file:///home/runner/work/vc-api-verifier-test-suite/vc-api-verifier-test-suite/node_modules/vc-test-suite-implementations/lib/requests.js:46:14)
                        at async _requestAccessToken (file:///home/runner/work/vc-api-verifier-test-suite/vc-api-verifier-test-suite/node_modules/vc-test-suite-implementations/lib/oauth2.js:94:41)
                        at async _getNewAccessToken (file:///home/runner/work/vc-api-verifier-test-suite/vc-api-verifier-test-suite/node_modules/vc-test-suite-implementations/lib/oauth2.js:78:9)
                        at async constructOAuthHeader (file:///home/runner/work/vc-api-verifier-test-suite/vc-api-verifier-test-suite/node_modules/vc-test-suite-implementations/lib/oauth2.js:24:25)
                        at async makeHttpsRequest (file:///home/runner/work/vc-api-verifier-test-suite/vc-api-verifier-test-suite/node_modules/vc-test-suite-implementations/lib/requests.js:43:29)
                        at async Context.&lt;anonymous&gt; (file:///home/runner/work/vc-api-verifier-test-suite/vc-api-verifier-test-suite/tests/10-vc-di.js:195:37)</pre>
                      </details>
                    </div>
                  </td>
                  <td class="passed not-optional highlight-on-hover text-center">
                    <div class= "highlight-on-hover">‚úì</div>
                    <div class="relative-pos">
                    </div>
                  </td>
                  <td class="failed not-optional highlight-on-hover text-center">
                    <div class= "highlight-on-hover">‚ùå</div>
                    <div class="relative-pos">
                      <details class="err hide">
                        <summary>Expected an HTTP error response code: expected undefined to exist</summary>
                        <pre>AssertionError: Expected an HTTP error response code: expected undefined to exist
                        at should.exist (node_modules/chai/lib/chai/interface/should.js:144:34)
                        at testBadRequestError (file:///home/runner/work/vc-api-verifier-test-suite/vc-api-verifier-test-suite/tests/helpers.js:14:10)
                        at Context.&lt;anonymous&gt; (file:///home/runner/work/vc-api-verifier-test-suite/vc-api-verifier-test-suite/tests/10-vc-di.js:196:13)
                        at process.processTicksAndRejections (node:internal/process/task_queues:95:5)</pre>
                      </details>
                    </div>
                  </td>
                  <td class="passed not-optional highlight-on-hover text-center">
                    <div class= "highlight-on-hover">‚úì</div>
                    <div class="relative-pos">
                    </div>
                  </td>
                  <td class="passed not-optional highlight-on-hover text-center">
                    <div class= "highlight-on-hover">‚úì</div>
                    <div class="relative-pos">
                    </div>
                  </td>
                  <td class="failed not-optional highlight-on-hover text-center">
                    <div class= "highlight-on-hover">‚ùå</div>
                    <div class="relative-pos">
                      <details class="err hide">
                        <summary>Expected no result from verifier: expected Response { status: 200, statusText: &#x27;OK&#x27;, headers: Headers { date: &#x27;Sun, 05 Jan 2025 05:11:18 GMT&#x27;, &#x27;content-type&#x27;: &#x27;text/html; charset&#x3D;utf-8&#x27;, &#x27;transfer-encoding&#x27;: &#x27;chunked&#x27;, connection: &#x27;keep-alive&#x27;, &#x27;cache-control&#x27;: &#x27;no-cache,no-store&#x27;, expires: &#x27;-1&#x27;, pragma: &#x27;no-cache&#x27;, &#x27;x-envoy-upstream-service-time&#x27;: &#x27;17&#x27;, &#x27;cf-cache-status&#x27;: &#x27;DYNAMIC&#x27;, &#x27;report-to&#x27;: &#x27;{&quot;endpoints&quot;:[{&quot;url&quot;:&quot;https:\\/\\/a.nel.cloudflare.com\\/report\\/v4?s&#x3D;YU2PmFBnbWZCnAibJq2OBKaAU9MsU%2FAG9Ku2CvolU%2Fu2IvAqua%2BRcRy%2FhlVF60NBXBSOudrDqbIYhKl55ieODF24NgPLAlMHWsicC6eYaib%2FatIVbe8%2Fjb3YsXmrl1HgGvjoFHcvoH1%2Bpq5MsC%2BZ&quot;}],&quot;group&quot;:&quot;cf-nel&quot;,&quot;max_age&quot;:604800}&#x27;, nel: &#x27;{&quot;success_fraction&quot;:0,&quot;report_to&quot;:&quot;cf-nel&quot;,&quot;max_age&quot;:604800}&#x27;, server: &#x27;cloudflare&#x27;, &#x27;cf-ray&#x27;: &#x27;8fd0f7813832fa21-ORD&#x27;, &#x27;content-encoding&#x27;: &#x27;br&#x27;, &#x27;server-timing&#x27;: &#x27;cfL4;desc&#x3D;&quot;?proto&#x3D;TCP&amp;rtt&#x3D;2761&amp;min_rtt&#x3D;1808&amp;rtt_var&#x3D;829&amp;sent&#x3D;50&amp;recv&#x3D;30&amp;lost&#x3D;0&amp;retrans&#x3D;0&amp;sent_bytes&#x3D;35735&amp;recv_bytes&#x3D;15231&amp;delivery_rate&#x3D;1574421&amp;cwnd&#x3D;257&amp;unsent_bytes&#x3D;0&amp;cid&#x3D;86901cd48417d354&amp;ts&#x3D;888&amp;x&#x3D;0&quot;&#x27;, Authorization: &#x27;** SANITIZED TO PREVENT EXPOSING OF SECRETS ***&#x27; }, body: null, bodyUsed: false, ok: true, redirected: false, type: &#x27;default&#x27;, url: &#x27;&#x27; } to not exist</summary>
                        <pre>AssertionError: Expected no result from verifier: expected Response { status: 200, statusText: &#x27;OK&#x27;, headers: Headers { date: &#x27;Sun, 05 Jan 2025 05:11:18 GMT&#x27;, &#x27;content-type&#x27;: &#x27;text/html; charset&#x3D;utf-8&#x27;, &#x27;transfer-encoding&#x27;: &#x27;chunked&#x27;, connection: &#x27;keep-alive&#x27;, &#x27;cache-control&#x27;: &#x27;no-cache,no-store&#x27;, expires: &#x27;-1&#x27;, pragma: &#x27;no-cache&#x27;, &#x27;x-envoy-upstream-service-time&#x27;: &#x27;17&#x27;, &#x27;cf-cache-status&#x27;: &#x27;DYNAMIC&#x27;, &#x27;report-to&#x27;: &#x27;{&quot;endpoints&quot;:[{&quot;url&quot;:&quot;https:\\/\\/a.nel.cloudflare.com\\/report\\/v4?s&#x3D;YU2PmFBnbWZCnAibJq2OBKaAU9MsU%2FAG9Ku2CvolU%2Fu2IvAqua%2BRcRy%2FhlVF60NBXBSOudrDqbIYhKl55ieODF24NgPLAlMHWsicC6eYaib%2FatIVbe8%2Fjb3YsXmrl1HgGvjoFHcvoH1%2Bpq5MsC%2BZ&quot;}],&quot;group&quot;:&quot;cf-nel&quot;,&quot;max_age&quot;:604800}&#x27;, nel: &#x27;{&quot;success_fraction&quot;:0,&quot;report_to&quot;:&quot;cf-nel&quot;,&quot;max_age&quot;:604800}&#x27;, server: &#x27;cloudflare&#x27;, &#x27;cf-ray&#x27;: &#x27;8fd0f7813832fa21-ORD&#x27;, &#x27;content-encoding&#x27;: &#x27;br&#x27;, &#x27;server-timing&#x27;: &#x27;cfL4;desc&#x3D;&quot;?proto&#x3D;TCP&amp;rtt&#x3D;2761&amp;min_rtt&#x3D;1808&amp;rtt_var&#x3D;829&amp;sent&#x3D;50&amp;recv&#x3D;30&amp;lost&#x3D;0&amp;retrans&#x3D;0&amp;sent_bytes&#x3D;35735&amp;recv_bytes&#x3D;15231&amp;delivery_rate&#x3D;1574421&amp;cwnd&#x3D;257&amp;unsent_bytes&#x3D;0&amp;cid&#x3D;86901cd48417d354&amp;ts&#x3D;888&amp;x&#x3D;0&quot;&#x27;, Authorization: &#x27;** SANITIZED TO PREVENT EXPOSING OF SECRETS ***&#x27; }, body: null, bodyUsed: false, ok: true, redirected: false, type: &#x27;default&#x27;, url: &#x27;&#x27; } to not exist
                        at should.not.exist (node_modules/chai/lib/chai/interface/should.js:208:38)
                        at testBadRequestError (file:///home/runner/work/vc-api-verifier-test-suite/vc-api-verifier-test-suite/tests/helpers.js:12:14)
                        at Context.&lt;anonymous&gt; (file:///home/runner/work/vc-api-verifier-test-suite/vc-api-verifier-test-suite/tests/10-vc-di.js:196:13)
                        at process.processTicksAndRejections (node:internal/process/task_queues:95:5)</pre>
                      </details>
                    </div>
                  </td>
              </tr>
              <tr class="confirmed">
                <!--This is the name of the test-->
                <td class="subtest">
                    MUST not verify if &quot;type&quot; is not an array.
                </td>
                <!--These contain if the test passed, failed, or was skipped-->
                  <td class="failed not-optional highlight-on-hover text-center">
                    <div class= "highlight-on-hover">‚ùå</div>
                    <div class="relative-pos">
                      <details class="err hide">
                        <summary>Expected status code 400 or 422.: expected 500 to be one of [ 400, 422 ]</summary>
                        <pre>AssertionError: Expected status code 400 or 422.: expected 500 to be one of [ 400, 422 ]
                        at testBadRequestError (file:///home/runner/work/vc-api-verifier-test-suite/vc-api-verifier-test-suite/tests/helpers.js:15:26)
                        at Context.&lt;anonymous&gt; (file:///home/runner/work/vc-api-verifier-test-suite/vc-api-verifier-test-suite/tests/10-vc-di.js:210:11)
                        at process.processTicksAndRejections (node:internal/process/task_queues:95:5)</pre>
                      </details>
                    </div>
                  </td>
                  <td class="failed not-optional highlight-on-hover text-center">
                    <div class= "highlight-on-hover">‚ùå</div>
                    <div class="relative-pos">
                      <details class="err hide">
                        <summary>Expected status code 400 or 422.: expected 404 to be one of [ 400, 422 ]</summary>
                        <pre>AssertionError: Expected status code 400 or 422.: expected 404 to be one of [ 400, 422 ]
                        at testBadRequestError (file:///home/runner/work/vc-api-verifier-test-suite/vc-api-verifier-test-suite/tests/helpers.js:15:26)
                        at Context.&lt;anonymous&gt; (file:///home/runner/work/vc-api-verifier-test-suite/vc-api-verifier-test-suite/tests/10-vc-di.js:210:11)
                        at process.processTicksAndRejections (node:internal/process/task_queues:95:5)</pre>
                      </details>
                    </div>
                  </td>
                  <td class="passed not-optional highlight-on-hover text-center">
                    <div class= "highlight-on-hover">‚úì</div>
                    <div class="relative-pos">
                    </div>
                  </td>
                  <td class="passed not-optional highlight-on-hover text-center">
                    <div class= "highlight-on-hover">‚úì</div>
                    <div class="relative-pos">
                    </div>
                  </td>
                  <td class="passed not-optional highlight-on-hover text-center">
                    <div class= "highlight-on-hover">‚úì</div>
                    <div class="relative-pos">
                    </div>
                  </td>
                  <td class="passed not-optional highlight-on-hover text-center">
                    <div class= "highlight-on-hover">‚úì</div>
                    <div class="relative-pos">
                    </div>
                  </td>
                  <td class="passed not-optional highlight-on-hover text-center">
                    <div class= "highlight-on-hover">‚úì</div>
                    <div class="relative-pos">
                    </div>
                  </td>
                  <td class="passed not-optional highlight-on-hover text-center">
                    <div class= "highlight-on-hover">‚úì</div>
                    <div class="relative-pos">
                    </div>
                  </td>
                  <td class="failed not-optional highlight-on-hover text-center">
                    <div class= "highlight-on-hover">‚ùå</div>
                    <div class="relative-pos">
                      <details class="err hide">
                        <summary>Request failed with status code 403 Forbidden</summary>
                        <pre>HTTPError: Request failed with status code 403 Forbidden
                        at fn (file:///home/runner/work/vc-api-verifier-test-suite/vc-api-verifier-test-suite/node_modules/ky/distribution/core/Ky.js:28:29)
                        at process.processTicksAndRejections (node:internal/process/task_queues:95:5)
                        at async _handleResponse (file:///home/runner/work/vc-api-verifier-test-suite/vc-api-verifier-test-suite/node_modules/@digitalbazaar/http-client/lib/httpClient.js:101:16)
                        at async makeHttpsRequest (file:///home/runner/work/vc-api-verifier-test-suite/vc-api-verifier-test-suite/node_modules/vc-test-suite-implementations/lib/requests.js:46:14)
                        at async _requestAccessToken (file:///home/runner/work/vc-api-verifier-test-suite/vc-api-verifier-test-suite/node_modules/vc-test-suite-implementations/lib/oauth2.js:94:41)
                        at async _getNewAccessToken (file:///home/runner/work/vc-api-verifier-test-suite/vc-api-verifier-test-suite/node_modules/vc-test-suite-implementations/lib/oauth2.js:78:9)
                        at async constructOAuthHeader (file:///home/runner/work/vc-api-verifier-test-suite/vc-api-verifier-test-suite/node_modules/vc-test-suite-implementations/lib/oauth2.js:24:25)
                        at async makeHttpsRequest (file:///home/runner/work/vc-api-verifier-test-suite/vc-api-verifier-test-suite/node_modules/vc-test-suite-implementations/lib/requests.js:43:29)
                        at async Context.&lt;anonymous&gt; (file:///home/runner/work/vc-api-verifier-test-suite/vc-api-verifier-test-suite/tests/10-vc-di.js:209:35)</pre>
                      </details>
                    </div>
                  </td>
                  <td class="passed not-optional highlight-on-hover text-center">
                    <div class= "highlight-on-hover">‚úì</div>
                    <div class="relative-pos">
                    </div>
                  </td>
                  <td class="failed not-optional highlight-on-hover text-center">
                    <div class= "highlight-on-hover">‚ùå</div>
                    <div class="relative-pos">
                      <details class="err hide">
                        <summary>Expected an HTTP error response code: expected undefined to exist</summary>
                        <pre>AssertionError: Expected an HTTP error response code: expected undefined to exist
                        at should.exist (node_modules/chai/lib/chai/interface/should.js:144:34)
                        at testBadRequestError (file:///home/runner/work/vc-api-verifier-test-suite/vc-api-verifier-test-suite/tests/helpers.js:14:10)
                        at Context.&lt;anonymous&gt; (file:///home/runner/work/vc-api-verifier-test-suite/vc-api-verifier-test-suite/tests/10-vc-di.js:210:11)
                        at process.processTicksAndRejections (node:internal/process/task_queues:95:5)</pre>
                      </details>
                    </div>
                  </td>
                  <td class="passed not-optional highlight-on-hover text-center">
                    <div class= "highlight-on-hover">‚úì</div>
                    <div class="relative-pos">
                    </div>
                  </td>
                  <td class="passed not-optional highlight-on-hover text-center">
                    <div class= "highlight-on-hover">‚úì</div>
                    <div class="relative-pos">
                    </div>
                  </td>
                  <td class="failed not-optional highlight-on-hover text-center">
                    <div class= "highlight-on-hover">‚ùå</div>
                    <div class="relative-pos">
                      <details class="err hide">
                        <summary>Expected no result from verifier: expected Response { status: 200, statusText: &#x27;OK&#x27;, headers: Headers { date: &#x27;Sun, 05 Jan 2025 05:11:18 GMT&#x27;, &#x27;content-type&#x27;: &#x27;text/html; charset&#x3D;utf-8&#x27;, &#x27;transfer-encoding&#x27;: &#x27;chunked&#x27;, connection: &#x27;keep-alive&#x27;, &#x27;cache-control&#x27;: &#x27;no-cache,no-store&#x27;, expires: &#x27;-1&#x27;, pragma: &#x27;no-cache&#x27;, &#x27;x-envoy-upstream-service-time&#x27;: &#x27;17&#x27;, &#x27;cf-cache-status&#x27;: &#x27;DYNAMIC&#x27;, &#x27;report-to&#x27;: &#x27;{&quot;endpoints&quot;:[{&quot;url&quot;:&quot;https:\\/\\/a.nel.cloudflare.com\\/report\\/v4?s&#x3D;v8%2BJwT72zs%2FGGqoDAGXE3IMILJL56RmD590yUOOm83gwqkiRgCOsWsv0zju%2FO9ntCebXV9nHSkXnFK8WLgFPaP7kAtdbNb2D2T1blM4qjyP2tsBa%2BnX%2BVq%2BHMn%2BaN%2Bzvzahi%2Fru5iQH1qdLXxBbR&quot;}],&quot;group&quot;:&quot;cf-nel&quot;,&quot;max_age&quot;:604800}&#x27;, nel: &#x27;{&quot;success_fraction&quot;:0,&quot;report_to&quot;:&quot;cf-nel&quot;,&quot;max_age&quot;:604800}&#x27;, server: &#x27;cloudflare&#x27;, &#x27;cf-ray&#x27;: &#x27;8fd0f7819904fa21-ORD&#x27;, &#x27;content-encoding&#x27;: &#x27;br&#x27;, &#x27;server-timing&#x27;: &#x27;cfL4;desc&#x3D;&quot;?proto&#x3D;TCP&amp;rtt&#x3D;2658&amp;min_rtt&#x3D;1808&amp;rtt_var&#x3D;829&amp;sent&#x3D;53&amp;recv&#x3D;32&amp;lost&#x3D;0&amp;retrans&#x3D;0&amp;sent_bytes&#x3D;38475&amp;recv_bytes&#x3D;16428&amp;delivery_rate&#x3D;1574421&amp;cwnd&#x3D;257&amp;unsent_bytes&#x3D;0&amp;cid&#x3D;86901cd48417d354&amp;ts&#x3D;940&amp;x&#x3D;0&quot;&#x27;, Authorization: &#x27;** SANITIZED TO PREVENT EXPOSING OF SECRETS ***&#x27; }, body: null, bodyUsed: false, ok: true, redirected: false, type: &#x27;default&#x27;, url: &#x27;&#x27; } to not exist</summary>
                        <pre>AssertionError: Expected no result from verifier: expected Response { status: 200, statusText: &#x27;OK&#x27;, headers: Headers { date: &#x27;Sun, 05 Jan 2025 05:11:18 GMT&#x27;, &#x27;content-type&#x27;: &#x27;text/html; charset&#x3D;utf-8&#x27;, &#x27;transfer-encoding&#x27;: &#x27;chunked&#x27;, connection: &#x27;keep-alive&#x27;, &#x27;cache-control&#x27;: &#x27;no-cache,no-store&#x27;, expires: &#x27;-1&#x27;, pragma: &#x27;no-cache&#x27;, &#x27;x-envoy-upstream-service-time&#x27;: &#x27;17&#x27;, &#x27;cf-cache-status&#x27;: &#x27;DYNAMIC&#x27;, &#x27;report-to&#x27;: &#x27;{&quot;endpoints&quot;:[{&quot;url&quot;:&quot;https:\\/\\/a.nel.cloudflare.com\\/report\\/v4?s&#x3D;v8%2BJwT72zs%2FGGqoDAGXE3IMILJL56RmD590yUOOm83gwqkiRgCOsWsv0zju%2FO9ntCebXV9nHSkXnFK8WLgFPaP7kAtdbNb2D2T1blM4qjyP2tsBa%2BnX%2BVq%2BHMn%2BaN%2Bzvzahi%2Fru5iQH1qdLXxBbR&quot;}],&quot;group&quot;:&quot;cf-nel&quot;,&quot;max_age&quot;:604800}&#x27;, nel: &#x27;{&quot;success_fraction&quot;:0,&quot;report_to&quot;:&quot;cf-nel&quot;,&quot;max_age&quot;:604800}&#x27;, server: &#x27;cloudflare&#x27;, &#x27;cf-ray&#x27;: &#x27;8fd0f7819904fa21-ORD&#x27;, &#x27;content-encoding&#x27;: &#x27;br&#x27;, &#x27;server-timing&#x27;: &#x27;cfL4;desc&#x3D;&quot;?proto&#x3D;TCP&amp;rtt&#x3D;2658&amp;min_rtt&#x3D;1808&amp;rtt_var&#x3D;829&amp;sent&#x3D;53&amp;recv&#x3D;32&amp;lost&#x3D;0&amp;retrans&#x3D;0&amp;sent_bytes&#x3D;38475&amp;recv_bytes&#x3D;16428&amp;delivery_rate&#x3D;1574421&amp;cwnd&#x3D;257&amp;unsent_bytes&#x3D;0&amp;cid&#x3D;86901cd48417d354&amp;ts&#x3D;940&amp;x&#x3D;0&quot;&#x27;, Authorization: &#x27;** SANITIZED TO PREVENT EXPOSING OF SECRETS ***&#x27; }, body: null, bodyUsed: false, ok: true, redirected: false, type: &#x27;default&#x27;, url: &#x27;&#x27; } to not exist
                        at should.not.exist (node_modules/chai/lib/chai/interface/should.js:208:38)
                        at testBadRequestError (file:///home/runner/work/vc-api-verifier-test-suite/vc-api-verifier-test-suite/tests/helpers.js:12:14)
                        at Context.&lt;anonymous&gt; (file:///home/runner/work/vc-api-verifier-test-suite/vc-api-verifier-test-suite/tests/10-vc-di.js:210:11)
                        at process.processTicksAndRejections (node:internal/process/task_queues:95:5)</pre>
                      </details>
                    </div>
                  </td>
              </tr>
              <tr class="confirmed">
                <!--This is the name of the test-->
                <td class="subtest">
                    MUST not verify if &quot;type&quot; items are not strings.
                </td>
                <!--These contain if the test passed, failed, or was skipped-->
                  <td class="failed not-optional highlight-on-hover text-center">
                    <div class= "highlight-on-hover">‚ùå</div>
                    <div class="relative-pos">
                      <details class="err hide">
                        <summary>Expected status code 400 or 422.: expected 500 to be one of [ 400, 422 ]</summary>
                        <pre>AssertionError: Expected status code 400 or 422.: expected 500 to be one of [ 400, 422 ]
                        at testBadRequestError (file:///home/runner/work/vc-api-verifier-test-suite/vc-api-verifier-test-suite/tests/helpers.js:15:26)
                        at Context.&lt;anonymous&gt; (file:///home/runner/work/vc-api-verifier-test-suite/vc-api-verifier-test-suite/tests/10-vc-di.js:224:11)
                        at process.processTicksAndRejections (node:internal/process/task_queues:95:5)</pre>
                      </details>
                    </div>
                  </td>
                  <td class="failed not-optional highlight-on-hover text-center">
                    <div class= "highlight-on-hover">‚ùå</div>
                    <div class="relative-pos">
                      <details class="err hide">
                        <summary>Expected status code 400 or 422.: expected 404 to be one of [ 400, 422 ]</summary>
                        <pre>AssertionError: Expected status code 400 or 422.: expected 404 to be one of [ 400, 422 ]
                        at testBadRequestError (file:///home/runner/work/vc-api-verifier-test-suite/vc-api-verifier-test-suite/tests/helpers.js:15:26)
                        at Context.&lt;anonymous&gt; (file:///home/runner/work/vc-api-verifier-test-suite/vc-api-verifier-test-suite/tests/10-vc-di.js:224:11)
                        at process.processTicksAndRejections (node:internal/process/task_queues:95:5)</pre>
                      </details>
                    </div>
                  </td>
                  <td class="passed not-optional highlight-on-hover text-center">
                    <div class= "highlight-on-hover">‚úì</div>
                    <div class="relative-pos">
                    </div>
                  </td>
                  <td class="passed not-optional highlight-on-hover text-center">
                    <div class= "highlight-on-hover">‚úì</div>
                    <div class="relative-pos">
                    </div>
                  </td>
                  <td class="passed not-optional highlight-on-hover text-center">
                    <div class= "highlight-on-hover">‚úì</div>
                    <div class="relative-pos">
                    </div>
                  </td>
                  <td class="passed not-optional highlight-on-hover text-center">
                    <div class= "highlight-on-hover">‚úì</div>
                    <div class="relative-pos">
                    </div>
                  </td>
                  <td class="passed not-optional highlight-on-hover text-center">
                    <div class= "highlight-on-hover">‚úì</div>
                    <div class="relative-pos">
                    </div>
                  </td>
                  <td class="passed not-optional highlight-on-hover text-center">
                    <div class= "highlight-on-hover">‚úì</div>
                    <div class="relative-pos">
                    </div>
                  </td>
                  <td class="failed not-optional highlight-on-hover text-center">
                    <div class= "highlight-on-hover">‚ùå</div>
                    <div class="relative-pos">
                      <details class="err hide">
                        <summary>Request failed with status code 403 Forbidden</summary>
                        <pre>HTTPError: Request failed with status code 403 Forbidden
                        at fn (file:///home/runner/work/vc-api-verifier-test-suite/vc-api-verifier-test-suite/node_modules/ky/distribution/core/Ky.js:28:29)
                        at process.processTicksAndRejections (node:internal/process/task_queues:95:5)
                        at async _handleResponse (file:///home/runner/work/vc-api-verifier-test-suite/vc-api-verifier-test-suite/node_modules/@digitalbazaar/http-client/lib/httpClient.js:101:16)
                        at async makeHttpsRequest (file:///home/runner/work/vc-api-verifier-test-suite/vc-api-verifier-test-suite/node_modules/vc-test-suite-implementations/lib/requests.js:46:14)
                        at async _requestAccessToken (file:///home/runner/work/vc-api-verifier-test-suite/vc-api-verifier-test-suite/node_modules/vc-test-suite-implementations/lib/oauth2.js:94:41)
                        at async _getNewAccessToken (file:///home/runner/work/vc-api-verifier-test-suite/vc-api-verifier-test-suite/node_modules/vc-test-suite-implementations/lib/oauth2.js:78:9)
                        at async constructOAuthHeader (file:///home/runner/work/vc-api-verifier-test-suite/vc-api-verifier-test-suite/node_modules/vc-test-suite-implementations/lib/oauth2.js:24:25)
                        at async makeHttpsRequest (file:///home/runner/work/vc-api-verifier-test-suite/vc-api-verifier-test-suite/node_modules/vc-test-suite-implementations/lib/requests.js:43:29)
                        at async Context.&lt;anonymous&gt; (file:///home/runner/work/vc-api-verifier-test-suite/vc-api-verifier-test-suite/tests/10-vc-di.js:223:35)</pre>
                      </details>
                    </div>
                  </td>
                  <td class="passed not-optional highlight-on-hover text-center">
                    <div class= "highlight-on-hover">‚úì</div>
                    <div class="relative-pos">
                    </div>
                  </td>
                  <td class="failed not-optional highlight-on-hover text-center">
                    <div class= "highlight-on-hover">‚ùå</div>
                    <div class="relative-pos">
                      <details class="err hide">
                        <summary>Expected an HTTP error response code: expected undefined to exist</summary>
                        <pre>AssertionError: Expected an HTTP error response code: expected undefined to exist
                        at should.exist (node_modules/chai/lib/chai/interface/should.js:144:34)
                        at testBadRequestError (file:///home/runner/work/vc-api-verifier-test-suite/vc-api-verifier-test-suite/tests/helpers.js:14:10)
                        at Context.&lt;anonymous&gt; (file:///home/runner/work/vc-api-verifier-test-suite/vc-api-verifier-test-suite/tests/10-vc-di.js:224:11)
                        at process.processTicksAndRejections (node:internal/process/task_queues:95:5)</pre>
                      </details>
                    </div>
                  </td>
                  <td class="passed not-optional highlight-on-hover text-center">
                    <div class= "highlight-on-hover">‚úì</div>
                    <div class="relative-pos">
                    </div>
                  </td>
                  <td class="passed not-optional highlight-on-hover text-center">
                    <div class= "highlight-on-hover">‚úì</div>
                    <div class="relative-pos">
                    </div>
                  </td>
                  <td class="failed not-optional highlight-on-hover text-center">
                    <div class= "highlight-on-hover">‚ùå</div>
                    <div class="relative-pos">
                      <details class="err hide">
                        <summary>Expected no result from verifier: expected Response { status: 200, statusText: &#x27;OK&#x27;, headers: Headers { date: &#x27;Sun, 05 Jan 2025 05:11:18 GMT&#x27;, &#x27;content-type&#x27;: &#x27;text/html; charset&#x3D;utf-8&#x27;, &#x27;transfer-encoding&#x27;: &#x27;chunked&#x27;, connection: &#x27;keep-alive&#x27;, &#x27;cache-control&#x27;: &#x27;no-cache,no-store&#x27;, expires: &#x27;-1&#x27;, pragma: &#x27;no-cache&#x27;, &#x27;x-envoy-upstream-service-time&#x27;: &#x27;22&#x27;, &#x27;cf-cache-status&#x27;: &#x27;DYNAMIC&#x27;, &#x27;report-to&#x27;: &#x27;{&quot;endpoints&quot;:[{&quot;url&quot;:&quot;https:\\/\\/a.nel.cloudflare.com\\/report\\/v4?s&#x3D;3aM8%2BTSphWnC74PCP4xE%2FCTCGoMpgQe7lp3UOTsP7diqSxRiTQ%2FjU3KlW76wG924AB56A8miivE%2FLPc6J7FE7RVfgxxQEf3Jyw%2Bj%2BsedLv3jiUbhMjbppx8Ud%2F5X4ZTxxemsCkwL0qqkURXbxfgU&quot;}],&quot;group&quot;:&quot;cf-nel&quot;,&quot;max_age&quot;:604800}&#x27;, nel: &#x27;{&quot;success_fraction&quot;:0,&quot;report_to&quot;:&quot;cf-nel&quot;,&quot;max_age&quot;:604800}&#x27;, server: &#x27;cloudflare&#x27;, &#x27;cf-ray&#x27;: &#x27;8fd0f781e9b8fa21-ORD&#x27;, &#x27;content-encoding&#x27;: &#x27;br&#x27;, &#x27;server-timing&#x27;: &#x27;cfL4;desc&#x3D;&quot;?proto&#x3D;TCP&amp;rtt&#x3D;2565&amp;min_rtt&#x3D;1808&amp;rtt_var&#x3D;807&amp;sent&#x3D;56&amp;recv&#x3D;34&amp;lost&#x3D;0&amp;retrans&#x3D;0&amp;sent_bytes&#x3D;41217&amp;recv_bytes&#x3D;17621&amp;delivery_rate&#x3D;1574421&amp;cwnd&#x3D;257&amp;unsent_bytes&#x3D;0&amp;cid&#x3D;86901cd48417d354&amp;ts&#x3D;998&amp;x&#x3D;0&quot;&#x27;, Authorization: &#x27;** SANITIZED TO PREVENT EXPOSING OF SECRETS ***&#x27; }, body: null, bodyUsed: false, ok: true, redirected: false, type: &#x27;default&#x27;, url: &#x27;&#x27; } to not exist</summary>
                        <pre>AssertionError: Expected no result from verifier: expected Response { status: 200, statusText: &#x27;OK&#x27;, headers: Headers { date: &#x27;Sun, 05 Jan 2025 05:11:18 GMT&#x27;, &#x27;content-type&#x27;: &#x27;text/html; charset&#x3D;utf-8&#x27;, &#x27;transfer-encoding&#x27;: &#x27;chunked&#x27;, connection: &#x27;keep-alive&#x27;, &#x27;cache-control&#x27;: &#x27;no-cache,no-store&#x27;, expires: &#x27;-1&#x27;, pragma: &#x27;no-cache&#x27;, &#x27;x-envoy-upstream-service-time&#x27;: &#x27;22&#x27;, &#x27;cf-cache-status&#x27;: &#x27;DYNAMIC&#x27;, &#x27;report-to&#x27;: &#x27;{&quot;endpoints&quot;:[{&quot;url&quot;:&quot;https:\\/\\/a.nel.cloudflare.com\\/report\\/v4?s&#x3D;3aM8%2BTSphWnC74PCP4xE%2FCTCGoMpgQe7lp3UOTsP7diqSxRiTQ%2FjU3KlW76wG924AB56A8miivE%2FLPc6J7FE7RVfgxxQEf3Jyw%2Bj%2BsedLv3jiUbhMjbppx8Ud%2F5X4ZTxxemsCkwL0qqkURXbxfgU&quot;}],&quot;group&quot;:&quot;cf-nel&quot;,&quot;max_age&quot;:604800}&#x27;, nel: &#x27;{&quot;success_fraction&quot;:0,&quot;report_to&quot;:&quot;cf-nel&quot;,&quot;max_age&quot;:604800}&#x27;, server: &#x27;cloudflare&#x27;, &#x27;cf-ray&#x27;: &#x27;8fd0f781e9b8fa21-ORD&#x27;, &#x27;content-encoding&#x27;: &#x27;br&#x27;, &#x27;server-timing&#x27;: &#x27;cfL4;desc&#x3D;&quot;?proto&#x3D;TCP&amp;rtt&#x3D;2565&amp;min_rtt&#x3D;1808&amp;rtt_var&#x3D;807&amp;sent&#x3D;56&amp;recv&#x3D;34&amp;lost&#x3D;0&amp;retrans&#x3D;0&amp;sent_bytes&#x3D;41217&amp;recv_bytes&#x3D;17621&amp;delivery_rate&#x3D;1574421&amp;cwnd&#x3D;257&amp;unsent_bytes&#x3D;0&amp;cid&#x3D;86901cd48417d354&amp;ts&#x3D;998&amp;x&#x3D;0&quot;&#x27;, Authorization: &#x27;** SANITIZED TO PREVENT EXPOSING OF SECRETS ***&#x27; }, body: null, bodyUsed: false, ok: true, redirected: false, type: &#x27;default&#x27;, url: &#x27;&#x27; } to not exist
                        at should.not.exist (node_modules/chai/lib/chai/interface/should.js:208:38)
                        at testBadRequestError (file:///home/runner/work/vc-api-verifier-test-suite/vc-api-verifier-test-suite/tests/helpers.js:12:14)
                        at Context.&lt;anonymous&gt; (file:///home/runner/work/vc-api-verifier-test-suite/vc-api-verifier-test-suite/tests/10-vc-di.js:224:11)
                        at process.processTicksAndRejections (node:internal/process/task_queues:95:5)</pre>
                      </details>
                    </div>
                  </td>
              </tr>
              <tr class="confirmed">
                <!--This is the name of the test-->
                <td class="subtest">
                    MUST not verify if &quot;issuer&quot; is not an object or a string.
                </td>
                <!--These contain if the test passed, failed, or was skipped-->
                  <td class="failed not-optional highlight-on-hover text-center">
                    <div class= "highlight-on-hover">‚ùå</div>
                    <div class="relative-pos">
                      <details class="err hide">
                        <summary>Expected status code 400 or 422.: expected 500 to be one of [ 400, 422 ]</summary>
                        <pre>AssertionError: Expected status code 400 or 422.: expected 500 to be one of [ 400, 422 ]
                        at testBadRequestError (file:///home/runner/work/vc-api-verifier-test-suite/vc-api-verifier-test-suite/tests/helpers.js:15:26)
                        at Context.&lt;anonymous&gt; (file:///home/runner/work/vc-api-verifier-test-suite/vc-api-verifier-test-suite/tests/10-vc-di.js:239:13)
                        at process.processTicksAndRejections (node:internal/process/task_queues:95:5)</pre>
                      </details>
                    </div>
                  </td>
                  <td class="failed not-optional highlight-on-hover text-center">
                    <div class= "highlight-on-hover">‚ùå</div>
                    <div class="relative-pos">
                      <details class="err hide">
                        <summary>Expected status code 400 or 422.: expected 404 to be one of [ 400, 422 ]</summary>
                        <pre>AssertionError: Expected status code 400 or 422.: expected 404 to be one of [ 400, 422 ]
                        at testBadRequestError (file:///home/runner/work/vc-api-verifier-test-suite/vc-api-verifier-test-suite/tests/helpers.js:15:26)
                        at Context.&lt;anonymous&gt; (file:///home/runner/work/vc-api-verifier-test-suite/vc-api-verifier-test-suite/tests/10-vc-di.js:239:13)
                        at process.processTicksAndRejections (node:internal/process/task_queues:95:5)</pre>
                      </details>
                    </div>
                  </td>
                  <td class="passed not-optional highlight-on-hover text-center">
                    <div class= "highlight-on-hover">‚úì</div>
                    <div class="relative-pos">
                    </div>
                  </td>
                  <td class="passed not-optional highlight-on-hover text-center">
                    <div class= "highlight-on-hover">‚úì</div>
                    <div class="relative-pos">
                    </div>
                  </td>
                  <td class="passed not-optional highlight-on-hover text-center">
                    <div class= "highlight-on-hover">‚úì</div>
                    <div class="relative-pos">
                    </div>
                  </td>
                  <td class="passed not-optional highlight-on-hover text-center">
                    <div class= "highlight-on-hover">‚úì</div>
                    <div class="relative-pos">
                    </div>
                  </td>
                  <td class="passed not-optional highlight-on-hover text-center">
                    <div class= "highlight-on-hover">‚úì</div>
                    <div class="relative-pos">
                    </div>
                  </td>
                  <td class="passed not-optional highlight-on-hover text-center">
                    <div class= "highlight-on-hover">‚úì</div>
                    <div class="relative-pos">
                    </div>
                  </td>
                  <td class="failed not-optional highlight-on-hover text-center">
                    <div class= "highlight-on-hover">‚ùå</div>
                    <div class="relative-pos">
                      <details class="err hide">
                        <summary>Request failed with status code 403 Forbidden</summary>
                        <pre>HTTPError: Request failed with status code 403 Forbidden
                        at fn (file:///home/runner/work/vc-api-verifier-test-suite/vc-api-verifier-test-suite/node_modules/ky/distribution/core/Ky.js:28:29)
                        at process.processTicksAndRejections (node:internal/process/task_queues:95:5)
                        at async _handleResponse (file:///home/runner/work/vc-api-verifier-test-suite/vc-api-verifier-test-suite/node_modules/@digitalbazaar/http-client/lib/httpClient.js:101:16)
                        at async makeHttpsRequest (file:///home/runner/work/vc-api-verifier-test-suite/vc-api-verifier-test-suite/node_modules/vc-test-suite-implementations/lib/requests.js:46:14)
                        at async _requestAccessToken (file:///home/runner/work/vc-api-verifier-test-suite/vc-api-verifier-test-suite/node_modules/vc-test-suite-implementations/lib/oauth2.js:94:41)
                        at async _getNewAccessToken (file:///home/runner/work/vc-api-verifier-test-suite/vc-api-verifier-test-suite/node_modules/vc-test-suite-implementations/lib/oauth2.js:78:9)
                        at async constructOAuthHeader (file:///home/runner/work/vc-api-verifier-test-suite/vc-api-verifier-test-suite/node_modules/vc-test-suite-implementations/lib/oauth2.js:24:25)
                        at async makeHttpsRequest (file:///home/runner/work/vc-api-verifier-test-suite/vc-api-verifier-test-suite/node_modules/vc-test-suite-implementations/lib/requests.js:43:29)
                        at async Context.&lt;anonymous&gt; (file:///home/runner/work/vc-api-verifier-test-suite/vc-api-verifier-test-suite/tests/10-vc-di.js:238:37)</pre>
                      </details>
                    </div>
                  </td>
                  <td class="passed not-optional highlight-on-hover text-center">
                    <div class= "highlight-on-hover">‚úì</div>
                    <div class="relative-pos">
                    </div>
                  </td>
                  <td class="failed not-optional highlight-on-hover text-center">
                    <div class= "highlight-on-hover">‚ùå</div>
                    <div class="relative-pos">
                      <details class="err hide">
                        <summary>Expected an HTTP error response code: expected undefined to exist</summary>
                        <pre>AssertionError: Expected an HTTP error response code: expected undefined to exist
                        at should.exist (node_modules/chai/lib/chai/interface/should.js:144:34)
                        at testBadRequestError (file:///home/runner/work/vc-api-verifier-test-suite/vc-api-verifier-test-suite/tests/helpers.js:14:10)
                        at Context.&lt;anonymous&gt; (file:///home/runner/work/vc-api-verifier-test-suite/vc-api-verifier-test-suite/tests/10-vc-di.js:239:13)
                        at process.processTicksAndRejections (node:internal/process/task_queues:95:5)</pre>
                      </details>
                    </div>
                  </td>
                  <td class="passed not-optional highlight-on-hover text-center">
                    <div class= "highlight-on-hover">‚úì</div>
                    <div class="relative-pos">
                    </div>
                  </td>
                  <td class="passed not-optional highlight-on-hover text-center">
                    <div class= "highlight-on-hover">‚úì</div>
                    <div class="relative-pos">
                    </div>
                  </td>
                  <td class="failed not-optional highlight-on-hover text-center">
                    <div class= "highlight-on-hover">‚ùå</div>
                    <div class="relative-pos">
                      <details class="err hide">
                        <summary>Expected no result from verifier: expected Response { status: 200, statusText: &#x27;OK&#x27;, headers: Headers { date: &#x27;Sun, 05 Jan 2025 05:11:18 GMT&#x27;, &#x27;content-type&#x27;: &#x27;text/html; charset&#x3D;utf-8&#x27;, &#x27;transfer-encoding&#x27;: &#x27;chunked&#x27;, connection: &#x27;keep-alive&#x27;, &#x27;cache-control&#x27;: &#x27;no-cache,no-store&#x27;, expires: &#x27;-1&#x27;, pragma: &#x27;no-cache&#x27;, &#x27;x-envoy-upstream-service-time&#x27;: &#x27;18&#x27;, &#x27;cf-cache-status&#x27;: &#x27;DYNAMIC&#x27;, &#x27;report-to&#x27;: &#x27;{&quot;endpoints&quot;:[{&quot;url&quot;:&quot;https:\\/\\/a.nel.cloudflare.com\\/report\\/v4?s&#x3D;jHrhXTRcTsrp4vQciLf5kE8qzSy7d%2BJYRraAZtxkUvpzMsTxIDFRFU4m9kkGtu2nps7jL2dSRH02nPV6cJJ%2F2BCOq4ptBN19k15Hm%2FCIePWiLogI6vd4WCxs7Xj46A04XSnRaOQsPNOumaanBKKO&quot;}],&quot;group&quot;:&quot;cf-nel&quot;,&quot;max_age&quot;:604800}&#x27;, nel: &#x27;{&quot;success_fraction&quot;:0,&quot;report_to&quot;:&quot;cf-nel&quot;,&quot;max_age&quot;:604800}&#x27;, server: &#x27;cloudflare&#x27;, &#x27;cf-ray&#x27;: &#x27;8fd0f7824a82fa21-ORD&#x27;, &#x27;content-encoding&#x27;: &#x27;br&#x27;, &#x27;server-timing&#x27;: &#x27;cfL4;desc&#x3D;&quot;?proto&#x3D;TCP&amp;rtt&#x3D;2884&amp;min_rtt&#x3D;1808&amp;rtt_var&#x3D;1389&amp;sent&#x3D;60&amp;recv&#x3D;36&amp;lost&#x3D;0&amp;retrans&#x3D;0&amp;sent_bytes&#x3D;43933&amp;recv_bytes&#x3D;18822&amp;delivery_rate&#x3D;1574421&amp;cwnd&#x3D;257&amp;unsent_bytes&#x3D;0&amp;cid&#x3D;86901cd48417d354&amp;ts&#x3D;1056&amp;x&#x3D;0&quot;&#x27;, Authorization: &#x27;** SANITIZED TO PREVENT EXPOSING OF SECRETS ***&#x27; }, body: null, bodyUsed: false, ok: true, redirected: false, type: &#x27;default&#x27;, url: &#x27;&#x27; } to not exist</summary>
                        <pre>AssertionError: Expected no result from verifier: expected Response { status: 200, statusText: &#x27;OK&#x27;, headers: Headers { date: &#x27;Sun, 05 Jan 2025 05:11:18 GMT&#x27;, &#x27;content-type&#x27;: &#x27;text/html; charset&#x3D;utf-8&#x27;, &#x27;transfer-encoding&#x27;: &#x27;chunked&#x27;, connection: &#x27;keep-alive&#x27;, &#x27;cache-control&#x27;: &#x27;no-cache,no-store&#x27;, expires: &#x27;-1&#x27;, pragma: &#x27;no-cache&#x27;, &#x27;x-envoy-upstream-service-time&#x27;: &#x27;18&#x27;, &#x27;cf-cache-status&#x27;: &#x27;DYNAMIC&#x27;, &#x27;report-to&#x27;: &#x27;{&quot;endpoints&quot;:[{&quot;url&quot;:&quot;https:\\/\\/a.nel.cloudflare.com\\/report\\/v4?s&#x3D;jHrhXTRcTsrp4vQciLf5kE8qzSy7d%2BJYRraAZtxkUvpzMsTxIDFRFU4m9kkGtu2nps7jL2dSRH02nPV6cJJ%2F2BCOq4ptBN19k15Hm%2FCIePWiLogI6vd4WCxs7Xj46A04XSnRaOQsPNOumaanBKKO&quot;}],&quot;group&quot;:&quot;cf-nel&quot;,&quot;max_age&quot;:604800}&#x27;, nel: &#x27;{&quot;success_fraction&quot;:0,&quot;report_to&quot;:&quot;cf-nel&quot;,&quot;max_age&quot;:604800}&#x27;, server: &#x27;cloudflare&#x27;, &#x27;cf-ray&#x27;: &#x27;8fd0f7824a82fa21-ORD&#x27;, &#x27;content-encoding&#x27;: &#x27;br&#x27;, &#x27;server-timing&#x27;: &#x27;cfL4;desc&#x3D;&quot;?proto&#x3D;TCP&amp;rtt&#x3D;2884&amp;min_rtt&#x3D;1808&amp;rtt_var&#x3D;1389&amp;sent&#x3D;60&amp;recv&#x3D;36&amp;lost&#x3D;0&amp;retrans&#x3D;0&amp;sent_bytes&#x3D;43933&amp;recv_bytes&#x3D;18822&amp;delivery_rate&#x3D;1574421&amp;cwnd&#x3D;257&amp;unsent_bytes&#x3D;0&amp;cid&#x3D;86901cd48417d354&amp;ts&#x3D;1056&amp;x&#x3D;0&quot;&#x27;, Authorization: &#x27;** SANITIZED TO PREVENT EXPOSING OF SECRETS ***&#x27; }, body: null, bodyUsed: false, ok: true, redirected: false, type: &#x27;default&#x27;, url: &#x27;&#x27; } to not exist
                        at should.not.exist (node_modules/chai/lib/chai/interface/should.js:208:38)
                        at testBadRequestError (file:///home/runner/work/vc-api-verifier-test-suite/vc-api-verifier-test-suite/tests/helpers.js:12:14)
                        at Context.&lt;anonymous&gt; (file:///home/runner/work/vc-api-verifier-test-suite/vc-api-verifier-test-suite/tests/10-vc-di.js:239:13)
                        at process.processTicksAndRejections (node:internal/process/task_queues:95:5)</pre>
                      </details>
                    </div>
                  </td>
              </tr>
              <tr class="confirmed">
                <!--This is the name of the test-->
                <td class="subtest">
                    MUST not verify if &quot;credentialSubject&quot; is not an object.
                </td>
                <!--These contain if the test passed, failed, or was skipped-->
                  <td class="failed not-optional highlight-on-hover text-center">
                    <div class= "highlight-on-hover">‚ùå</div>
                    <div class="relative-pos">
                      <details class="err hide">
                        <summary>Expected status code 400 or 422.: expected 500 to be one of [ 400, 422 ]</summary>
                        <pre>AssertionError: Expected status code 400 or 422.: expected 500 to be one of [ 400, 422 ]
                        at testBadRequestError (file:///home/runner/work/vc-api-verifier-test-suite/vc-api-verifier-test-suite/tests/helpers.js:15:26)
                        at Context.&lt;anonymous&gt; (file:///home/runner/work/vc-api-verifier-test-suite/vc-api-verifier-test-suite/tests/10-vc-di.js:256:13)
                        at process.processTicksAndRejections (node:internal/process/task_queues:95:5)</pre>
                      </details>
                    </div>
                  </td>
                  <td class="failed not-optional highlight-on-hover text-center">
                    <div class= "highlight-on-hover">‚ùå</div>
                    <div class="relative-pos">
                      <details class="err hide">
                        <summary>Expected status code 400 or 422.: expected 404 to be one of [ 400, 422 ]</summary>
                        <pre>AssertionError: Expected status code 400 or 422.: expected 404 to be one of [ 400, 422 ]
                        at testBadRequestError (file:///home/runner/work/vc-api-verifier-test-suite/vc-api-verifier-test-suite/tests/helpers.js:15:26)
                        at Context.&lt;anonymous&gt; (file:///home/runner/work/vc-api-verifier-test-suite/vc-api-verifier-test-suite/tests/10-vc-di.js:256:13)
                        at process.processTicksAndRejections (node:internal/process/task_queues:95:5)</pre>
                      </details>
                    </div>
                  </td>
                  <td class="passed not-optional highlight-on-hover text-center">
                    <div class= "highlight-on-hover">‚úì</div>
                    <div class="relative-pos">
                    </div>
                  </td>
                  <td class="passed not-optional highlight-on-hover text-center">
                    <div class= "highlight-on-hover">‚úì</div>
                    <div class="relative-pos">
                    </div>
                  </td>
                  <td class="passed not-optional highlight-on-hover text-center">
                    <div class= "highlight-on-hover">‚úì</div>
                    <div class="relative-pos">
                    </div>
                  </td>
                  <td class="passed not-optional highlight-on-hover text-center">
                    <div class= "highlight-on-hover">‚úì</div>
                    <div class="relative-pos">
                    </div>
                  </td>
                  <td class="passed not-optional highlight-on-hover text-center">
                    <div class= "highlight-on-hover">‚úì</div>
                    <div class="relative-pos">
                    </div>
                  </td>
                  <td class="passed not-optional highlight-on-hover text-center">
                    <div class= "highlight-on-hover">‚úì</div>
                    <div class="relative-pos">
                    </div>
                  </td>
                  <td class="failed not-optional highlight-on-hover text-center">
                    <div class= "highlight-on-hover">‚ùå</div>
                    <div class="relative-pos">
                      <details class="err hide">
                        <summary>Request failed with status code 403 Forbidden</summary>
                        <pre>HTTPError: Request failed with status code 403 Forbidden
                        at fn (file:///home/runner/work/vc-api-verifier-test-suite/vc-api-verifier-test-suite/node_modules/ky/distribution/core/Ky.js:28:29)
                        at process.processTicksAndRejections (node:internal/process/task_queues:95:5)
                        at async _handleResponse (file:///home/runner/work/vc-api-verifier-test-suite/vc-api-verifier-test-suite/node_modules/@digitalbazaar/http-client/lib/httpClient.js:101:16)
                        at async makeHttpsRequest (file:///home/runner/work/vc-api-verifier-test-suite/vc-api-verifier-test-suite/node_modules/vc-test-suite-implementations/lib/requests.js:46:14)
                        at async _requestAccessToken (file:///home/runner/work/vc-api-verifier-test-suite/vc-api-verifier-test-suite/node_modules/vc-test-suite-implementations/lib/oauth2.js:94:41)
                        at async _getNewAccessToken (file:///home/runner/work/vc-api-verifier-test-suite/vc-api-verifier-test-suite/node_modules/vc-test-suite-implementations/lib/oauth2.js:78:9)
                        at async constructOAuthHeader (file:///home/runner/work/vc-api-verifier-test-suite/vc-api-verifier-test-suite/node_modules/vc-test-suite-implementations/lib/oauth2.js:24:25)
                        at async makeHttpsRequest (file:///home/runner/work/vc-api-verifier-test-suite/vc-api-verifier-test-suite/node_modules/vc-test-suite-implementations/lib/requests.js:43:29)
                        at async Context.&lt;anonymous&gt; (file:///home/runner/work/vc-api-verifier-test-suite/vc-api-verifier-test-suite/tests/10-vc-di.js:255:37)</pre>
                      </details>
                    </div>
                  </td>
                  <td class="passed not-optional highlight-on-hover text-center">
                    <div class= "highlight-on-hover">‚úì</div>
                    <div class="relative-pos">
                    </div>
                  </td>
                  <td class="failed not-optional highlight-on-hover text-center">
                    <div class= "highlight-on-hover">‚ùå</div>
                    <div class="relative-pos">
                      <details class="err hide">
                        <summary>Expected an HTTP error response code: expected undefined to exist</summary>
                        <pre>AssertionError: Expected an HTTP error response code: expected undefined to exist
                        at should.exist (node_modules/chai/lib/chai/interface/should.js:144:34)
                        at testBadRequestError (file:///home/runner/work/vc-api-verifier-test-suite/vc-api-verifier-test-suite/tests/helpers.js:14:10)
                        at Context.&lt;anonymous&gt; (file:///home/runner/work/vc-api-verifier-test-suite/vc-api-verifier-test-suite/tests/10-vc-di.js:256:13)
                        at process.processTicksAndRejections (node:internal/process/task_queues:95:5)</pre>
                      </details>
                    </div>
                  </td>
                  <td class="passed not-optional highlight-on-hover text-center">
                    <div class= "highlight-on-hover">‚úì</div>
                    <div class="relative-pos">
                    </div>
                  </td>
                  <td class="passed not-optional highlight-on-hover text-center">
                    <div class= "highlight-on-hover">‚úì</div>
                    <div class="relative-pos">
                    </div>
                  </td>
                  <td class="failed not-optional highlight-on-hover text-center">
                    <div class= "highlight-on-hover">‚ùå</div>
                    <div class="relative-pos">
                      <details class="err hide">
                        <summary>Expected no result from verifier: expected Response { status: 200, statusText: &#x27;OK&#x27;, headers: Headers { date: &#x27;Sun, 05 Jan 2025 05:11:18 GMT&#x27;, &#x27;content-type&#x27;: &#x27;text/html; charset&#x3D;utf-8&#x27;, &#x27;transfer-encoding&#x27;: &#x27;chunked&#x27;, connection: &#x27;keep-alive&#x27;, &#x27;cache-control&#x27;: &#x27;no-cache,no-store&#x27;, expires: &#x27;-1&#x27;, pragma: &#x27;no-cache&#x27;, &#x27;x-envoy-upstream-service-time&#x27;: &#x27;18&#x27;, &#x27;cf-cache-status&#x27;: &#x27;DYNAMIC&#x27;, &#x27;report-to&#x27;: &#x27;{&quot;endpoints&quot;:[{&quot;url&quot;:&quot;https:\\/\\/a.nel.cloudflare.com\\/report\\/v4?s&#x3D;Ym%2F876y0oksM8iZD6EPNN%2F%2BfSfe8%2BJXBrOEKsfjt85u0nk68LDW0%2FEr5xPJdQY0LmvCrPFq36%2Fc%2BbRaPEledyTZFnoXrrJBynzJHCBz%2BES4fSKtvy96Vl8EJBvanr6EPh8pudbccKRMwNJfd88yx&quot;}],&quot;group&quot;:&quot;cf-nel&quot;,&quot;max_age&quot;:604800}&#x27;, nel: &#x27;{&quot;success_fraction&quot;:0,&quot;report_to&quot;:&quot;cf-nel&quot;,&quot;max_age&quot;:604800}&#x27;, server: &#x27;cloudflare&#x27;, &#x27;cf-ray&#x27;: &#x27;8fd0f7829b75fa21-ORD&#x27;, &#x27;content-encoding&#x27;: &#x27;br&#x27;, &#x27;server-timing&#x27;: &#x27;cfL4;desc&#x3D;&quot;?proto&#x3D;TCP&amp;rtt&#x3D;2915&amp;min_rtt&#x3D;1808&amp;rtt_var&#x3D;1243&amp;sent&#x3D;64&amp;recv&#x3D;38&amp;lost&#x3D;0&amp;retrans&#x3D;0&amp;sent_bytes&#x3D;46643&amp;recv_bytes&#x3D;19997&amp;delivery_rate&#x3D;1574421&amp;cwnd&#x3D;257&amp;unsent_bytes&#x3D;0&amp;cid&#x3D;86901cd48417d354&amp;ts&#x3D;1110&amp;x&#x3D;0&quot;&#x27;, Authorization: &#x27;** SANITIZED TO PREVENT EXPOSING OF SECRETS ***&#x27; }, body: null, bodyUsed: false, ok: true, redirected: false, type: &#x27;default&#x27;, url: &#x27;&#x27; } to not exist</summary>
                        <pre>AssertionError: Expected no result from verifier: expected Response { status: 200, statusText: &#x27;OK&#x27;, headers: Headers { date: &#x27;Sun, 05 Jan 2025 05:11:18 GMT&#x27;, &#x27;content-type&#x27;: &#x27;text/html; charset&#x3D;utf-8&#x27;, &#x27;transfer-encoding&#x27;: &#x27;chunked&#x27;, connection: &#x27;keep-alive&#x27;, &#x27;cache-control&#x27;: &#x27;no-cache,no-store&#x27;, expires: &#x27;-1&#x27;, pragma: &#x27;no-cache&#x27;, &#x27;x-envoy-upstream-service-time&#x27;: &#x27;18&#x27;, &#x27;cf-cache-status&#x27;: &#x27;DYNAMIC&#x27;, &#x27;report-to&#x27;: &#x27;{&quot;endpoints&quot;:[{&quot;url&quot;:&quot;https:\\/\\/a.nel.cloudflare.com\\/report\\/v4?s&#x3D;Ym%2F876y0oksM8iZD6EPNN%2F%2BfSfe8%2BJXBrOEKsfjt85u0nk68LDW0%2FEr5xPJdQY0LmvCrPFq36%2Fc%2BbRaPEledyTZFnoXrrJBynzJHCBz%2BES4fSKtvy96Vl8EJBvanr6EPh8pudbccKRMwNJfd88yx&quot;}],&quot;group&quot;:&quot;cf-nel&quot;,&quot;max_age&quot;:604800}&#x27;, nel: &#x27;{&quot;success_fraction&quot;:0,&quot;report_to&quot;:&quot;cf-nel&quot;,&quot;max_age&quot;:604800}&#x27;, server: &#x27;cloudflare&#x27;, &#x27;cf-ray&#x27;: &#x27;8fd0f7829b75fa21-ORD&#x27;, &#x27;content-encoding&#x27;: &#x27;br&#x27;, &#x27;server-timing&#x27;: &#x27;cfL4;desc&#x3D;&quot;?proto&#x3D;TCP&amp;rtt&#x3D;2915&amp;min_rtt&#x3D;1808&amp;rtt_var&#x3D;1243&amp;sent&#x3D;64&amp;recv&#x3D;38&amp;lost&#x3D;0&amp;retrans&#x3D;0&amp;sent_bytes&#x3D;46643&amp;recv_bytes&#x3D;19997&amp;delivery_rate&#x3D;1574421&amp;cwnd&#x3D;257&amp;unsent_bytes&#x3D;0&amp;cid&#x3D;86901cd48417d354&amp;ts&#x3D;1110&amp;x&#x3D;0&quot;&#x27;, Authorization: &#x27;** SANITIZED TO PREVENT EXPOSING OF SECRETS ***&#x27; }, body: null, bodyUsed: false, ok: true, redirected: false, type: &#x27;default&#x27;, url: &#x27;&#x27; } to not exist
                        at should.not.exist (node_modules/chai/lib/chai/interface/should.js:208:38)
                        at testBadRequestError (file:///home/runner/work/vc-api-verifier-test-suite/vc-api-verifier-test-suite/tests/helpers.js:12:14)
                        at Context.&lt;anonymous&gt; (file:///home/runner/work/vc-api-verifier-test-suite/vc-api-verifier-test-suite/tests/10-vc-di.js:256:13)
                        at process.processTicksAndRejections (node:internal/process/task_queues:95:5)</pre>
                      </details>
                    </div>
                  </td>
              </tr>
              <tr class="confirmed">
                <!--This is the name of the test-->
                <td class="subtest">
                    MUST not verify if &quot;proof&quot; is not an object.
                </td>
                <!--These contain if the test passed, failed, or was skipped-->
                  <td class="failed not-optional highlight-on-hover text-center">
                    <div class= "highlight-on-hover">‚ùå</div>
                    <div class="relative-pos">
                      <details class="err hide">
                        <summary>Expected status code 400 or 422.: expected 500 to be one of [ 400, 422 ]</summary>
                        <pre>AssertionError: Expected status code 400 or 422.: expected 500 to be one of [ 400, 422 ]
                        at testBadRequestError (file:///home/runner/work/vc-api-verifier-test-suite/vc-api-verifier-test-suite/tests/helpers.js:15:26)
                        at Context.&lt;anonymous&gt; (file:///home/runner/work/vc-api-verifier-test-suite/vc-api-verifier-test-suite/tests/10-vc-di.js:270:11)
                        at process.processTicksAndRejections (node:internal/process/task_queues:95:5)</pre>
                      </details>
                    </div>
                  </td>
                  <td class="failed not-optional highlight-on-hover text-center">
                    <div class= "highlight-on-hover">‚ùå</div>
                    <div class="relative-pos">
                      <details class="err hide">
                        <summary>Expected status code 400 or 422.: expected 404 to be one of [ 400, 422 ]</summary>
                        <pre>AssertionError: Expected status code 400 or 422.: expected 404 to be one of [ 400, 422 ]
                        at testBadRequestError (file:///home/runner/work/vc-api-verifier-test-suite/vc-api-verifier-test-suite/tests/helpers.js:15:26)
                        at Context.&lt;anonymous&gt; (file:///home/runner/work/vc-api-verifier-test-suite/vc-api-verifier-test-suite/tests/10-vc-di.js:270:11)
                        at process.processTicksAndRejections (node:internal/process/task_queues:95:5)</pre>
                      </details>
                    </div>
                  </td>
                  <td class="passed not-optional highlight-on-hover text-center">
                    <div class= "highlight-on-hover">‚úì</div>
                    <div class="relative-pos">
                    </div>
                  </td>
                  <td class="passed not-optional highlight-on-hover text-center">
                    <div class= "highlight-on-hover">‚úì</div>
                    <div class="relative-pos">
                    </div>
                  </td>
                  <td class="passed not-optional highlight-on-hover text-center">
                    <div class= "highlight-on-hover">‚úì</div>
                    <div class="relative-pos">
                    </div>
                  </td>
                  <td class="passed not-optional highlight-on-hover text-center">
                    <div class= "highlight-on-hover">‚úì</div>
                    <div class="relative-pos">
                    </div>
                  </td>
                  <td class="passed not-optional highlight-on-hover text-center">
                    <div class= "highlight-on-hover">‚úì</div>
                    <div class="relative-pos">
                    </div>
                  </td>
                  <td class="passed not-optional highlight-on-hover text-center">
                    <div class= "highlight-on-hover">‚úì</div>
                    <div class="relative-pos">
                    </div>
                  </td>
                  <td class="failed not-optional highlight-on-hover text-center">
                    <div class= "highlight-on-hover">‚ùå</div>
                    <div class="relative-pos">
                      <details class="err hide">
                        <summary>Request failed with status code 403 Forbidden</summary>
                        <pre>HTTPError: Request failed with status code 403 Forbidden
                        at fn (file:///home/runner/work/vc-api-verifier-test-suite/vc-api-verifier-test-suite/node_modules/ky/distribution/core/Ky.js:28:29)
                        at process.processTicksAndRejections (node:internal/process/task_queues:95:5)
                        at async _handleResponse (file:///home/runner/work/vc-api-verifier-test-suite/vc-api-verifier-test-suite/node_modules/@digitalbazaar/http-client/lib/httpClient.js:101:16)
                        at async makeHttpsRequest (file:///home/runner/work/vc-api-verifier-test-suite/vc-api-verifier-test-suite/node_modules/vc-test-suite-implementations/lib/requests.js:46:14)
                        at async _requestAccessToken (file:///home/runner/work/vc-api-verifier-test-suite/vc-api-verifier-test-suite/node_modules/vc-test-suite-implementations/lib/oauth2.js:94:41)
                        at async _getNewAccessToken (file:///home/runner/work/vc-api-verifier-test-suite/vc-api-verifier-test-suite/node_modules/vc-test-suite-implementations/lib/oauth2.js:78:9)
                        at async constructOAuthHeader (file:///home/runner/work/vc-api-verifier-test-suite/vc-api-verifier-test-suite/node_modules/vc-test-suite-implementations/lib/oauth2.js:24:25)
                        at async makeHttpsRequest (file:///home/runner/work/vc-api-verifier-test-suite/vc-api-verifier-test-suite/node_modules/vc-test-suite-implementations/lib/requests.js:43:29)
                        at async Context.&lt;anonymous&gt; (file:///home/runner/work/vc-api-verifier-test-suite/vc-api-verifier-test-suite/tests/10-vc-di.js:269:35)</pre>
                      </details>
                    </div>
                  </td>
                  <td class="passed not-optional highlight-on-hover text-center">
                    <div class= "highlight-on-hover">‚úì</div>
                    <div class="relative-pos">
                    </div>
                  </td>
                  <td class="failed not-optional highlight-on-hover text-center">
                    <div class= "highlight-on-hover">‚ùå</div>
                    <div class="relative-pos">
                      <details class="err hide">
                        <summary>Expected an HTTP error response code: expected undefined to exist</summary>
                        <pre>AssertionError: Expected an HTTP error response code: expected undefined to exist
                        at should.exist (node_modules/chai/lib/chai/interface/should.js:144:34)
                        at testBadRequestError (file:///home/runner/work/vc-api-verifier-test-suite/vc-api-verifier-test-suite/tests/helpers.js:14:10)
                        at Context.&lt;anonymous&gt; (file:///home/runner/work/vc-api-verifier-test-suite/vc-api-verifier-test-suite/tests/10-vc-di.js:270:11)
                        at process.processTicksAndRejections (node:internal/process/task_queues:95:5)</pre>
                      </details>
                    </div>
                  </td>
                  <td class="passed not-optional highlight-on-hover text-center">
                    <div class= "highlight-on-hover">‚úì</div>
                    <div class="relative-pos">
                    </div>
                  </td>
                  <td class="passed not-optional highlight-on-hover text-center">
                    <div class= "highlight-on-hover">‚úì</div>
                    <div class="relative-pos">
                    </div>
                  </td>
                  <td class="failed not-optional highlight-on-hover text-center">
                    <div class= "highlight-on-hover">‚ùå</div>
                    <div class="relative-pos">
                      <details class="err hide">
                        <summary>Expected no result from verifier: expected Response { status: 200, statusText: &#x27;OK&#x27;, headers: Headers { date: &#x27;Sun, 05 Jan 2025 05:11:18 GMT&#x27;, &#x27;content-type&#x27;: &#x27;text/html; charset&#x3D;utf-8&#x27;, &#x27;transfer-encoding&#x27;: &#x27;chunked&#x27;, connection: &#x27;keep-alive&#x27;, &#x27;cache-control&#x27;: &#x27;no-cache,no-store&#x27;, expires: &#x27;-1&#x27;, pragma: &#x27;no-cache&#x27;, &#x27;x-envoy-upstream-service-time&#x27;: &#x27;8&#x27;, &#x27;cf-cache-status&#x27;: &#x27;DYNAMIC&#x27;, &#x27;report-to&#x27;: &#x27;{&quot;endpoints&quot;:[{&quot;url&quot;:&quot;https:\\/\\/a.nel.cloudflare.com\\/report\\/v4?s&#x3D;sFcpTILhMCk1T%2B1hocIv2dDJbKtEWhjjPjky3rDkhEFLqoO3beElHrvLNl2newPiAvL5QUIDbde%2F7BRR%2F9n9u99UwrheqLgEOMfssjxhfBs95C0Cs%2BinvbexpU0q%2BSEbjAtyBtGAtAErviZLF6kA&quot;}],&quot;group&quot;:&quot;cf-nel&quot;,&quot;max_age&quot;:604800}&#x27;, nel: &#x27;{&quot;success_fraction&quot;:0,&quot;report_to&quot;:&quot;cf-nel&quot;,&quot;max_age&quot;:604800}&#x27;, server: &#x27;cloudflare&#x27;, &#x27;cf-ray&#x27;: &#x27;8fd0f782fc7afa21-ORD&#x27;, &#x27;content-encoding&#x27;: &#x27;br&#x27;, &#x27;server-timing&#x27;: &#x27;cfL4;desc&#x3D;&quot;?proto&#x3D;TCP&amp;rtt&#x3D;2972&amp;min_rtt&#x3D;1808&amp;rtt_var&#x3D;1250&amp;sent&#x3D;68&amp;recv&#x3D;40&amp;lost&#x3D;0&amp;retrans&#x3D;0&amp;sent_bytes&#x3D;49363&amp;recv_bytes&#x3D;20906&amp;delivery_rate&#x3D;1574421&amp;cwnd&#x3D;257&amp;unsent_bytes&#x3D;0&amp;cid&#x3D;86901cd48417d354&amp;ts&#x3D;1154&amp;x&#x3D;0&quot;&#x27;, Authorization: &#x27;** SANITIZED TO PREVENT EXPOSING OF SECRETS ***&#x27; }, body: null, bodyUsed: false, ok: true, redirected: false, type: &#x27;default&#x27;, url: &#x27;&#x27; } to not exist</summary>
                        <pre>AssertionError: Expected no result from verifier: expected Response { status: 200, statusText: &#x27;OK&#x27;, headers: Headers { date: &#x27;Sun, 05 Jan 2025 05:11:18 GMT&#x27;, &#x27;content-type&#x27;: &#x27;text/html; charset&#x3D;utf-8&#x27;, &#x27;transfer-encoding&#x27;: &#x27;chunked&#x27;, connection: &#x27;keep-alive&#x27;, &#x27;cache-control&#x27;: &#x27;no-cache,no-store&#x27;, expires: &#x27;-1&#x27;, pragma: &#x27;no-cache&#x27;, &#x27;x-envoy-upstream-service-time&#x27;: &#x27;8&#x27;, &#x27;cf-cache-status&#x27;: &#x27;DYNAMIC&#x27;, &#x27;report-to&#x27;: &#x27;{&quot;endpoints&quot;:[{&quot;url&quot;:&quot;https:\\/\\/a.nel.cloudflare.com\\/report\\/v4?s&#x3D;sFcpTILhMCk1T%2B1hocIv2dDJbKtEWhjjPjky3rDkhEFLqoO3beElHrvLNl2newPiAvL5QUIDbde%2F7BRR%2F9n9u99UwrheqLgEOMfssjxhfBs95C0Cs%2BinvbexpU0q%2BSEbjAtyBtGAtAErviZLF6kA&quot;}],&quot;group&quot;:&quot;cf-nel&quot;,&quot;max_age&quot;:604800}&#x27;, nel: &#x27;{&quot;success_fraction&quot;:0,&quot;report_to&quot;:&quot;cf-nel&quot;,&quot;max_age&quot;:604800}&#x27;, server: &#x27;cloudflare&#x27;, &#x27;cf-ray&#x27;: &#x27;8fd0f782fc7afa21-ORD&#x27;, &#x27;content-encoding&#x27;: &#x27;br&#x27;, &#x27;server-timing&#x27;: &#x27;cfL4;desc&#x3D;&quot;?proto&#x3D;TCP&amp;rtt&#x3D;2972&amp;min_rtt&#x3D;1808&amp;rtt_var&#x3D;1250&amp;sent&#x3D;68&amp;recv&#x3D;40&amp;lost&#x3D;0&amp;retrans&#x3D;0&amp;sent_bytes&#x3D;49363&amp;recv_bytes&#x3D;20906&amp;delivery_rate&#x3D;1574421&amp;cwnd&#x3D;257&amp;unsent_bytes&#x3D;0&amp;cid&#x3D;86901cd48417d354&amp;ts&#x3D;1154&amp;x&#x3D;0&quot;&#x27;, Authorization: &#x27;** SANITIZED TO PREVENT EXPOSING OF SECRETS ***&#x27; }, body: null, bodyUsed: false, ok: true, redirected: false, type: &#x27;default&#x27;, url: &#x27;&#x27; } to not exist
                        at should.not.exist (node_modules/chai/lib/chai/interface/should.js:208:38)
                        at testBadRequestError (file:///home/runner/work/vc-api-verifier-test-suite/vc-api-verifier-test-suite/tests/helpers.js:12:14)
                        at Context.&lt;anonymous&gt; (file:///home/runner/work/vc-api-verifier-test-suite/vc-api-verifier-test-suite/tests/10-vc-di.js:270:11)
                        at process.processTicksAndRejections (node:internal/process/task_queues:95:5)</pre>
                      </details>
                    </div>
                  </td>
              </tr>
            </tbody>
            </table>
          </div>
          <div>
            <div class="flex-center">
              <div class="row">
              </div>
              <div class="">
              </div>
            </div>
          </div>
        </section>
        <section class="informative" id="Verify Credential - JWT">
          <h2>Verify Credential - JWT</h2>
          <div class="row">
            <table class="simple">
              <thead>
                <th width="20%">
                  <div class="text-right small-font">
                  Verifier &#8658;
                  </div>
                  <div class="text-left small-font">
                  <span>&#8659;</span><span>Test Name</span>
                  </div>
                </th>
                    <th class="no-wrap small-font text-center">SpruceID</th>
                    <th class="no-wrap small-font text-center">Trential</th>
                </thead>
              <tbody>
              <tr class="confirmed">
                <!--This is the name of the test-->
                <td class="subtest">
                    MUST verify a valid VC.
                </td>
                <!--These contain if the test passed, failed, or was skipped-->
                  <td class="passed not-optional highlight-on-hover text-center">
                    <div class= "highlight-on-hover">‚úì</div>
                    <div class="relative-pos">
                    </div>
                  </td>
                  <td class="passed not-optional highlight-on-hover text-center">
                    <div class= "highlight-on-hover">‚úì</div>
                    <div class="relative-pos">
                    </div>
                  </td>
              </tr>
              <tr class="confirmed">
                <!--This is the name of the test-->
                <td class="subtest">
                    MUST not verify if &quot;@context&quot; property is missing.
                </td>
                <!--These contain if the test passed, failed, or was skipped-->
                  <td class="passed not-optional highlight-on-hover text-center">
                    <div class= "highlight-on-hover">‚úì</div>
                    <div class="relative-pos">
                    </div>
                  </td>
                  <td class="passed not-optional highlight-on-hover text-center">
                    <div class= "highlight-on-hover">‚úì</div>
                    <div class="relative-pos">
                    </div>
                  </td>
              </tr>
              <tr class="confirmed">
                <!--This is the name of the test-->
                <td class="subtest">
                    MUST not verify if &quot;type&quot; property is missing.
                </td>
                <!--These contain if the test passed, failed, or was skipped-->
                  <td class="passed not-optional highlight-on-hover text-center">
                    <div class= "highlight-on-hover">‚úì</div>
                    <div class="relative-pos">
                    </div>
                  </td>
                  <td class="passed not-optional highlight-on-hover text-center">
                    <div class= "highlight-on-hover">‚úì</div>
                    <div class="relative-pos">
                    </div>
                  </td>
              </tr>
              <tr class="confirmed">
                <!--This is the name of the test-->
                <td class="subtest">
                    MUST not verify if &quot;issuer&quot; property is missing.
                </td>
                <!--These contain if the test passed, failed, or was skipped-->
                  <td class="passed not-optional highlight-on-hover text-center">
                    <div class= "highlight-on-hover">‚úì</div>
                    <div class="relative-pos">
                    </div>
                  </td>
                  <td class="passed not-optional highlight-on-hover text-center">
                    <div class= "highlight-on-hover">‚úì</div>
                    <div class="relative-pos">
                    </div>
                  </td>
              </tr>
              <tr class="confirmed">
                <!--This is the name of the test-->
                <td class="subtest">
                    MUST not verify if &quot;credentialSubject&quot; property is missing.
                </td>
                <!--These contain if the test passed, failed, or was skipped-->
                  <td class="passed not-optional highlight-on-hover text-center">
                    <div class= "highlight-on-hover">‚úì</div>
                    <div class="relative-pos">
                    </div>
                  </td>
                  <td class="passed not-optional highlight-on-hover text-center">
                    <div class= "highlight-on-hover">‚úì</div>
                    <div class="relative-pos">
                    </div>
                  </td>
              </tr>
              <tr class="confirmed">
                <!--This is the name of the test-->
                <td class="subtest">
                    MUST not verify if &quot;proof&quot; property is missing.
                </td>
                <!--These contain if the test passed, failed, or was skipped-->
                  <td class="passed not-optional highlight-on-hover text-center">
                    <div class= "highlight-on-hover">‚úì</div>
                    <div class="relative-pos">
                    </div>
                  </td>
                  <td class="passed not-optional highlight-on-hover text-center">
                    <div class= "highlight-on-hover">‚úì</div>
                    <div class="relative-pos">
                    </div>
                  </td>
              </tr>
              <tr class="confirmed">
                <!--This is the name of the test-->
                <td class="subtest">
                    MUST not verify if &quot;proof.type&quot; property is missing.
                </td>
                <!--These contain if the test passed, failed, or was skipped-->
                  <td class="passed not-optional highlight-on-hover text-center">
                    <div class= "highlight-on-hover">‚úì</div>
                    <div class="relative-pos">
                    </div>
                  </td>
                  <td class="passed not-optional highlight-on-hover text-center">
                    <div class= "highlight-on-hover">‚úì</div>
                    <div class="relative-pos">
                    </div>
                  </td>
              </tr>
              <tr class="at-risk">
                <!--This is the name of the test-->
                <td class="subtest">
                    MUST not verify if &quot;proof.created&quot; property is missing.
                </td>
                <!--These contain if the test passed, failed, or was skipped-->
                  <td class="failed not-optional highlight-on-hover text-center">
                    <div class= "highlight-on-hover">‚ùå</div>
                    <div class="relative-pos">
                      <details class="err hide">
                        <summary>Expected no result from verifier: expected Response { status: 200, statusText: &#x27;OK&#x27;, headers: Headers { date: &#x27;Sun, 05 Jan 2025 05:11:19 GMT&#x27;, &#x27;content-type&#x27;: &#x27;application/json&#x27;, &#x27;content-length&#x27;: &#x27;46&#x27;, connection: &#x27;keep-alive&#x27;, &#x27;cf-cache-status&#x27;: &#x27;DYNAMIC&#x27;, server: &#x27;cloudflare&#x27;, &#x27;cf-ray&#x27;: &#x27;8fd0f78799d7aca6-ORD&#x27;, Authorization: &#x27;** SANITIZED TO PREVENT EXPOSING OF SECRETS ***&#x27; }, body: ReadableStream { locked: false, state: &#x27;readable&#x27;, supportsBYOB: true }, bodyUsed: false, ok: true, redirected: false, type: &#x27;default&#x27;, url: &#x27;&#x27; } to not exist</summary>
                        <pre>AssertionError: Expected no result from verifier: expected Response { status: 200, statusText: &#x27;OK&#x27;, headers: Headers { date: &#x27;Sun, 05 Jan 2025 05:11:19 GMT&#x27;, &#x27;content-type&#x27;: &#x27;application/json&#x27;, &#x27;content-length&#x27;: &#x27;46&#x27;, connection: &#x27;keep-alive&#x27;, &#x27;cf-cache-status&#x27;: &#x27;DYNAMIC&#x27;, server: &#x27;cloudflare&#x27;, &#x27;cf-ray&#x27;: &#x27;8fd0f78799d7aca6-ORD&#x27;, Authorization: &#x27;** SANITIZED TO PREVENT EXPOSING OF SECRETS ***&#x27; }, body: ReadableStream { locked: false, state: &#x27;readable&#x27;, supportsBYOB: true }, bodyUsed: false, ok: true, redirected: false, type: &#x27;default&#x27;, url: &#x27;&#x27; } to not exist
                        at should.not.exist (node_modules/chai/lib/chai/interface/should.js:208:38)
                        at testBadRequestError (file:///home/runner/work/vc-api-verifier-test-suite/vc-api-verifier-test-suite/tests/helpers.js:12:14)
                        at Context.&lt;anonymous&gt; (file:///home/runner/work/vc-api-verifier-test-suite/vc-api-verifier-test-suite/tests/11-vc-jwt.js:141:11)
                        at process.processTicksAndRejections (node:internal/process/task_queues:95:5)</pre>
                      </details>
                    </div>
                  </td>
                  <td class="failed not-optional highlight-on-hover text-center">
                    <div class= "highlight-on-hover">‚ùå</div>
                    <div class="relative-pos">
                      <details class="err hide">
                        <summary>Expected no result from verifier: expected Response { status: 200, statusText: &#x27;OK&#x27;, headers: Headers { &#x27;access-control-allow-headers&#x27;: &#x27;*&#x27;, &#x27;access-control-allow-methods&#x27;: &#x27;*&#x27;, &#x27;access-control-allow-origin&#x27;: &#x27;*&#x27;, &#x27;access-control-expose-headers&#x27;: &#x27;*&#x27;, &#x27;access-control-max-age&#x27;: &#x27;5&#x27;, &#x27;content-length&#x27;: &#x27;17&#x27;, &#x27;content-type&#x27;: &#x27;application/json; charset&#x3D;utf-8&#x27;, date: &#x27;Sun, 05 Jan 2025 05:11:26 GMT&#x27;, etag: &#x27;W/&quot;11-z5EWd6k6y6k0MQWTeNizVwP8d3Y&quot;&#x27;, server: &#x27;envoy&#x27;, &#x27;x-envoy-upstream-service-time&#x27;: &#x27;1444&#x27;, &#x27;x-powered-by&#x27;: &#x27;Express&#x27;, Authorization: &#x27;** SANITIZED TO PREVENT EXPOSING OF SECRETS ***&#x27; }, body: ReadableStream { locked: false, state: &#x27;readable&#x27;, supportsBYOB: true }, bodyUsed: false, ok: true, redirected: false, type: &#x27;default&#x27;, url: &#x27;&#x27; } to not exist</summary>
                        <pre>AssertionError: Expected no result from verifier: expected Response { status: 200, statusText: &#x27;OK&#x27;, headers: Headers { &#x27;access-control-allow-headers&#x27;: &#x27;*&#x27;, &#x27;access-control-allow-methods&#x27;: &#x27;*&#x27;, &#x27;access-control-allow-origin&#x27;: &#x27;*&#x27;, &#x27;access-control-expose-headers&#x27;: &#x27;*&#x27;, &#x27;access-control-max-age&#x27;: &#x27;5&#x27;, &#x27;content-length&#x27;: &#x27;17&#x27;, &#x27;content-type&#x27;: &#x27;application/json; charset&#x3D;utf-8&#x27;, date: &#x27;Sun, 05 Jan 2025 05:11:26 GMT&#x27;, etag: &#x27;W/&quot;11-z5EWd6k6y6k0MQWTeNizVwP8d3Y&quot;&#x27;, server: &#x27;envoy&#x27;, &#x27;x-envoy-upstream-service-time&#x27;: &#x27;1444&#x27;, &#x27;x-powered-by&#x27;: &#x27;Express&#x27;, Authorization: &#x27;** SANITIZED TO PREVENT EXPOSING OF SECRETS ***&#x27; }, body: ReadableStream { locked: false, state: &#x27;readable&#x27;, supportsBYOB: true }, bodyUsed: false, ok: true, redirected: false, type: &#x27;default&#x27;, url: &#x27;&#x27; } to not exist
                        at should.not.exist (node_modules/chai/lib/chai/interface/should.js:208:38)
                        at testBadRequestError (file:///home/runner/work/vc-api-verifier-test-suite/vc-api-verifier-test-suite/tests/helpers.js:12:14)
                        at Context.&lt;anonymous&gt; (file:///home/runner/work/vc-api-verifier-test-suite/vc-api-verifier-test-suite/tests/11-vc-jwt.js:141:11)
                        at process.processTicksAndRejections (node:internal/process/task_queues:95:5)</pre>
                      </details>
                    </div>
                  </td>
              </tr>
              <tr class="confirmed">
                <!--This is the name of the test-->
                <td class="subtest">
                    MUST not verify if &quot;proof.verificationMethod&quot; property is missing.
                </td>
                <!--These contain if the test passed, failed, or was skipped-->
                  <td class="passed not-optional highlight-on-hover text-center">
                    <div class= "highlight-on-hover">‚úì</div>
                    <div class="relative-pos">
                    </div>
                  </td>
                  <td class="passed not-optional highlight-on-hover text-center">
                    <div class= "highlight-on-hover">‚úì</div>
                    <div class="relative-pos">
                    </div>
                  </td>
              </tr>
              <tr class="confirmed">
                <!--This is the name of the test-->
                <td class="subtest">
                    MUST not verify if &quot;proof.proofValue&quot; property is missing.
                </td>
                <!--These contain if the test passed, failed, or was skipped-->
                  <td class="passed not-optional highlight-on-hover text-center">
                    <div class= "highlight-on-hover">‚úì</div>
                    <div class="relative-pos">
                    </div>
                  </td>
                  <td class="passed not-optional highlight-on-hover text-center">
                    <div class= "highlight-on-hover">‚úì</div>
                    <div class="relative-pos">
                    </div>
                  </td>
              </tr>
              <tr class="confirmed">
                <!--This is the name of the test-->
                <td class="subtest">
                    MUST not verify if &quot;proof.proofPurpose&quot; property is missing.
                </td>
                <!--These contain if the test passed, failed, or was skipped-->
                  <td class="passed not-optional highlight-on-hover text-center">
                    <div class= "highlight-on-hover">‚úì</div>
                    <div class="relative-pos">
                    </div>
                  </td>
                  <td class="passed not-optional highlight-on-hover text-center">
                    <div class= "highlight-on-hover">‚úì</div>
                    <div class="relative-pos">
                    </div>
                  </td>
              </tr>
              <tr class="confirmed">
                <!--This is the name of the test-->
                <td class="subtest">
                    MUST not verify if &quot;@context&quot; is not an array.
                </td>
                <!--These contain if the test passed, failed, or was skipped-->
                  <td class="passed not-optional highlight-on-hover text-center">
                    <div class= "highlight-on-hover">‚úì</div>
                    <div class="relative-pos">
                    </div>
                  </td>
                  <td class="passed not-optional highlight-on-hover text-center">
                    <div class= "highlight-on-hover">‚úì</div>
                    <div class="relative-pos">
                    </div>
                  </td>
              </tr>
              <tr class="confirmed">
                <!--This is the name of the test-->
                <td class="subtest">
                    MUST not verify if &quot;@context&quot; items are not strings or objects.
                </td>
                <!--These contain if the test passed, failed, or was skipped-->
                  <td class="passed not-optional highlight-on-hover text-center">
                    <div class= "highlight-on-hover">‚úì</div>
                    <div class="relative-pos">
                    </div>
                  </td>
                  <td class="passed not-optional highlight-on-hover text-center">
                    <div class= "highlight-on-hover">‚úì</div>
                    <div class="relative-pos">
                    </div>
                  </td>
              </tr>
              <tr class="confirmed">
                <!--This is the name of the test-->
                <td class="subtest">
                    MUST not verify if &quot;type&quot; is not an array.
                </td>
                <!--These contain if the test passed, failed, or was skipped-->
                  <td class="passed not-optional highlight-on-hover text-center">
                    <div class= "highlight-on-hover">‚úì</div>
                    <div class="relative-pos">
                    </div>
                  </td>
                  <td class="passed not-optional highlight-on-hover text-center">
                    <div class= "highlight-on-hover">‚úì</div>
                    <div class="relative-pos">
                    </div>
                  </td>
              </tr>
              <tr class="confirmed">
                <!--This is the name of the test-->
                <td class="subtest">
                    MUST not verify if &quot;type&quot; items are not strings.
                </td>
                <!--These contain if the test passed, failed, or was skipped-->
                  <td class="passed not-optional highlight-on-hover text-center">
                    <div class= "highlight-on-hover">‚úì</div>
                    <div class="relative-pos">
                    </div>
                  </td>
                  <td class="passed not-optional highlight-on-hover text-center">
                    <div class= "highlight-on-hover">‚úì</div>
                    <div class="relative-pos">
                    </div>
                  </td>
              </tr>
              <tr class="confirmed">
                <!--This is the name of the test-->
                <td class="subtest">
                    MUST not verify if &quot;issuer&quot; is not an object or a string.
                </td>
                <!--These contain if the test passed, failed, or was skipped-->
                  <td class="passed not-optional highlight-on-hover text-center">
                    <div class= "highlight-on-hover">‚úì</div>
                    <div class="relative-pos">
                    </div>
                  </td>
                  <td class="passed not-optional highlight-on-hover text-center">
                    <div class= "highlight-on-hover">‚úì</div>
                    <div class="relative-pos">
                    </div>
                  </td>
              </tr>
              <tr class="confirmed">
                <!--This is the name of the test-->
                <td class="subtest">
                    MUST not verify if &quot;credentialSubject&quot; is not an object.
                </td>
                <!--These contain if the test passed, failed, or was skipped-->
                  <td class="passed not-optional highlight-on-hover text-center">
                    <div class= "highlight-on-hover">‚úì</div>
                    <div class="relative-pos">
                    </div>
                  </td>
                  <td class="passed not-optional highlight-on-hover text-center">
                    <div class= "highlight-on-hover">‚úì</div>
                    <div class="relative-pos">
                    </div>
                  </td>
              </tr>
              <tr class="confirmed">
                <!--This is the name of the test-->
                <td class="subtest">
                    MUST not verify if &quot;proof&quot; is not an object.
                </td>
                <!--These contain if the test passed, failed, or was skipped-->
                  <td class="passed not-optional highlight-on-hover text-center">
                    <div class= "highlight-on-hover">‚úì</div>
                    <div class="relative-pos">
                    </div>
                  </td>
                  <td class="passed not-optional highlight-on-hover text-center">
                    <div class= "highlight-on-hover">‚úì</div>
                    <div class="relative-pos">
                    </div>
                  </td>
              </tr>
            </tbody>
            </table>
          </div>
          <div>
            <div class="flex-center">
              <div class="row">
              </div>
              <div class="">
              </div>
            </div>
          </div>
        </section>
        <section class="informative" id="Verify Presentation - Data Integrity">
          <h2>Verify Presentation - Data Integrity</h2>
          <div class="row">
            <table class="simple">
              <thead>
                <th width="20%">
                  <div class="text-right small-font">
                   &#8658;
                  </div>
                  <div class="text-left small-font">
                  <span>&#8659;</span><span></span>
                  </div>
                </th>
                </thead>
              <tbody>
            </tbody>
            </table>
          </div>
          <div>
            <div class="flex-center">
              <div class="row">
              </div>
              <div class="">
              </div>
            </div>
          </div>
        </section>
        <section class="informative" id="Verify Presentation - JWT">
          <h2>Verify Presentation - JWT</h2>
          <div class="row">
            <table class="simple">
              <thead>
                <th width="20%">
                  <div class="text-right small-font">
                   &#8658;
                  </div>
                  <div class="text-left small-font">
                  <span>&#8659;</span><span></span>
                  </div>
                </th>
                </thead>
              <tbody>
            </tbody>
            </table>
          </div>
          <div>
            <div class="flex-center">
              <div class="row">
              </div>
              <div class="">
              </div>
            </div>
          </div>
        </section>
        <section class="informative" id="At Risk">
          <h2>At Risk</h2>
          <div class="row">
            <table class="simple">
              <thead>
                <th width="20%">
                  <div class="text-right small-font">
                  Reason &#8658;
                  </div>
                  <div class="text-left small-font">
                  <span>&#8659;</span><span>Statement</span>
                  </div>
                </th>
                    <th class="no-wrap small-font text-center">At least 2 passing implementations</th>
                </thead>
              <tbody>
              <tr class="at-risk">
                <!--This is the name of the test-->
                <td class="subtest">
                    MUST not verify if &quot;proof.created&quot; property is missing.
                </td>
                <!--These contain if the test passed, failed, or was skipped-->
                  <td class="failed not-optional highlight-on-hover text-center">
                    <div class= "highlight-on-hover">‚ùå</div>
                    <div class="relative-pos">
                    </div>
                  </td>
              </tr>
            </tbody>
            </table>
          </div>
          <div>
            <div class="flex-center">
              <div class="row">
              </div>
              <div class="">
              </div>
            </div>
          </div>
        </section>
    </section>
  </body>
</html>
